CRITICAL - 2022-04-14 01:49:19 --> Undefined variable: totalResponden
#0 C:\Users\Yusuf Bagus SH\Documents\GitLab\BellaPunya\survey\app\Views\Dashboard\Home.php(40): CodeIgniter\Debug\Exceptions->errorHandler(8, 'Undefined varia...', 'C:\\Users\\Yusuf ...', 40, Array)
#1 C:\Users\Yusuf Bagus SH\Documents\GitLab\BellaPunya\survey\vendor\codeigniter4\framework\system\View\View.php(210): include('C:\\Users\\Yusuf ...')
#2 C:\Users\Yusuf Bagus SH\Documents\GitLab\BellaPunya\survey\vendor\codeigniter4\framework\system\View\View.php(213): CodeIgniter\View\View->CodeIgniter\View\{closure}()
#3 C:\Users\Yusuf Bagus SH\Documents\GitLab\BellaPunya\survey\vendor\codeigniter4\framework\system\Common.php(1089): CodeIgniter\View\View->render('Dashboard/Home', Array, true)
#4 C:\Users\Yusuf Bagus SH\Documents\GitLab\BellaPunya\survey\app\Controllers\Home.php(9): view('Dashboard/Home')
#5 C:\Users\Yusuf Bagus SH\Documents\GitLab\BellaPunya\survey\vendor\codeigniter4\framework\system\CodeIgniter.php(832): App\Controllers\Home->index()
#6 C:\Users\Yusuf Bagus SH\Documents\GitLab\BellaPunya\survey\vendor\codeigniter4\framework\system\CodeIgniter.php(419): CodeIgniter\CodeIgniter->runController(Object(App\Controllers\Home))
#7 C:\Users\Yusuf Bagus SH\Documents\GitLab\BellaPunya\survey\vendor\codeigniter4\framework\system\CodeIgniter.php(326): CodeIgniter\CodeIgniter->handleRequest(NULL, Object(Config\Cache), false)
#8 C:\Users\Yusuf Bagus SH\Documents\GitLab\BellaPunya\survey\public\index.php(37): CodeIgniter\CodeIgniter->run()
#9 C:\Users\Yusuf Bagus SH\Documents\GitLab\BellaPunya\survey\vendor\codeigniter4\framework\system\Commands\Server\rewrite.php(43): require_once('C:\\Users\\Yusuf ...')
#10 {main}
CRITICAL - 2022-04-14 01:49:20 --> Undefined variable: totalResponden
#0 C:\Users\Yusuf Bagus SH\Documents\GitLab\BellaPunya\survey\app\Views\Dashboard\Home.php(40): CodeIgniter\Debug\Exceptions->errorHandler(8, 'Undefined varia...', 'C:\\Users\\Yusuf ...', 40, Array)
#1 C:\Users\Yusuf Bagus SH\Documents\GitLab\BellaPunya\survey\vendor\codeigniter4\framework\system\View\View.php(210): include('C:\\Users\\Yusuf ...')
#2 C:\Users\Yusuf Bagus SH\Documents\GitLab\BellaPunya\survey\vendor\codeigniter4\framework\system\View\View.php(213): CodeIgniter\View\View->CodeIgniter\View\{closure}()
#3 C:\Users\Yusuf Bagus SH\Documents\GitLab\BellaPunya\survey\vendor\codeigniter4\framework\system\Common.php(1089): CodeIgniter\View\View->render('Dashboard/Home', Array, true)
#4 C:\Users\Yusuf Bagus SH\Documents\GitLab\BellaPunya\survey\app\Controllers\Home.php(9): view('Dashboard/Home')
#5 C:\Users\Yusuf Bagus SH\Documents\GitLab\BellaPunya\survey\vendor\codeigniter4\framework\system\CodeIgniter.php(832): App\Controllers\Home->index()
#6 C:\Users\Yusuf Bagus SH\Documents\GitLab\BellaPunya\survey\vendor\codeigniter4\framework\system\CodeIgniter.php(419): CodeIgniter\CodeIgniter->runController(Object(App\Controllers\Home))
#7 C:\Users\Yusuf Bagus SH\Documents\GitLab\BellaPunya\survey\vendor\codeigniter4\framework\system\CodeIgniter.php(326): CodeIgniter\CodeIgniter->handleRequest(NULL, Object(Config\Cache), false)
#8 C:\Users\Yusuf Bagus SH\Documents\GitLab\BellaPunya\survey\public\index.php(37): CodeIgniter\CodeIgniter->run()
#9 C:\Users\Yusuf Bagus SH\Documents\GitLab\BellaPunya\survey\vendor\codeigniter4\framework\system\Commands\Server\rewrite.php(43): require_once('C:\\Users\\Yusuf ...')
#10 {main}
