CRITICAL - 2022-05-15 20:42:59 --> Undefined index: berita_judul
#0 C:\Users\Yusuf Bagus SH\Documents\GitLab\Proyek404\survey\app\Views\Responden\BeritaResponden.php(116): CodeIgniter\Debug\Exceptions->errorHandler(8, 'Undefined index...', 'C:\\Users\\Yusuf ...', 116, Array)
#1 C:\Users\Yusuf Bagus SH\Documents\GitLab\Proyek404\survey\vendor\codeigniter4\framework\system\View\View.php(210): include('C:\\Users\\Yusuf ...')
#2 C:\Users\Yusuf Bagus SH\Documents\GitLab\Proyek404\survey\vendor\codeigniter4\framework\system\View\View.php(213): CodeIgniter\View\View->CodeIgniter\View\{closure}()
#3 C:\Users\Yusuf Bagus SH\Documents\GitLab\Proyek404\survey\vendor\codeigniter4\framework\system\Common.php(1089): CodeIgniter\View\View->render('Responden/Berit...', Array, true)
#4 C:\Users\Yusuf Bagus SH\Documents\GitLab\Proyek404\survey\app\Controllers\Responden.php(373): view('Responden/Berit...', Array)
#5 C:\Users\Yusuf Bagus SH\Documents\GitLab\Proyek404\survey\vendor\codeigniter4\framework\system\CodeIgniter.php(832): App\Controllers\Responden->berita()
#6 C:\Users\Yusuf Bagus SH\Documents\GitLab\Proyek404\survey\vendor\codeigniter4\framework\system\CodeIgniter.php(419): CodeIgniter\CodeIgniter->runController(Object(App\Controllers\Responden))
#7 C:\Users\Yusuf Bagus SH\Documents\GitLab\Proyek404\survey\vendor\codeigniter4\framework\system\CodeIgniter.php(326): CodeIgniter\CodeIgniter->handleRequest(NULL, Object(Config\Cache), false)
#8 C:\Users\Yusuf Bagus SH\Documents\GitLab\Proyek404\survey\public\index.php(37): CodeIgniter\CodeIgniter->run()
#9 C:\Users\Yusuf Bagus SH\Documents\GitLab\Proyek404\survey\vendor\codeigniter4\framework\system\Commands\Server\rewrite.php(43): require_once('C:\\Users\\Yusuf ...')
#10 {main}
CRITICAL - 2022-05-15 20:49:00 --> Undefined index: berita_gambar
#0 C:\Users\Yusuf Bagus SH\Documents\GitLab\Proyek404\survey\app\Views\Responden\BeritaResponden.php(196): CodeIgniter\Debug\Exceptions->errorHandler(8, 'Undefined index...', 'C:\\Users\\Yusuf ...', 196, Array)
#1 C:\Users\Yusuf Bagus SH\Documents\GitLab\Proyek404\survey\vendor\codeigniter4\framework\system\View\View.php(210): include('C:\\Users\\Yusuf ...')
#2 C:\Users\Yusuf Bagus SH\Documents\GitLab\Proyek404\survey\vendor\codeigniter4\framework\system\View\View.php(213): CodeIgniter\View\View->CodeIgniter\View\{closure}()
#3 C:\Users\Yusuf Bagus SH\Documents\GitLab\Proyek404\survey\vendor\codeigniter4\framework\system\Common.php(1089): CodeIgniter\View\View->render('Responden/Berit...', Array, true)
#4 C:\Users\Yusuf Bagus SH\Documents\GitLab\Proyek404\survey\app\Controllers\Responden.php(373): view('Responden/Berit...', Array)
#5 C:\Users\Yusuf Bagus SH\Documents\GitLab\Proyek404\survey\vendor\codeigniter4\framework\system\CodeIgniter.php(832): App\Controllers\Responden->berita()
#6 C:\Users\Yusuf Bagus SH\Documents\GitLab\Proyek404\survey\vendor\codeigniter4\framework\system\CodeIgniter.php(419): CodeIgniter\CodeIgniter->runController(Object(App\Controllers\Responden))
#7 C:\Users\Yusuf Bagus SH\Documents\GitLab\Proyek404\survey\vendor\codeigniter4\framework\system\CodeIgniter.php(326): CodeIgniter\CodeIgniter->handleRequest(NULL, Object(Config\Cache), false)
#8 C:\Users\Yusuf Bagus SH\Documents\GitLab\Proyek404\survey\public\index.php(37): CodeIgniter\CodeIgniter->run()
#9 C:\Users\Yusuf Bagus SH\Documents\GitLab\Proyek404\survey\vendor\codeigniter4\framework\system\Commands\Server\rewrite.php(43): require_once('C:\\Users\\Yusuf ...')
#10 {main}
CRITICAL - 2022-05-15 20:49:55 --> Undefined index: berita_gambar
#0 C:\Users\Yusuf Bagus SH\Documents\GitLab\Proyek404\survey\app\Views\Responden\BeritaResponden.php(196): CodeIgniter\Debug\Exceptions->errorHandler(8, 'Undefined index...', 'C:\\Users\\Yusuf ...', 196, Array)
#1 C:\Users\Yusuf Bagus SH\Documents\GitLab\Proyek404\survey\vendor\codeigniter4\framework\system\View\View.php(210): include('C:\\Users\\Yusuf ...')
#2 C:\Users\Yusuf Bagus SH\Documents\GitLab\Proyek404\survey\vendor\codeigniter4\framework\system\View\View.php(213): CodeIgniter\View\View->CodeIgniter\View\{closure}()
#3 C:\Users\Yusuf Bagus SH\Documents\GitLab\Proyek404\survey\vendor\codeigniter4\framework\system\Common.php(1089): CodeIgniter\View\View->render('Responden/Berit...', Array, true)
#4 C:\Users\Yusuf Bagus SH\Documents\GitLab\Proyek404\survey\app\Controllers\Responden.php(373): view('Responden/Berit...', Array)
#5 C:\Users\Yusuf Bagus SH\Documents\GitLab\Proyek404\survey\vendor\codeigniter4\framework\system\CodeIgniter.php(832): App\Controllers\Responden->berita()
#6 C:\Users\Yusuf Bagus SH\Documents\GitLab\Proyek404\survey\vendor\codeigniter4\framework\system\CodeIgniter.php(419): CodeIgniter\CodeIgniter->runController(Object(App\Controllers\Responden))
#7 C:\Users\Yusuf Bagus SH\Documents\GitLab\Proyek404\survey\vendor\codeigniter4\framework\system\CodeIgniter.php(326): CodeIgniter\CodeIgniter->handleRequest(NULL, Object(Config\Cache), false)
#8 C:\Users\Yusuf Bagus SH\Documents\GitLab\Proyek404\survey\public\index.php(37): CodeIgniter\CodeIgniter->run()
#9 C:\Users\Yusuf Bagus SH\Documents\GitLab\Proyek404\survey\vendor\codeigniter4\framework\system\Commands\Server\rewrite.php(43): require_once('C:\\Users\\Yusuf ...')
#10 {main}
CRITICAL - 2022-05-15 20:50:52 --> Undefined index: berita_gambar
#0 C:\Users\Yusuf Bagus SH\Documents\GitLab\Proyek404\survey\app\Views\Responden\BeritaResponden.php(196): CodeIgniter\Debug\Exceptions->errorHandler(8, 'Undefined index...', 'C:\\Users\\Yusuf ...', 196, Array)
#1 C:\Users\Yusuf Bagus SH\Documents\GitLab\Proyek404\survey\vendor\codeigniter4\framework\system\View\View.php(210): include('C:\\Users\\Yusuf ...')
#2 C:\Users\Yusuf Bagus SH\Documents\GitLab\Proyek404\survey\vendor\codeigniter4\framework\system\View\View.php(213): CodeIgniter\View\View->CodeIgniter\View\{closure}()
#3 C:\Users\Yusuf Bagus SH\Documents\GitLab\Proyek404\survey\vendor\codeigniter4\framework\system\Common.php(1089): CodeIgniter\View\View->render('Responden/Berit...', Array, true)
#4 C:\Users\Yusuf Bagus SH\Documents\GitLab\Proyek404\survey\app\Controllers\Responden.php(373): view('Responden/Berit...', Array)
#5 C:\Users\Yusuf Bagus SH\Documents\GitLab\Proyek404\survey\vendor\codeigniter4\framework\system\CodeIgniter.php(832): App\Controllers\Responden->berita()
#6 C:\Users\Yusuf Bagus SH\Documents\GitLab\Proyek404\survey\vendor\codeigniter4\framework\system\CodeIgniter.php(419): CodeIgniter\CodeIgniter->runController(Object(App\Controllers\Responden))
#7 C:\Users\Yusuf Bagus SH\Documents\GitLab\Proyek404\survey\vendor\codeigniter4\framework\system\CodeIgniter.php(326): CodeIgniter\CodeIgniter->handleRequest(NULL, Object(Config\Cache), false)
#8 C:\Users\Yusuf Bagus SH\Documents\GitLab\Proyek404\survey\public\index.php(37): CodeIgniter\CodeIgniter->run()
#9 C:\Users\Yusuf Bagus SH\Documents\GitLab\Proyek404\survey\vendor\codeigniter4\framework\system\Commands\Server\rewrite.php(43): require_once('C:\\Users\\Yusuf ...')
#10 {main}
CRITICAL - 2022-05-15 20:51:19 --> Undefined index: berita_gambar
#0 C:\Users\Yusuf Bagus SH\Documents\GitLab\Proyek404\survey\app\Views\Responden\BeritaResponden.php(197): CodeIgniter\Debug\Exceptions->errorHandler(8, 'Undefined index...', 'C:\\Users\\Yusuf ...', 197, Array)
#1 C:\Users\Yusuf Bagus SH\Documents\GitLab\Proyek404\survey\vendor\codeigniter4\framework\system\View\View.php(210): include('C:\\Users\\Yusuf ...')
#2 C:\Users\Yusuf Bagus SH\Documents\GitLab\Proyek404\survey\vendor\codeigniter4\framework\system\View\View.php(213): CodeIgniter\View\View->CodeIgniter\View\{closure}()
#3 C:\Users\Yusuf Bagus SH\Documents\GitLab\Proyek404\survey\vendor\codeigniter4\framework\system\Common.php(1089): CodeIgniter\View\View->render('Responden/Berit...', Array, true)
#4 C:\Users\Yusuf Bagus SH\Documents\GitLab\Proyek404\survey\app\Controllers\Responden.php(373): view('Responden/Berit...', Array)
#5 C:\Users\Yusuf Bagus SH\Documents\GitLab\Proyek404\survey\vendor\codeigniter4\framework\system\CodeIgniter.php(832): App\Controllers\Responden->berita()
#6 C:\Users\Yusuf Bagus SH\Documents\GitLab\Proyek404\survey\vendor\codeigniter4\framework\system\CodeIgniter.php(419): CodeIgniter\CodeIgniter->runController(Object(App\Controllers\Responden))
#7 C:\Users\Yusuf Bagus SH\Documents\GitLab\Proyek404\survey\vendor\codeigniter4\framework\system\CodeIgniter.php(326): CodeIgniter\CodeIgniter->handleRequest(NULL, Object(Config\Cache), false)
#8 C:\Users\Yusuf Bagus SH\Documents\GitLab\Proyek404\survey\public\index.php(37): CodeIgniter\CodeIgniter->run()
#9 C:\Users\Yusuf Bagus SH\Documents\GitLab\Proyek404\survey\vendor\codeigniter4\framework\system\Commands\Server\rewrite.php(43): require_once('C:\\Users\\Yusuf ...')
#10 {main}
CRITICAL - 2022-05-15 20:51:50 --> Undefined index: berita_judul
#0 C:\Users\Yusuf Bagus SH\Documents\GitLab\Proyek404\survey\app\Views\Responden\BeritaResponden.php(210): CodeIgniter\Debug\Exceptions->errorHandler(8, 'Undefined index...', 'C:\\Users\\Yusuf ...', 210, Array)
#1 C:\Users\Yusuf Bagus SH\Documents\GitLab\Proyek404\survey\vendor\codeigniter4\framework\system\View\View.php(210): include('C:\\Users\\Yusuf ...')
#2 C:\Users\Yusuf Bagus SH\Documents\GitLab\Proyek404\survey\vendor\codeigniter4\framework\system\View\View.php(213): CodeIgniter\View\View->CodeIgniter\View\{closure}()
#3 C:\Users\Yusuf Bagus SH\Documents\GitLab\Proyek404\survey\vendor\codeigniter4\framework\system\Common.php(1089): CodeIgniter\View\View->render('Responden/Berit...', Array, true)
#4 C:\Users\Yusuf Bagus SH\Documents\GitLab\Proyek404\survey\app\Controllers\Responden.php(373): view('Responden/Berit...', Array)
#5 C:\Users\Yusuf Bagus SH\Documents\GitLab\Proyek404\survey\vendor\codeigniter4\framework\system\CodeIgniter.php(832): App\Controllers\Responden->berita()
#6 C:\Users\Yusuf Bagus SH\Documents\GitLab\Proyek404\survey\vendor\codeigniter4\framework\system\CodeIgniter.php(419): CodeIgniter\CodeIgniter->runController(Object(App\Controllers\Responden))
#7 C:\Users\Yusuf Bagus SH\Documents\GitLab\Proyek404\survey\vendor\codeigniter4\framework\system\CodeIgniter.php(326): CodeIgniter\CodeIgniter->handleRequest(NULL, Object(Config\Cache), false)
#8 C:\Users\Yusuf Bagus SH\Documents\GitLab\Proyek404\survey\public\index.php(37): CodeIgniter\CodeIgniter->run()
#9 C:\Users\Yusuf Bagus SH\Documents\GitLab\Proyek404\survey\vendor\codeigniter4\framework\system\Commands\Server\rewrite.php(43): require_once('C:\\Users\\Yusuf ...')
#10 {main}
CRITICAL - 2022-05-15 20:54:15 --> Undefined index: berita_gambar
#0 C:\Users\Yusuf Bagus SH\Documents\GitLab\Proyek404\survey\app\Views\Responden\BeritaResponden.php(196): CodeIgniter\Debug\Exceptions->errorHandler(8, 'Undefined index...', 'C:\\Users\\Yusuf ...', 196, Array)
#1 C:\Users\Yusuf Bagus SH\Documents\GitLab\Proyek404\survey\vendor\codeigniter4\framework\system\View\View.php(210): include('C:\\Users\\Yusuf ...')
#2 C:\Users\Yusuf Bagus SH\Documents\GitLab\Proyek404\survey\vendor\codeigniter4\framework\system\View\View.php(213): CodeIgniter\View\View->CodeIgniter\View\{closure}()
#3 C:\Users\Yusuf Bagus SH\Documents\GitLab\Proyek404\survey\vendor\codeigniter4\framework\system\Common.php(1089): CodeIgniter\View\View->render('Responden/Berit...', Array, true)
#4 C:\Users\Yusuf Bagus SH\Documents\GitLab\Proyek404\survey\app\Controllers\Responden.php(373): view('Responden/Berit...', Array)
#5 C:\Users\Yusuf Bagus SH\Documents\GitLab\Proyek404\survey\vendor\codeigniter4\framework\system\CodeIgniter.php(832): App\Controllers\Responden->berita()
#6 C:\Users\Yusuf Bagus SH\Documents\GitLab\Proyek404\survey\vendor\codeigniter4\framework\system\CodeIgniter.php(419): CodeIgniter\CodeIgniter->runController(Object(App\Controllers\Responden))
#7 C:\Users\Yusuf Bagus SH\Documents\GitLab\Proyek404\survey\vendor\codeigniter4\framework\system\CodeIgniter.php(326): CodeIgniter\CodeIgniter->handleRequest(NULL, Object(Config\Cache), false)
#8 C:\Users\Yusuf Bagus SH\Documents\GitLab\Proyek404\survey\public\index.php(37): CodeIgniter\CodeIgniter->run()
#9 C:\Users\Yusuf Bagus SH\Documents\GitLab\Proyek404\survey\vendor\codeigniter4\framework\system\Commands\Server\rewrite.php(43): require_once('C:\\Users\\Yusuf ...')
#10 {main}
CRITICAL - 2022-05-15 21:04:23 --> Undefined index: berita_gambar
#0 C:\Users\Yusuf Bagus SH\Documents\GitLab\Proyek404\survey\app\Views\Responden\BeritaResponden.php(196): CodeIgniter\Debug\Exceptions->errorHandler(8, 'Undefined index...', 'C:\\Users\\Yusuf ...', 196, Array)
#1 C:\Users\Yusuf Bagus SH\Documents\GitLab\Proyek404\survey\vendor\codeigniter4\framework\system\View\View.php(210): include('C:\\Users\\Yusuf ...')
#2 C:\Users\Yusuf Bagus SH\Documents\GitLab\Proyek404\survey\vendor\codeigniter4\framework\system\View\View.php(213): CodeIgniter\View\View->CodeIgniter\View\{closure}()
#3 C:\Users\Yusuf Bagus SH\Documents\GitLab\Proyek404\survey\vendor\codeigniter4\framework\system\Common.php(1089): CodeIgniter\View\View->render('Responden/Berit...', Array, true)
#4 C:\Users\Yusuf Bagus SH\Documents\GitLab\Proyek404\survey\app\Controllers\Responden.php(373): view('Responden/Berit...', Array)
#5 C:\Users\Yusuf Bagus SH\Documents\GitLab\Proyek404\survey\vendor\codeigniter4\framework\system\CodeIgniter.php(832): App\Controllers\Responden->berita()
#6 C:\Users\Yusuf Bagus SH\Documents\GitLab\Proyek404\survey\vendor\codeigniter4\framework\system\CodeIgniter.php(419): CodeIgniter\CodeIgniter->runController(Object(App\Controllers\Responden))
#7 C:\Users\Yusuf Bagus SH\Documents\GitLab\Proyek404\survey\vendor\codeigniter4\framework\system\CodeIgniter.php(326): CodeIgniter\CodeIgniter->handleRequest(NULL, Object(Config\Cache), false)
#8 C:\Users\Yusuf Bagus SH\Documents\GitLab\Proyek404\survey\public\index.php(37): CodeIgniter\CodeIgniter->run()
#9 C:\Users\Yusuf Bagus SH\Documents\GitLab\Proyek404\survey\vendor\codeigniter4\framework\system\Commands\Server\rewrite.php(43): require_once('C:\\Users\\Yusuf ...')
#10 {main}
CRITICAL - 2022-05-15 21:06:12 --> Undefined variable: berita
#0 C:\Users\Yusuf Bagus SH\Documents\GitLab\Proyek404\survey\app\Views\Responden\BeritaResponden.php(190): CodeIgniter\Debug\Exceptions->errorHandler(8, 'Undefined varia...', 'C:\\Users\\Yusuf ...', 190, Array)
#1 C:\Users\Yusuf Bagus SH\Documents\GitLab\Proyek404\survey\vendor\codeigniter4\framework\system\View\View.php(210): include('C:\\Users\\Yusuf ...')
#2 C:\Users\Yusuf Bagus SH\Documents\GitLab\Proyek404\survey\vendor\codeigniter4\framework\system\View\View.php(213): CodeIgniter\View\View->CodeIgniter\View\{closure}()
#3 C:\Users\Yusuf Bagus SH\Documents\GitLab\Proyek404\survey\vendor\codeigniter4\framework\system\Common.php(1089): CodeIgniter\View\View->render('Responden/Berit...', Array, true)
#4 C:\Users\Yusuf Bagus SH\Documents\GitLab\Proyek404\survey\app\Controllers\Responden.php(373): view('Responden/Berit...', Array)
#5 C:\Users\Yusuf Bagus SH\Documents\GitLab\Proyek404\survey\vendor\codeigniter4\framework\system\CodeIgniter.php(832): App\Controllers\Responden->berita()
#6 C:\Users\Yusuf Bagus SH\Documents\GitLab\Proyek404\survey\vendor\codeigniter4\framework\system\CodeIgniter.php(419): CodeIgniter\CodeIgniter->runController(Object(App\Controllers\Responden))
#7 C:\Users\Yusuf Bagus SH\Documents\GitLab\Proyek404\survey\vendor\codeigniter4\framework\system\CodeIgniter.php(326): CodeIgniter\CodeIgniter->handleRequest(NULL, Object(Config\Cache), false)
#8 C:\Users\Yusuf Bagus SH\Documents\GitLab\Proyek404\survey\public\index.php(37): CodeIgniter\CodeIgniter->run()
#9 C:\Users\Yusuf Bagus SH\Documents\GitLab\Proyek404\survey\vendor\codeigniter4\framework\system\Commands\Server\rewrite.php(43): require_once('C:\\Users\\Yusuf ...')
#10 {main}
