CRITICAL - 2022-05-30 21:36:11 --> Undefined variable: pager
#0 C:\Users\Yusuf Bagus SH\Documents\GitLab\Proyek404\survey\app\Views\Survey\DetailSurvey.php(271): CodeIgniter\Debug\Exceptions->errorHandler(8, 'Undefined varia...', 'C:\\Users\\Yusuf ...', 271, Array)
#1 C:\Users\Yusuf Bagus SH\Documents\GitLab\Proyek404\survey\vendor\codeigniter4\framework\system\View\View.php(210): include('C:\\Users\\Yusuf ...')
#2 C:\Users\Yusuf Bagus SH\Documents\GitLab\Proyek404\survey\vendor\codeigniter4\framework\system\View\View.php(213): CodeIgniter\View\View->CodeIgniter\View\{closure}()
#3 C:\Users\Yusuf Bagus SH\Documents\GitLab\Proyek404\survey\vendor\codeigniter4\framework\system\Common.php(1089): CodeIgniter\View\View->render('Survey/DetailSu...', Array, true)
#4 C:\Users\Yusuf Bagus SH\Documents\GitLab\Proyek404\survey\app\Controllers\Survey.php(102): view('Survey/DetailSu...', Array)
#5 C:\Users\Yusuf Bagus SH\Documents\GitLab\Proyek404\survey\vendor\codeigniter4\framework\system\CodeIgniter.php(832): App\Controllers\Survey->detailsuper('1', '001')
#6 C:\Users\Yusuf Bagus SH\Documents\GitLab\Proyek404\survey\vendor\codeigniter4\framework\system\CodeIgniter.php(419): CodeIgniter\CodeIgniter->runController(Object(App\Controllers\Survey))
#7 C:\Users\Yusuf Bagus SH\Documents\GitLab\Proyek404\survey\vendor\codeigniter4\framework\system\CodeIgniter.php(326): CodeIgniter\CodeIgniter->handleRequest(NULL, Object(Config\Cache), false)
#8 C:\Users\Yusuf Bagus SH\Documents\GitLab\Proyek404\survey\public\index.php(37): CodeIgniter\CodeIgniter->run()
#9 C:\Users\Yusuf Bagus SH\Documents\GitLab\Proyek404\survey\vendor\codeigniter4\framework\system\Commands\Server\rewrite.php(43): require_once('C:\\Users\\Yusuf ...')
#10 {main}
CRITICAL - 2022-05-30 21:37:29 --> Too few arguments to function App\Controllers\Survey::detailsuper(), 0 passed in C:\Users\Yusuf Bagus SH\Documents\GitLab\Proyek404\survey\vendor\codeigniter4\framework\system\CodeIgniter.php on line 832 and at least 2 expected
#0 C:\Users\Yusuf Bagus SH\Documents\GitLab\Proyek404\survey\vendor\codeigniter4\framework\system\CodeIgniter.php(832): App\Controllers\Survey->detailsuper()
#1 C:\Users\Yusuf Bagus SH\Documents\GitLab\Proyek404\survey\vendor\codeigniter4\framework\system\CodeIgniter.php(419): CodeIgniter\CodeIgniter->runController(Object(App\Controllers\Survey))
#2 C:\Users\Yusuf Bagus SH\Documents\GitLab\Proyek404\survey\vendor\codeigniter4\framework\system\CodeIgniter.php(326): CodeIgniter\CodeIgniter->handleRequest(NULL, Object(Config\Cache), false)
#3 C:\Users\Yusuf Bagus SH\Documents\GitLab\Proyek404\survey\public\index.php(37): CodeIgniter\CodeIgniter->run()
#4 C:\Users\Yusuf Bagus SH\Documents\GitLab\Proyek404\survey\vendor\codeigniter4\framework\system\Commands\Server\rewrite.php(43): require_once('C:\\Users\\Yusuf ...')
#5 {main}
CRITICAL - 2022-05-30 21:37:45 --> Too few arguments to function App\Controllers\Survey::detailsuper(), 0 passed in C:\Users\Yusuf Bagus SH\Documents\GitLab\Proyek404\survey\vendor\codeigniter4\framework\system\CodeIgniter.php on line 832 and at least 2 expected
#0 C:\Users\Yusuf Bagus SH\Documents\GitLab\Proyek404\survey\vendor\codeigniter4\framework\system\CodeIgniter.php(832): App\Controllers\Survey->detailsuper()
#1 C:\Users\Yusuf Bagus SH\Documents\GitLab\Proyek404\survey\vendor\codeigniter4\framework\system\CodeIgniter.php(419): CodeIgniter\CodeIgniter->runController(Object(App\Controllers\Survey))
#2 C:\Users\Yusuf Bagus SH\Documents\GitLab\Proyek404\survey\vendor\codeigniter4\framework\system\CodeIgniter.php(326): CodeIgniter\CodeIgniter->handleRequest(NULL, Object(Config\Cache), false)
#3 C:\Users\Yusuf Bagus SH\Documents\GitLab\Proyek404\survey\public\index.php(37): CodeIgniter\CodeIgniter->run()
#4 C:\Users\Yusuf Bagus SH\Documents\GitLab\Proyek404\survey\vendor\codeigniter4\framework\system\Commands\Server\rewrite.php(43): require_once('C:\\Users\\Yusuf ...')
#5 {main}
CRITICAL - 2022-05-30 21:50:17 --> Too few arguments to function App\Controllers\Survey::detailsuper(), 0 passed in C:\Users\Yusuf Bagus SH\Documents\GitLab\Proyek404\survey\vendor\codeigniter4\framework\system\CodeIgniter.php on line 832 and at least 2 expected
#0 C:\Users\Yusuf Bagus SH\Documents\GitLab\Proyek404\survey\vendor\codeigniter4\framework\system\CodeIgniter.php(832): App\Controllers\Survey->detailsuper()
#1 C:\Users\Yusuf Bagus SH\Documents\GitLab\Proyek404\survey\vendor\codeigniter4\framework\system\CodeIgniter.php(419): CodeIgniter\CodeIgniter->runController(Object(App\Controllers\Survey))
#2 C:\Users\Yusuf Bagus SH\Documents\GitLab\Proyek404\survey\vendor\codeigniter4\framework\system\CodeIgniter.php(326): CodeIgniter\CodeIgniter->handleRequest(NULL, Object(Config\Cache), false)
#3 C:\Users\Yusuf Bagus SH\Documents\GitLab\Proyek404\survey\public\index.php(37): CodeIgniter\CodeIgniter->run()
#4 C:\Users\Yusuf Bagus SH\Documents\GitLab\Proyek404\survey\vendor\codeigniter4\framework\system\Commands\Server\rewrite.php(43): require_once('C:\\Users\\Yusuf ...')
#5 {main}
CRITICAL - 2022-05-30 21:50:19 --> Too few arguments to function App\Controllers\Pertanyaan::detailsuper(), 1 passed in C:\Users\Yusuf Bagus SH\Documents\GitLab\Proyek404\survey\vendor\codeigniter4\framework\system\CodeIgniter.php on line 832 and exactly 3 expected
#0 C:\Users\Yusuf Bagus SH\Documents\GitLab\Proyek404\survey\vendor\codeigniter4\framework\system\CodeIgniter.php(832): App\Controllers\Pertanyaan->detailsuper('1')
#1 C:\Users\Yusuf Bagus SH\Documents\GitLab\Proyek404\survey\vendor\codeigniter4\framework\system\CodeIgniter.php(419): CodeIgniter\CodeIgniter->runController(Object(App\Controllers\Pertanyaan))
#2 C:\Users\Yusuf Bagus SH\Documents\GitLab\Proyek404\survey\vendor\codeigniter4\framework\system\CodeIgniter.php(326): CodeIgniter\CodeIgniter->handleRequest(NULL, Object(Config\Cache), false)
#3 C:\Users\Yusuf Bagus SH\Documents\GitLab\Proyek404\survey\public\index.php(37): CodeIgniter\CodeIgniter->run()
#4 C:\Users\Yusuf Bagus SH\Documents\GitLab\Proyek404\survey\vendor\codeigniter4\framework\system\Commands\Server\rewrite.php(43): require_once('C:\\Users\\Yusuf ...')
#5 {main}
CRITICAL - 2022-05-30 21:50:25 --> Too few arguments to function App\Controllers\Pertanyaan::detailsuper(), 1 passed in C:\Users\Yusuf Bagus SH\Documents\GitLab\Proyek404\survey\vendor\codeigniter4\framework\system\CodeIgniter.php on line 832 and exactly 3 expected
#0 C:\Users\Yusuf Bagus SH\Documents\GitLab\Proyek404\survey\vendor\codeigniter4\framework\system\CodeIgniter.php(832): App\Controllers\Pertanyaan->detailsuper('1')
#1 C:\Users\Yusuf Bagus SH\Documents\GitLab\Proyek404\survey\vendor\codeigniter4\framework\system\CodeIgniter.php(419): CodeIgniter\CodeIgniter->runController(Object(App\Controllers\Pertanyaan))
#2 C:\Users\Yusuf Bagus SH\Documents\GitLab\Proyek404\survey\vendor\codeigniter4\framework\system\CodeIgniter.php(326): CodeIgniter\CodeIgniter->handleRequest(NULL, Object(Config\Cache), false)
#3 C:\Users\Yusuf Bagus SH\Documents\GitLab\Proyek404\survey\public\index.php(37): CodeIgniter\CodeIgniter->run()
#4 C:\Users\Yusuf Bagus SH\Documents\GitLab\Proyek404\survey\vendor\codeigniter4\framework\system\Commands\Server\rewrite.php(43): require_once('C:\\Users\\Yusuf ...')
#5 {main}
CRITICAL - 2022-05-30 21:50:30 --> Too few arguments to function App\Controllers\PertanyaanOpsi::edit(), 1 passed in C:\Users\Yusuf Bagus SH\Documents\GitLab\Proyek404\survey\vendor\codeigniter4\framework\system\CodeIgniter.php on line 832 and exactly 3 expected
#0 C:\Users\Yusuf Bagus SH\Documents\GitLab\Proyek404\survey\vendor\codeigniter4\framework\system\CodeIgniter.php(832): App\Controllers\PertanyaanOpsi->edit('1')
#1 C:\Users\Yusuf Bagus SH\Documents\GitLab\Proyek404\survey\vendor\codeigniter4\framework\system\CodeIgniter.php(419): CodeIgniter\CodeIgniter->runController(Object(App\Controllers\PertanyaanOpsi))
#2 C:\Users\Yusuf Bagus SH\Documents\GitLab\Proyek404\survey\vendor\codeigniter4\framework\system\CodeIgniter.php(326): CodeIgniter\CodeIgniter->handleRequest(NULL, Object(Config\Cache), false)
#3 C:\Users\Yusuf Bagus SH\Documents\GitLab\Proyek404\survey\public\index.php(37): CodeIgniter\CodeIgniter->run()
#4 C:\Users\Yusuf Bagus SH\Documents\GitLab\Proyek404\survey\vendor\codeigniter4\framework\system\Commands\Server\rewrite.php(43): require_once('C:\\Users\\Yusuf ...')
#5 {main}
CRITICAL - 2022-05-30 21:50:36 --> Too few arguments to function App\Controllers\PertanyaanOpsi::edit(), 1 passed in C:\Users\Yusuf Bagus SH\Documents\GitLab\Proyek404\survey\vendor\codeigniter4\framework\system\CodeIgniter.php on line 832 and exactly 3 expected
#0 C:\Users\Yusuf Bagus SH\Documents\GitLab\Proyek404\survey\vendor\codeigniter4\framework\system\CodeIgniter.php(832): App\Controllers\PertanyaanOpsi->edit('1')
#1 C:\Users\Yusuf Bagus SH\Documents\GitLab\Proyek404\survey\vendor\codeigniter4\framework\system\CodeIgniter.php(419): CodeIgniter\CodeIgniter->runController(Object(App\Controllers\PertanyaanOpsi))
#2 C:\Users\Yusuf Bagus SH\Documents\GitLab\Proyek404\survey\vendor\codeigniter4\framework\system\CodeIgniter.php(326): CodeIgniter\CodeIgniter->handleRequest(NULL, Object(Config\Cache), false)
#3 C:\Users\Yusuf Bagus SH\Documents\GitLab\Proyek404\survey\public\index.php(37): CodeIgniter\CodeIgniter->run()
#4 C:\Users\Yusuf Bagus SH\Documents\GitLab\Proyek404\survey\vendor\codeigniter4\framework\system\Commands\Server\rewrite.php(43): require_once('C:\\Users\\Yusuf ...')
#5 {main}
CRITICAL - 2022-05-30 21:50:45 --> Too few arguments to function App\Controllers\Pertanyaan::detailsuper(), 1 passed in C:\Users\Yusuf Bagus SH\Documents\GitLab\Proyek404\survey\vendor\codeigniter4\framework\system\CodeIgniter.php on line 832 and exactly 3 expected
#0 C:\Users\Yusuf Bagus SH\Documents\GitLab\Proyek404\survey\vendor\codeigniter4\framework\system\CodeIgniter.php(832): App\Controllers\Pertanyaan->detailsuper('1')
#1 C:\Users\Yusuf Bagus SH\Documents\GitLab\Proyek404\survey\vendor\codeigniter4\framework\system\CodeIgniter.php(419): CodeIgniter\CodeIgniter->runController(Object(App\Controllers\Pertanyaan))
#2 C:\Users\Yusuf Bagus SH\Documents\GitLab\Proyek404\survey\vendor\codeigniter4\framework\system\CodeIgniter.php(326): CodeIgniter\CodeIgniter->handleRequest(NULL, Object(Config\Cache), false)
#3 C:\Users\Yusuf Bagus SH\Documents\GitLab\Proyek404\survey\public\index.php(37): CodeIgniter\CodeIgniter->run()
#4 C:\Users\Yusuf Bagus SH\Documents\GitLab\Proyek404\survey\vendor\codeigniter4\framework\system\Commands\Server\rewrite.php(43): require_once('C:\\Users\\Yusuf ...')
#5 {main}
CRITICAL - 2022-05-30 21:50:52 --> Too few arguments to function App\Controllers\PertanyaanOpsi::edit(), 1 passed in C:\Users\Yusuf Bagus SH\Documents\GitLab\Proyek404\survey\vendor\codeigniter4\framework\system\CodeIgniter.php on line 832 and exactly 3 expected
#0 C:\Users\Yusuf Bagus SH\Documents\GitLab\Proyek404\survey\vendor\codeigniter4\framework\system\CodeIgniter.php(832): App\Controllers\PertanyaanOpsi->edit('4')
#1 C:\Users\Yusuf Bagus SH\Documents\GitLab\Proyek404\survey\vendor\codeigniter4\framework\system\CodeIgniter.php(419): CodeIgniter\CodeIgniter->runController(Object(App\Controllers\PertanyaanOpsi))
#2 C:\Users\Yusuf Bagus SH\Documents\GitLab\Proyek404\survey\vendor\codeigniter4\framework\system\CodeIgniter.php(326): CodeIgniter\CodeIgniter->handleRequest(NULL, Object(Config\Cache), false)
#3 C:\Users\Yusuf Bagus SH\Documents\GitLab\Proyek404\survey\public\index.php(37): CodeIgniter\CodeIgniter->run()
#4 C:\Users\Yusuf Bagus SH\Documents\GitLab\Proyek404\survey\vendor\codeigniter4\framework\system\Commands\Server\rewrite.php(43): require_once('C:\\Users\\Yusuf ...')
#5 {main}
CRITICAL - 2022-05-30 21:50:57 --> Too few arguments to function App\Controllers\PertanyaanOpsi::edit(), 1 passed in C:\Users\Yusuf Bagus SH\Documents\GitLab\Proyek404\survey\vendor\codeigniter4\framework\system\CodeIgniter.php on line 832 and exactly 3 expected
#0 C:\Users\Yusuf Bagus SH\Documents\GitLab\Proyek404\survey\vendor\codeigniter4\framework\system\CodeIgniter.php(832): App\Controllers\PertanyaanOpsi->edit('4')
#1 C:\Users\Yusuf Bagus SH\Documents\GitLab\Proyek404\survey\vendor\codeigniter4\framework\system\CodeIgniter.php(419): CodeIgniter\CodeIgniter->runController(Object(App\Controllers\PertanyaanOpsi))
#2 C:\Users\Yusuf Bagus SH\Documents\GitLab\Proyek404\survey\vendor\codeigniter4\framework\system\CodeIgniter.php(326): CodeIgniter\CodeIgniter->handleRequest(NULL, Object(Config\Cache), false)
#3 C:\Users\Yusuf Bagus SH\Documents\GitLab\Proyek404\survey\public\index.php(37): CodeIgniter\CodeIgniter->run()
#4 C:\Users\Yusuf Bagus SH\Documents\GitLab\Proyek404\survey\vendor\codeigniter4\framework\system\Commands\Server\rewrite.php(43): require_once('C:\\Users\\Yusuf ...')
#5 {main}
CRITICAL - 2022-05-30 21:51:03 --> Too few arguments to function App\Controllers\PertanyaanOpsi::edit(), 1 passed in C:\Users\Yusuf Bagus SH\Documents\GitLab\Proyek404\survey\vendor\codeigniter4\framework\system\CodeIgniter.php on line 832 and exactly 3 expected
#0 C:\Users\Yusuf Bagus SH\Documents\GitLab\Proyek404\survey\vendor\codeigniter4\framework\system\CodeIgniter.php(832): App\Controllers\PertanyaanOpsi->edit('4')
#1 C:\Users\Yusuf Bagus SH\Documents\GitLab\Proyek404\survey\vendor\codeigniter4\framework\system\CodeIgniter.php(419): CodeIgniter\CodeIgniter->runController(Object(App\Controllers\PertanyaanOpsi))
#2 C:\Users\Yusuf Bagus SH\Documents\GitLab\Proyek404\survey\vendor\codeigniter4\framework\system\CodeIgniter.php(326): CodeIgniter\CodeIgniter->handleRequest(NULL, Object(Config\Cache), false)
#3 C:\Users\Yusuf Bagus SH\Documents\GitLab\Proyek404\survey\public\index.php(37): CodeIgniter\CodeIgniter->run()
#4 C:\Users\Yusuf Bagus SH\Documents\GitLab\Proyek404\survey\vendor\codeigniter4\framework\system\Commands\Server\rewrite.php(43): require_once('C:\\Users\\Yusuf ...')
#5 {main}
CRITICAL - 2022-05-30 21:51:06 --> Too few arguments to function App\Controllers\Pertanyaan::detailsuper(), 1 passed in C:\Users\Yusuf Bagus SH\Documents\GitLab\Proyek404\survey\vendor\codeigniter4\framework\system\CodeIgniter.php on line 832 and exactly 3 expected
#0 C:\Users\Yusuf Bagus SH\Documents\GitLab\Proyek404\survey\vendor\codeigniter4\framework\system\CodeIgniter.php(832): App\Controllers\Pertanyaan->detailsuper('1')
#1 C:\Users\Yusuf Bagus SH\Documents\GitLab\Proyek404\survey\vendor\codeigniter4\framework\system\CodeIgniter.php(419): CodeIgniter\CodeIgniter->runController(Object(App\Controllers\Pertanyaan))
#2 C:\Users\Yusuf Bagus SH\Documents\GitLab\Proyek404\survey\vendor\codeigniter4\framework\system\CodeIgniter.php(326): CodeIgniter\CodeIgniter->handleRequest(NULL, Object(Config\Cache), false)
#3 C:\Users\Yusuf Bagus SH\Documents\GitLab\Proyek404\survey\public\index.php(37): CodeIgniter\CodeIgniter->run()
#4 C:\Users\Yusuf Bagus SH\Documents\GitLab\Proyek404\survey\vendor\codeigniter4\framework\system\Commands\Server\rewrite.php(43): require_once('C:\\Users\\Yusuf ...')
#5 {main}
CRITICAL - 2022-05-30 21:51:11 --> Too few arguments to function App\Controllers\Pertanyaan::detailsuper(), 1 passed in C:\Users\Yusuf Bagus SH\Documents\GitLab\Proyek404\survey\vendor\codeigniter4\framework\system\CodeIgniter.php on line 832 and exactly 3 expected
#0 C:\Users\Yusuf Bagus SH\Documents\GitLab\Proyek404\survey\vendor\codeigniter4\framework\system\CodeIgniter.php(832): App\Controllers\Pertanyaan->detailsuper('1')
#1 C:\Users\Yusuf Bagus SH\Documents\GitLab\Proyek404\survey\vendor\codeigniter4\framework\system\CodeIgniter.php(419): CodeIgniter\CodeIgniter->runController(Object(App\Controllers\Pertanyaan))
#2 C:\Users\Yusuf Bagus SH\Documents\GitLab\Proyek404\survey\vendor\codeigniter4\framework\system\CodeIgniter.php(326): CodeIgniter\CodeIgniter->handleRequest(NULL, Object(Config\Cache), false)
#3 C:\Users\Yusuf Bagus SH\Documents\GitLab\Proyek404\survey\public\index.php(37): CodeIgniter\CodeIgniter->run()
#4 C:\Users\Yusuf Bagus SH\Documents\GitLab\Proyek404\survey\vendor\codeigniter4\framework\system\Commands\Server\rewrite.php(43): require_once('C:\\Users\\Yusuf ...')
#5 {main}
CRITICAL - 2022-05-30 21:53:37 --> Too few arguments to function App\Controllers\Pertanyaan::detailsuper(), 1 passed in C:\Users\Yusuf Bagus SH\Documents\GitLab\Proyek404\survey\vendor\codeigniter4\framework\system\CodeIgniter.php on line 832 and exactly 3 expected
#0 C:\Users\Yusuf Bagus SH\Documents\GitLab\Proyek404\survey\vendor\codeigniter4\framework\system\CodeIgniter.php(832): App\Controllers\Pertanyaan->detailsuper('1')
#1 C:\Users\Yusuf Bagus SH\Documents\GitLab\Proyek404\survey\vendor\codeigniter4\framework\system\CodeIgniter.php(419): CodeIgniter\CodeIgniter->runController(Object(App\Controllers\Pertanyaan))
#2 C:\Users\Yusuf Bagus SH\Documents\GitLab\Proyek404\survey\vendor\codeigniter4\framework\system\CodeIgniter.php(326): CodeIgniter\CodeIgniter->handleRequest(NULL, Object(Config\Cache), false)
#3 C:\Users\Yusuf Bagus SH\Documents\GitLab\Proyek404\survey\public\index.php(37): CodeIgniter\CodeIgniter->run()
#4 C:\Users\Yusuf Bagus SH\Documents\GitLab\Proyek404\survey\vendor\codeigniter4\framework\system\Commands\Server\rewrite.php(43): require_once('C:\\Users\\Yusuf ...')
#5 {main}
CRITICAL - 2022-05-30 21:53:41 --> Too few arguments to function App\Controllers\Pertanyaan::detailsuper(), 1 passed in C:\Users\Yusuf Bagus SH\Documents\GitLab\Proyek404\survey\vendor\codeigniter4\framework\system\CodeIgniter.php on line 832 and exactly 3 expected
#0 C:\Users\Yusuf Bagus SH\Documents\GitLab\Proyek404\survey\vendor\codeigniter4\framework\system\CodeIgniter.php(832): App\Controllers\Pertanyaan->detailsuper('1')
#1 C:\Users\Yusuf Bagus SH\Documents\GitLab\Proyek404\survey\vendor\codeigniter4\framework\system\CodeIgniter.php(419): CodeIgniter\CodeIgniter->runController(Object(App\Controllers\Pertanyaan))
#2 C:\Users\Yusuf Bagus SH\Documents\GitLab\Proyek404\survey\vendor\codeigniter4\framework\system\CodeIgniter.php(326): CodeIgniter\CodeIgniter->handleRequest(NULL, Object(Config\Cache), false)
#3 C:\Users\Yusuf Bagus SH\Documents\GitLab\Proyek404\survey\public\index.php(37): CodeIgniter\CodeIgniter->run()
#4 C:\Users\Yusuf Bagus SH\Documents\GitLab\Proyek404\survey\vendor\codeigniter4\framework\system\Commands\Server\rewrite.php(43): require_once('C:\\Users\\Yusuf ...')
#5 {main}
CRITICAL - 2022-05-30 21:53:46 --> Too few arguments to function App\Controllers\Pertanyaan::detailsuper(), 1 passed in C:\Users\Yusuf Bagus SH\Documents\GitLab\Proyek404\survey\vendor\codeigniter4\framework\system\CodeIgniter.php on line 832 and exactly 3 expected
#0 C:\Users\Yusuf Bagus SH\Documents\GitLab\Proyek404\survey\vendor\codeigniter4\framework\system\CodeIgniter.php(832): App\Controllers\Pertanyaan->detailsuper('1')
#1 C:\Users\Yusuf Bagus SH\Documents\GitLab\Proyek404\survey\vendor\codeigniter4\framework\system\CodeIgniter.php(419): CodeIgniter\CodeIgniter->runController(Object(App\Controllers\Pertanyaan))
#2 C:\Users\Yusuf Bagus SH\Documents\GitLab\Proyek404\survey\vendor\codeigniter4\framework\system\CodeIgniter.php(326): CodeIgniter\CodeIgniter->handleRequest(NULL, Object(Config\Cache), false)
#3 C:\Users\Yusuf Bagus SH\Documents\GitLab\Proyek404\survey\public\index.php(37): CodeIgniter\CodeIgniter->run()
#4 C:\Users\Yusuf Bagus SH\Documents\GitLab\Proyek404\survey\vendor\codeigniter4\framework\system\Commands\Server\rewrite.php(43): require_once('C:\\Users\\Yusuf ...')
#5 {main}
CRITICAL - 2022-05-30 21:53:52 --> Too few arguments to function App\Controllers\Pertanyaan::detailsuper(), 1 passed in C:\Users\Yusuf Bagus SH\Documents\GitLab\Proyek404\survey\vendor\codeigniter4\framework\system\CodeIgniter.php on line 832 and exactly 3 expected
#0 C:\Users\Yusuf Bagus SH\Documents\GitLab\Proyek404\survey\vendor\codeigniter4\framework\system\CodeIgniter.php(832): App\Controllers\Pertanyaan->detailsuper('1')
#1 C:\Users\Yusuf Bagus SH\Documents\GitLab\Proyek404\survey\vendor\codeigniter4\framework\system\CodeIgniter.php(419): CodeIgniter\CodeIgniter->runController(Object(App\Controllers\Pertanyaan))
#2 C:\Users\Yusuf Bagus SH\Documents\GitLab\Proyek404\survey\vendor\codeigniter4\framework\system\CodeIgniter.php(326): CodeIgniter\CodeIgniter->handleRequest(NULL, Object(Config\Cache), false)
#3 C:\Users\Yusuf Bagus SH\Documents\GitLab\Proyek404\survey\public\index.php(37): CodeIgniter\CodeIgniter->run()
#4 C:\Users\Yusuf Bagus SH\Documents\GitLab\Proyek404\survey\vendor\codeigniter4\framework\system\Commands\Server\rewrite.php(43): require_once('C:\\Users\\Yusuf ...')
#5 {main}
CRITICAL - 2022-05-30 21:53:56 --> Too few arguments to function App\Controllers\Pertanyaan::detailsuper(), 1 passed in C:\Users\Yusuf Bagus SH\Documents\GitLab\Proyek404\survey\vendor\codeigniter4\framework\system\CodeIgniter.php on line 832 and exactly 3 expected
#0 C:\Users\Yusuf Bagus SH\Documents\GitLab\Proyek404\survey\vendor\codeigniter4\framework\system\CodeIgniter.php(832): App\Controllers\Pertanyaan->detailsuper('1')
#1 C:\Users\Yusuf Bagus SH\Documents\GitLab\Proyek404\survey\vendor\codeigniter4\framework\system\CodeIgniter.php(419): CodeIgniter\CodeIgniter->runController(Object(App\Controllers\Pertanyaan))
#2 C:\Users\Yusuf Bagus SH\Documents\GitLab\Proyek404\survey\vendor\codeigniter4\framework\system\CodeIgniter.php(326): CodeIgniter\CodeIgniter->handleRequest(NULL, Object(Config\Cache), false)
#3 C:\Users\Yusuf Bagus SH\Documents\GitLab\Proyek404\survey\public\index.php(37): CodeIgniter\CodeIgniter->run()
#4 C:\Users\Yusuf Bagus SH\Documents\GitLab\Proyek404\survey\vendor\codeigniter4\framework\system\Commands\Server\rewrite.php(43): require_once('C:\\Users\\Yusuf ...')
#5 {main}
CRITICAL - 2022-05-30 21:54:01 --> Too few arguments to function App\Controllers\Pertanyaan::detailsuper(), 1 passed in C:\Users\Yusuf Bagus SH\Documents\GitLab\Proyek404\survey\vendor\codeigniter4\framework\system\CodeIgniter.php on line 832 and exactly 3 expected
#0 C:\Users\Yusuf Bagus SH\Documents\GitLab\Proyek404\survey\vendor\codeigniter4\framework\system\CodeIgniter.php(832): App\Controllers\Pertanyaan->detailsuper('1')
#1 C:\Users\Yusuf Bagus SH\Documents\GitLab\Proyek404\survey\vendor\codeigniter4\framework\system\CodeIgniter.php(419): CodeIgniter\CodeIgniter->runController(Object(App\Controllers\Pertanyaan))
#2 C:\Users\Yusuf Bagus SH\Documents\GitLab\Proyek404\survey\vendor\codeigniter4\framework\system\CodeIgniter.php(326): CodeIgniter\CodeIgniter->handleRequest(NULL, Object(Config\Cache), false)
#3 C:\Users\Yusuf Bagus SH\Documents\GitLab\Proyek404\survey\public\index.php(37): CodeIgniter\CodeIgniter->run()
#4 C:\Users\Yusuf Bagus SH\Documents\GitLab\Proyek404\survey\vendor\codeigniter4\framework\system\Commands\Server\rewrite.php(43): require_once('C:\\Users\\Yusuf ...')
#5 {main}
CRITICAL - 2022-05-30 22:01:50 --> Too few arguments to function App\Controllers\Berita::detail(), 0 passed in C:\Users\Yusuf Bagus SH\Documents\GitLab\Proyek404\survey\vendor\codeigniter4\framework\system\CodeIgniter.php on line 832 and at least 1 expected
#0 C:\Users\Yusuf Bagus SH\Documents\GitLab\Proyek404\survey\vendor\codeigniter4\framework\system\CodeIgniter.php(832): App\Controllers\Berita->detail()
#1 C:\Users\Yusuf Bagus SH\Documents\GitLab\Proyek404\survey\vendor\codeigniter4\framework\system\CodeIgniter.php(419): CodeIgniter\CodeIgniter->runController(Object(App\Controllers\Berita))
#2 C:\Users\Yusuf Bagus SH\Documents\GitLab\Proyek404\survey\vendor\codeigniter4\framework\system\CodeIgniter.php(326): CodeIgniter\CodeIgniter->handleRequest(NULL, Object(Config\Cache), false)
#3 C:\Users\Yusuf Bagus SH\Documents\GitLab\Proyek404\survey\public\index.php(37): CodeIgniter\CodeIgniter->run()
#4 C:\Users\Yusuf Bagus SH\Documents\GitLab\Proyek404\survey\vendor\codeigniter4\framework\system\Commands\Server\rewrite.php(43): require_once('C:\\Users\\Yusuf ...')
#5 {main}
CRITICAL - 2022-05-30 22:01:56 --> Too few arguments to function App\Controllers\Berita::detail(), 0 passed in C:\Users\Yusuf Bagus SH\Documents\GitLab\Proyek404\survey\vendor\codeigniter4\framework\system\CodeIgniter.php on line 832 and at least 1 expected
#0 C:\Users\Yusuf Bagus SH\Documents\GitLab\Proyek404\survey\vendor\codeigniter4\framework\system\CodeIgniter.php(832): App\Controllers\Berita->detail()
#1 C:\Users\Yusuf Bagus SH\Documents\GitLab\Proyek404\survey\vendor\codeigniter4\framework\system\CodeIgniter.php(419): CodeIgniter\CodeIgniter->runController(Object(App\Controllers\Berita))
#2 C:\Users\Yusuf Bagus SH\Documents\GitLab\Proyek404\survey\vendor\codeigniter4\framework\system\CodeIgniter.php(326): CodeIgniter\CodeIgniter->handleRequest(NULL, Object(Config\Cache), false)
#3 C:\Users\Yusuf Bagus SH\Documents\GitLab\Proyek404\survey\public\index.php(37): CodeIgniter\CodeIgniter->run()
#4 C:\Users\Yusuf Bagus SH\Documents\GitLab\Proyek404\survey\vendor\codeigniter4\framework\system\Commands\Server\rewrite.php(43): require_once('C:\\Users\\Yusuf ...')
#5 {main}
CRITICAL - 2022-05-30 22:04:55 --> Too few arguments to function App\Controllers\Berita::detail(), 0 passed in C:\Users\Yusuf Bagus SH\Documents\GitLab\Proyek404\survey\vendor\codeigniter4\framework\system\CodeIgniter.php on line 832 and at least 1 expected
#0 C:\Users\Yusuf Bagus SH\Documents\GitLab\Proyek404\survey\vendor\codeigniter4\framework\system\CodeIgniter.php(832): App\Controllers\Berita->detail()
#1 C:\Users\Yusuf Bagus SH\Documents\GitLab\Proyek404\survey\vendor\codeigniter4\framework\system\CodeIgniter.php(419): CodeIgniter\CodeIgniter->runController(Object(App\Controllers\Berita))
#2 C:\Users\Yusuf Bagus SH\Documents\GitLab\Proyek404\survey\vendor\codeigniter4\framework\system\CodeIgniter.php(326): CodeIgniter\CodeIgniter->handleRequest(NULL, Object(Config\Cache), false)
#3 C:\Users\Yusuf Bagus SH\Documents\GitLab\Proyek404\survey\public\index.php(37): CodeIgniter\CodeIgniter->run()
#4 C:\Users\Yusuf Bagus SH\Documents\GitLab\Proyek404\survey\vendor\codeigniter4\framework\system\Commands\Server\rewrite.php(43): require_once('C:\\Users\\Yusuf ...')
#5 {main}
