CRITICAL - 2022-04-26 01:05:00 --> unlink(img/logoopd/): Is a directory
#0 [internal function]: CodeIgniter\Debug\Exceptions->errorHandler(2, 'unlink(img/logo...', 'C:\\Users\\Yusuf ...', 334, Array)
#1 C:\Users\Yusuf Bagus SH\Documents\GitLab\Proyek404\survey\app\Controllers\OPD.php(334): unlink('img/logoopd/')
#2 C:\Users\Yusuf Bagus SH\Documents\GitLab\Proyek404\survey\vendor\codeigniter4\framework\system\CodeIgniter.php(832): App\Controllers\OPD->update('006')
#3 C:\Users\Yusuf Bagus SH\Documents\GitLab\Proyek404\survey\vendor\codeigniter4\framework\system\CodeIgniter.php(419): CodeIgniter\CodeIgniter->runController(Object(App\Controllers\OPD))
#4 C:\Users\Yusuf Bagus SH\Documents\GitLab\Proyek404\survey\vendor\codeigniter4\framework\system\CodeIgniter.php(326): CodeIgniter\CodeIgniter->handleRequest(NULL, Object(Config\Cache), false)
#5 C:\Users\Yusuf Bagus SH\Documents\GitLab\Proyek404\survey\public\index.php(37): CodeIgniter\CodeIgniter->run()
#6 C:\Users\Yusuf Bagus SH\Documents\GitLab\Proyek404\survey\vendor\codeigniter4\framework\system\Commands\Server\rewrite.php(43): require_once('C:\\Users\\Yusuf ...')
#7 {main}
CRITICAL - 2022-04-26 01:27:57 --> unlink(img/logoopd/): Is a directory
#0 [internal function]: CodeIgniter\Debug\Exceptions->errorHandler(2, 'unlink(img/logo...', 'C:\\Users\\Yusuf ...', 159, Array)
#1 C:\Users\Yusuf Bagus SH\Documents\GitLab\Proyek404\survey\app\Controllers\OPD.php(159): unlink('img/logoopd/')
#2 C:\Users\Yusuf Bagus SH\Documents\GitLab\Proyek404\survey\vendor\codeigniter4\framework\system\CodeIgniter.php(832): App\Controllers\OPD->delete('006')
#3 C:\Users\Yusuf Bagus SH\Documents\GitLab\Proyek404\survey\vendor\codeigniter4\framework\system\CodeIgniter.php(419): CodeIgniter\CodeIgniter->runController(Object(App\Controllers\OPD))
#4 C:\Users\Yusuf Bagus SH\Documents\GitLab\Proyek404\survey\vendor\codeigniter4\framework\system\CodeIgniter.php(326): CodeIgniter\CodeIgniter->handleRequest(NULL, Object(Config\Cache), false)
#5 C:\Users\Yusuf Bagus SH\Documents\GitLab\Proyek404\survey\public\index.php(37): CodeIgniter\CodeIgniter->run()
#6 C:\Users\Yusuf Bagus SH\Documents\GitLab\Proyek404\survey\vendor\codeigniter4\framework\system\Commands\Server\rewrite.php(43): require_once('C:\\Users\\Yusuf ...')
#7 {main}
CRITICAL - 2022-04-26 01:28:19 --> Trying to access array offset on value of type null
#0 C:\Users\Yusuf Bagus SH\Documents\GitLab\Proyek404\survey\app\Controllers\OPD.php(159): CodeIgniter\Debug\Exceptions->errorHandler(8, 'Trying to acces...', 'C:\\Users\\Yusuf ...', 159, Array)
#1 C:\Users\Yusuf Bagus SH\Documents\GitLab\Proyek404\survey\vendor\codeigniter4\framework\system\CodeIgniter.php(832): App\Controllers\OPD->delete('006')
#2 C:\Users\Yusuf Bagus SH\Documents\GitLab\Proyek404\survey\vendor\codeigniter4\framework\system\CodeIgniter.php(419): CodeIgniter\CodeIgniter->runController(Object(App\Controllers\OPD))
#3 C:\Users\Yusuf Bagus SH\Documents\GitLab\Proyek404\survey\vendor\codeigniter4\framework\system\CodeIgniter.php(326): CodeIgniter\CodeIgniter->handleRequest(NULL, Object(Config\Cache), false)
#4 C:\Users\Yusuf Bagus SH\Documents\GitLab\Proyek404\survey\public\index.php(37): CodeIgniter\CodeIgniter->run()
#5 C:\Users\Yusuf Bagus SH\Documents\GitLab\Proyek404\survey\vendor\codeigniter4\framework\system\Commands\Server\rewrite.php(43): require_once('C:\\Users\\Yusuf ...')
#6 {main}
ERROR - 2022-04-26 02:10:45 --> You have an error in your SQL syntax; check the manual that corresponds to your MariaDB server version for the right syntax to use near 'JOIN `tr_survey` ON `tr_survey`.`created_by`=`ms_users`.`users_nip`
WHERE `su...' at line 4
CRITICAL - 2022-04-26 02:10:45 --> You have an error in your SQL syntax; check the manual that corresponds to your MariaDB server version for the right syntax to use near 'JOIN `tr_survey` ON `tr_survey`.`created_by`=`ms_users`.`users_nip`
WHERE `su...' at line 4
#0 C:\Users\Yusuf Bagus SH\Documents\GitLab\Proyek404\survey\vendor\codeigniter4\framework\system\Database\MySQLi\Connection.php(292): mysqli->query('SELECT *\nFROM `...', 0)
#1 C:\Users\Yusuf Bagus SH\Documents\GitLab\Proyek404\survey\vendor\codeigniter4\framework\system\Database\BaseConnection.php(670): CodeIgniter\Database\MySQLi\Connection->execute('SELECT *\nFROM `...')
#2 C:\Users\Yusuf Bagus SH\Documents\GitLab\Proyek404\survey\vendor\codeigniter4\framework\system\Database\BaseConnection.php(598): CodeIgniter\Database\BaseConnection->simpleQuery('SELECT *\nFROM `...')
#3 C:\Users\Yusuf Bagus SH\Documents\GitLab\Proyek404\survey\vendor\codeigniter4\framework\system\Database\BaseBuilder.php(1455): CodeIgniter\Database\BaseConnection->query('SELECT *\nFROM `...', Array, false)
#4 C:\Users\Yusuf Bagus SH\Documents\GitLab\Proyek404\survey\vendor\codeigniter4\framework\system\Model.php(728): CodeIgniter\Database\BaseBuilder->get()
#5 C:\Users\Yusuf Bagus SH\Documents\GitLab\Proyek404\survey\app\Models\OPDModel.php(38): CodeIgniter\Model->__call('get', Array)
#6 C:\Users\Yusuf Bagus SH\Documents\GitLab\Proyek404\survey\app\Controllers\Laporan.php(56): App\Models\OPDModel->getOPDByTahunSurvey('2022')
#7 C:\Users\Yusuf Bagus SH\Documents\GitLab\Proyek404\survey\vendor\codeigniter4\framework\system\CodeIgniter.php(832): App\Controllers\Laporan->listLaporanOPD('2022')
#8 C:\Users\Yusuf Bagus SH\Documents\GitLab\Proyek404\survey\vendor\codeigniter4\framework\system\CodeIgniter.php(419): CodeIgniter\CodeIgniter->runController(Object(App\Controllers\Laporan))
#9 C:\Users\Yusuf Bagus SH\Documents\GitLab\Proyek404\survey\vendor\codeigniter4\framework\system\CodeIgniter.php(326): CodeIgniter\CodeIgniter->handleRequest(NULL, Object(Config\Cache), false)
#10 C:\Users\Yusuf Bagus SH\Documents\GitLab\Proyek404\survey\public\index.php(37): CodeIgniter\CodeIgniter->run()
#11 C:\Users\Yusuf Bagus SH\Documents\GitLab\Proyek404\survey\vendor\codeigniter4\framework\system\Commands\Server\rewrite.php(43): require_once('C:\\Users\\Yusuf ...')
#12 {main}
CRITICAL - 2022-04-26 02:11:28 --> Undefined index: opd_nama
#0 C:\Users\Yusuf Bagus SH\Documents\GitLab\Proyek404\survey\app\Views\Laporan\ListLaporanOPD.php(41): CodeIgniter\Debug\Exceptions->errorHandler(8, 'Undefined index...', 'C:\\Users\\Yusuf ...', 41, Array)
#1 C:\Users\Yusuf Bagus SH\Documents\GitLab\Proyek404\survey\vendor\codeigniter4\framework\system\View\View.php(210): include('C:\\Users\\Yusuf ...')
#2 C:\Users\Yusuf Bagus SH\Documents\GitLab\Proyek404\survey\vendor\codeigniter4\framework\system\View\View.php(213): CodeIgniter\View\View->CodeIgniter\View\{closure}()
#3 C:\Users\Yusuf Bagus SH\Documents\GitLab\Proyek404\survey\vendor\codeigniter4\framework\system\Common.php(1089): CodeIgniter\View\View->render('Laporan/ListLap...', Array, true)
#4 C:\Users\Yusuf Bagus SH\Documents\GitLab\Proyek404\survey\app\Controllers\Laporan.php(58): view('Laporan/ListLap...', Array)
#5 C:\Users\Yusuf Bagus SH\Documents\GitLab\Proyek404\survey\vendor\codeigniter4\framework\system\CodeIgniter.php(832): App\Controllers\Laporan->listLaporanOPD('2022')
#6 C:\Users\Yusuf Bagus SH\Documents\GitLab\Proyek404\survey\vendor\codeigniter4\framework\system\CodeIgniter.php(419): CodeIgniter\CodeIgniter->runController(Object(App\Controllers\Laporan))
#7 C:\Users\Yusuf Bagus SH\Documents\GitLab\Proyek404\survey\vendor\codeigniter4\framework\system\CodeIgniter.php(326): CodeIgniter\CodeIgniter->handleRequest(NULL, Object(Config\Cache), false)
#8 C:\Users\Yusuf Bagus SH\Documents\GitLab\Proyek404\survey\public\index.php(37): CodeIgniter\CodeIgniter->run()
#9 C:\Users\Yusuf Bagus SH\Documents\GitLab\Proyek404\survey\vendor\codeigniter4\framework\system\Commands\Server\rewrite.php(43): require_once('C:\\Users\\Yusuf ...')
#10 {main}
CRITICAL - 2022-04-26 02:24:02 --> Too few arguments to function App\Controllers\Laporan::listLaporanOPD(), 1 passed in C:\Users\Yusuf Bagus SH\Documents\GitLab\Proyek404\survey\vendor\codeigniter4\framework\system\CodeIgniter.php on line 832 and exactly 2 expected
#0 C:\Users\Yusuf Bagus SH\Documents\GitLab\Proyek404\survey\vendor\codeigniter4\framework\system\CodeIgniter.php(832): App\Controllers\Laporan->listLaporanOPD('2022')
#1 C:\Users\Yusuf Bagus SH\Documents\GitLab\Proyek404\survey\vendor\codeigniter4\framework\system\CodeIgniter.php(419): CodeIgniter\CodeIgniter->runController(Object(App\Controllers\Laporan))
#2 C:\Users\Yusuf Bagus SH\Documents\GitLab\Proyek404\survey\vendor\codeigniter4\framework\system\CodeIgniter.php(326): CodeIgniter\CodeIgniter->handleRequest(NULL, Object(Config\Cache), false)
#3 C:\Users\Yusuf Bagus SH\Documents\GitLab\Proyek404\survey\public\index.php(37): CodeIgniter\CodeIgniter->run()
#4 C:\Users\Yusuf Bagus SH\Documents\GitLab\Proyek404\survey\vendor\codeigniter4\framework\system\Commands\Server\rewrite.php(43): require_once('C:\\Users\\Yusuf ...')
#5 {main}
CRITICAL - 2022-04-26 02:24:29 --> Too few arguments to function App\Controllers\Laporan::listLaporanOPD(), 0 passed in C:\Users\Yusuf Bagus SH\Documents\GitLab\Proyek404\survey\vendor\codeigniter4\framework\system\CodeIgniter.php on line 832 and exactly 2 expected
#0 C:\Users\Yusuf Bagus SH\Documents\GitLab\Proyek404\survey\vendor\codeigniter4\framework\system\CodeIgniter.php(832): App\Controllers\Laporan->listLaporanOPD()
#1 C:\Users\Yusuf Bagus SH\Documents\GitLab\Proyek404\survey\vendor\codeigniter4\framework\system\CodeIgniter.php(419): CodeIgniter\CodeIgniter->runController(Object(App\Controllers\Laporan))
#2 C:\Users\Yusuf Bagus SH\Documents\GitLab\Proyek404\survey\vendor\codeigniter4\framework\system\CodeIgniter.php(326): CodeIgniter\CodeIgniter->handleRequest(NULL, Object(Config\Cache), false)
#3 C:\Users\Yusuf Bagus SH\Documents\GitLab\Proyek404\survey\public\index.php(37): CodeIgniter\CodeIgniter->run()
#4 C:\Users\Yusuf Bagus SH\Documents\GitLab\Proyek404\survey\vendor\codeigniter4\framework\system\Commands\Server\rewrite.php(43): require_once('C:\\Users\\Yusuf ...')
#5 {main}
CRITICAL - 2022-04-26 02:28:12 --> Too few arguments to function App\Controllers\Laporan::listLaporanOPD(), 0 passed in C:\Users\Yusuf Bagus SH\Documents\GitLab\Proyek404\survey\vendor\codeigniter4\framework\system\CodeIgniter.php on line 832 and exactly 2 expected
#0 C:\Users\Yusuf Bagus SH\Documents\GitLab\Proyek404\survey\vendor\codeigniter4\framework\system\CodeIgniter.php(832): App\Controllers\Laporan->listLaporanOPD()
#1 C:\Users\Yusuf Bagus SH\Documents\GitLab\Proyek404\survey\vendor\codeigniter4\framework\system\CodeIgniter.php(419): CodeIgniter\CodeIgniter->runController(Object(App\Controllers\Laporan))
#2 C:\Users\Yusuf Bagus SH\Documents\GitLab\Proyek404\survey\vendor\codeigniter4\framework\system\CodeIgniter.php(326): CodeIgniter\CodeIgniter->handleRequest(NULL, Object(Config\Cache), false)
#3 C:\Users\Yusuf Bagus SH\Documents\GitLab\Proyek404\survey\public\index.php(37): CodeIgniter\CodeIgniter->run()
#4 C:\Users\Yusuf Bagus SH\Documents\GitLab\Proyek404\survey\vendor\codeigniter4\framework\system\Commands\Server\rewrite.php(43): require_once('C:\\Users\\Yusuf ...')
#5 {main}
CRITICAL - 2022-04-26 02:28:58 --> Too few arguments to function App\Controllers\Laporan::listLaporanOPD(), 0 passed in C:\Users\Yusuf Bagus SH\Documents\GitLab\Proyek404\survey\vendor\codeigniter4\framework\system\CodeIgniter.php on line 832 and exactly 2 expected
#0 C:\Users\Yusuf Bagus SH\Documents\GitLab\Proyek404\survey\vendor\codeigniter4\framework\system\CodeIgniter.php(832): App\Controllers\Laporan->listLaporanOPD()
#1 C:\Users\Yusuf Bagus SH\Documents\GitLab\Proyek404\survey\vendor\codeigniter4\framework\system\CodeIgniter.php(419): CodeIgniter\CodeIgniter->runController(Object(App\Controllers\Laporan))
#2 C:\Users\Yusuf Bagus SH\Documents\GitLab\Proyek404\survey\vendor\codeigniter4\framework\system\CodeIgniter.php(326): CodeIgniter\CodeIgniter->handleRequest(NULL, Object(Config\Cache), false)
#3 C:\Users\Yusuf Bagus SH\Documents\GitLab\Proyek404\survey\public\index.php(37): CodeIgniter\CodeIgniter->run()
#4 C:\Users\Yusuf Bagus SH\Documents\GitLab\Proyek404\survey\vendor\codeigniter4\framework\system\Commands\Server\rewrite.php(43): require_once('C:\\Users\\Yusuf ...')
#5 {main}
CRITICAL - 2022-04-26 02:36:44 --> Too few arguments to function App\Controllers\Laporan::listLaporanOPD(), 0 passed in C:\Users\Yusuf Bagus SH\Documents\GitLab\Proyek404\survey\vendor\codeigniter4\framework\system\CodeIgniter.php on line 832 and exactly 2 expected
#0 C:\Users\Yusuf Bagus SH\Documents\GitLab\Proyek404\survey\vendor\codeigniter4\framework\system\CodeIgniter.php(832): App\Controllers\Laporan->listLaporanOPD()
#1 C:\Users\Yusuf Bagus SH\Documents\GitLab\Proyek404\survey\vendor\codeigniter4\framework\system\CodeIgniter.php(419): CodeIgniter\CodeIgniter->runController(Object(App\Controllers\Laporan))
#2 C:\Users\Yusuf Bagus SH\Documents\GitLab\Proyek404\survey\vendor\codeigniter4\framework\system\CodeIgniter.php(326): CodeIgniter\CodeIgniter->handleRequest(NULL, Object(Config\Cache), false)
#3 C:\Users\Yusuf Bagus SH\Documents\GitLab\Proyek404\survey\public\index.php(37): CodeIgniter\CodeIgniter->run()
#4 C:\Users\Yusuf Bagus SH\Documents\GitLab\Proyek404\survey\vendor\codeigniter4\framework\system\Commands\Server\rewrite.php(43): require_once('C:\\Users\\Yusuf ...')
#5 {main}
CRITICAL - 2022-04-26 02:36:56 --> Too few arguments to function App\Controllers\Laporan::listLaporanOPD(), 0 passed in C:\Users\Yusuf Bagus SH\Documents\GitLab\Proyek404\survey\vendor\codeigniter4\framework\system\CodeIgniter.php on line 832 and exactly 2 expected
#0 C:\Users\Yusuf Bagus SH\Documents\GitLab\Proyek404\survey\vendor\codeigniter4\framework\system\CodeIgniter.php(832): App\Controllers\Laporan->listLaporanOPD()
#1 C:\Users\Yusuf Bagus SH\Documents\GitLab\Proyek404\survey\vendor\codeigniter4\framework\system\CodeIgniter.php(419): CodeIgniter\CodeIgniter->runController(Object(App\Controllers\Laporan))
#2 C:\Users\Yusuf Bagus SH\Documents\GitLab\Proyek404\survey\vendor\codeigniter4\framework\system\CodeIgniter.php(326): CodeIgniter\CodeIgniter->handleRequest(NULL, Object(Config\Cache), false)
#3 C:\Users\Yusuf Bagus SH\Documents\GitLab\Proyek404\survey\public\index.php(37): CodeIgniter\CodeIgniter->run()
#4 C:\Users\Yusuf Bagus SH\Documents\GitLab\Proyek404\survey\vendor\codeigniter4\framework\system\Commands\Server\rewrite.php(43): require_once('C:\\Users\\Yusuf ...')
#5 {main}
CRITICAL - 2022-04-26 02:37:07 --> Too few arguments to function App\Controllers\Laporan::listLaporanOPD(), 0 passed in C:\Users\Yusuf Bagus SH\Documents\GitLab\Proyek404\survey\vendor\codeigniter4\framework\system\CodeIgniter.php on line 832 and exactly 2 expected
#0 C:\Users\Yusuf Bagus SH\Documents\GitLab\Proyek404\survey\vendor\codeigniter4\framework\system\CodeIgniter.php(832): App\Controllers\Laporan->listLaporanOPD()
#1 C:\Users\Yusuf Bagus SH\Documents\GitLab\Proyek404\survey\vendor\codeigniter4\framework\system\CodeIgniter.php(419): CodeIgniter\CodeIgniter->runController(Object(App\Controllers\Laporan))
#2 C:\Users\Yusuf Bagus SH\Documents\GitLab\Proyek404\survey\vendor\codeigniter4\framework\system\CodeIgniter.php(326): CodeIgniter\CodeIgniter->handleRequest(NULL, Object(Config\Cache), false)
#3 C:\Users\Yusuf Bagus SH\Documents\GitLab\Proyek404\survey\public\index.php(37): CodeIgniter\CodeIgniter->run()
#4 C:\Users\Yusuf Bagus SH\Documents\GitLab\Proyek404\survey\vendor\codeigniter4\framework\system\Commands\Server\rewrite.php(43): require_once('C:\\Users\\Yusuf ...')
#5 {main}
CRITICAL - 2022-04-26 02:37:42 --> Undefined variable: useropd
#0 C:\Users\Yusuf Bagus SH\Documents\GitLab\Proyek404\survey\app\Views\OPD\DetailOPD.php(262): CodeIgniter\Debug\Exceptions->errorHandler(8, 'Undefined varia...', 'C:\\Users\\Yusuf ...', 262, Array)
#1 C:\Users\Yusuf Bagus SH\Documents\GitLab\Proyek404\survey\vendor\codeigniter4\framework\system\View\View.php(210): include('C:\\Users\\Yusuf ...')
#2 C:\Users\Yusuf Bagus SH\Documents\GitLab\Proyek404\survey\vendor\codeigniter4\framework\system\View\View.php(213): CodeIgniter\View\View->CodeIgniter\View\{closure}()
#3 C:\Users\Yusuf Bagus SH\Documents\GitLab\Proyek404\survey\vendor\codeigniter4\framework\system\Common.php(1089): CodeIgniter\View\View->render('OPD/DetailOPD', Array, true)
#4 C:\Users\Yusuf Bagus SH\Documents\GitLab\Proyek404\survey\app\Controllers\OPD.php(151): view('OPD/DetailOPD', Array)
#5 C:\Users\Yusuf Bagus SH\Documents\GitLab\Proyek404\survey\vendor\codeigniter4\framework\system\CodeIgniter.php(832): App\Controllers\OPD->detail('006')
#6 C:\Users\Yusuf Bagus SH\Documents\GitLab\Proyek404\survey\vendor\codeigniter4\framework\system\CodeIgniter.php(419): CodeIgniter\CodeIgniter->runController(Object(App\Controllers\OPD))
#7 C:\Users\Yusuf Bagus SH\Documents\GitLab\Proyek404\survey\vendor\codeigniter4\framework\system\CodeIgniter.php(326): CodeIgniter\CodeIgniter->handleRequest(NULL, Object(Config\Cache), false)
#8 C:\Users\Yusuf Bagus SH\Documents\GitLab\Proyek404\survey\public\index.php(37): CodeIgniter\CodeIgniter->run()
#9 C:\Users\Yusuf Bagus SH\Documents\GitLab\Proyek404\survey\vendor\codeigniter4\framework\system\Commands\Server\rewrite.php(43): require_once('C:\\Users\\Yusuf ...')
#10 {main}
CRITICAL - 2022-04-26 02:37:56 --> Undefined variable: useropd
#0 C:\Users\Yusuf Bagus SH\Documents\GitLab\Proyek404\survey\app\Views\OPD\DetailOPD.php(262): CodeIgniter\Debug\Exceptions->errorHandler(8, 'Undefined varia...', 'C:\\Users\\Yusuf ...', 262, Array)
#1 C:\Users\Yusuf Bagus SH\Documents\GitLab\Proyek404\survey\vendor\codeigniter4\framework\system\View\View.php(210): include('C:\\Users\\Yusuf ...')
#2 C:\Users\Yusuf Bagus SH\Documents\GitLab\Proyek404\survey\vendor\codeigniter4\framework\system\View\View.php(213): CodeIgniter\View\View->CodeIgniter\View\{closure}()
#3 C:\Users\Yusuf Bagus SH\Documents\GitLab\Proyek404\survey\vendor\codeigniter4\framework\system\Common.php(1089): CodeIgniter\View\View->render('OPD/DetailOPD', Array, true)
#4 C:\Users\Yusuf Bagus SH\Documents\GitLab\Proyek404\survey\app\Controllers\OPD.php(151): view('OPD/DetailOPD', Array)
#5 C:\Users\Yusuf Bagus SH\Documents\GitLab\Proyek404\survey\vendor\codeigniter4\framework\system\CodeIgniter.php(832): App\Controllers\OPD->detail('005')
#6 C:\Users\Yusuf Bagus SH\Documents\GitLab\Proyek404\survey\vendor\codeigniter4\framework\system\CodeIgniter.php(419): CodeIgniter\CodeIgniter->runController(Object(App\Controllers\OPD))
#7 C:\Users\Yusuf Bagus SH\Documents\GitLab\Proyek404\survey\vendor\codeigniter4\framework\system\CodeIgniter.php(326): CodeIgniter\CodeIgniter->handleRequest(NULL, Object(Config\Cache), false)
#8 C:\Users\Yusuf Bagus SH\Documents\GitLab\Proyek404\survey\public\index.php(37): CodeIgniter\CodeIgniter->run()
#9 C:\Users\Yusuf Bagus SH\Documents\GitLab\Proyek404\survey\vendor\codeigniter4\framework\system\Commands\Server\rewrite.php(43): require_once('C:\\Users\\Yusuf ...')
#10 {main}
CRITICAL - 2022-04-26 02:38:00 --> Undefined variable: useropd
#0 C:\Users\Yusuf Bagus SH\Documents\GitLab\Proyek404\survey\app\Views\OPD\DetailOPD.php(262): CodeIgniter\Debug\Exceptions->errorHandler(8, 'Undefined varia...', 'C:\\Users\\Yusuf ...', 262, Array)
#1 C:\Users\Yusuf Bagus SH\Documents\GitLab\Proyek404\survey\vendor\codeigniter4\framework\system\View\View.php(210): include('C:\\Users\\Yusuf ...')
#2 C:\Users\Yusuf Bagus SH\Documents\GitLab\Proyek404\survey\vendor\codeigniter4\framework\system\View\View.php(213): CodeIgniter\View\View->CodeIgniter\View\{closure}()
#3 C:\Users\Yusuf Bagus SH\Documents\GitLab\Proyek404\survey\vendor\codeigniter4\framework\system\Common.php(1089): CodeIgniter\View\View->render('OPD/DetailOPD', Array, true)
#4 C:\Users\Yusuf Bagus SH\Documents\GitLab\Proyek404\survey\app\Controllers\OPD.php(151): view('OPD/DetailOPD', Array)
#5 C:\Users\Yusuf Bagus SH\Documents\GitLab\Proyek404\survey\vendor\codeigniter4\framework\system\CodeIgniter.php(832): App\Controllers\OPD->detail('001')
#6 C:\Users\Yusuf Bagus SH\Documents\GitLab\Proyek404\survey\vendor\codeigniter4\framework\system\CodeIgniter.php(419): CodeIgniter\CodeIgniter->runController(Object(App\Controllers\OPD))
#7 C:\Users\Yusuf Bagus SH\Documents\GitLab\Proyek404\survey\vendor\codeigniter4\framework\system\CodeIgniter.php(326): CodeIgniter\CodeIgniter->handleRequest(NULL, Object(Config\Cache), false)
#8 C:\Users\Yusuf Bagus SH\Documents\GitLab\Proyek404\survey\public\index.php(37): CodeIgniter\CodeIgniter->run()
#9 C:\Users\Yusuf Bagus SH\Documents\GitLab\Proyek404\survey\vendor\codeigniter4\framework\system\Commands\Server\rewrite.php(43): require_once('C:\\Users\\Yusuf ...')
#10 {main}
CRITICAL - 2022-04-26 02:38:50 --> Undefined variable: useropd
#0 C:\Users\Yusuf Bagus SH\Documents\GitLab\Proyek404\survey\app\Views\OPD\DetailOPD.php(262): CodeIgniter\Debug\Exceptions->errorHandler(8, 'Undefined varia...', 'C:\\Users\\Yusuf ...', 262, Array)
#1 C:\Users\Yusuf Bagus SH\Documents\GitLab\Proyek404\survey\vendor\codeigniter4\framework\system\View\View.php(210): include('C:\\Users\\Yusuf ...')
#2 C:\Users\Yusuf Bagus SH\Documents\GitLab\Proyek404\survey\vendor\codeigniter4\framework\system\View\View.php(213): CodeIgniter\View\View->CodeIgniter\View\{closure}()
#3 C:\Users\Yusuf Bagus SH\Documents\GitLab\Proyek404\survey\vendor\codeigniter4\framework\system\Common.php(1089): CodeIgniter\View\View->render('OPD/DetailOPD', Array, true)
#4 C:\Users\Yusuf Bagus SH\Documents\GitLab\Proyek404\survey\app\Controllers\OPD.php(151): view('OPD/DetailOPD', Array)
#5 C:\Users\Yusuf Bagus SH\Documents\GitLab\Proyek404\survey\vendor\codeigniter4\framework\system\CodeIgniter.php(832): App\Controllers\OPD->detail('001')
#6 C:\Users\Yusuf Bagus SH\Documents\GitLab\Proyek404\survey\vendor\codeigniter4\framework\system\CodeIgniter.php(419): CodeIgniter\CodeIgniter->runController(Object(App\Controllers\OPD))
#7 C:\Users\Yusuf Bagus SH\Documents\GitLab\Proyek404\survey\vendor\codeigniter4\framework\system\CodeIgniter.php(326): CodeIgniter\CodeIgniter->handleRequest(NULL, Object(Config\Cache), false)
#8 C:\Users\Yusuf Bagus SH\Documents\GitLab\Proyek404\survey\public\index.php(37): CodeIgniter\CodeIgniter->run()
#9 C:\Users\Yusuf Bagus SH\Documents\GitLab\Proyek404\survey\vendor\codeigniter4\framework\system\Commands\Server\rewrite.php(43): require_once('C:\\Users\\Yusuf ...')
#10 {main}
CRITICAL - 2022-04-26 02:40:27 --> Undefined variable: useropd
#0 C:\Users\Yusuf Bagus SH\Documents\GitLab\Proyek404\survey\app\Views\OPD\DetailOPD.php(262): CodeIgniter\Debug\Exceptions->errorHandler(8, 'Undefined varia...', 'C:\\Users\\Yusuf ...', 262, Array)
#1 C:\Users\Yusuf Bagus SH\Documents\GitLab\Proyek404\survey\vendor\codeigniter4\framework\system\View\View.php(210): include('C:\\Users\\Yusuf ...')
#2 C:\Users\Yusuf Bagus SH\Documents\GitLab\Proyek404\survey\vendor\codeigniter4\framework\system\View\View.php(213): CodeIgniter\View\View->CodeIgniter\View\{closure}()
#3 C:\Users\Yusuf Bagus SH\Documents\GitLab\Proyek404\survey\vendor\codeigniter4\framework\system\Common.php(1089): CodeIgniter\View\View->render('OPD/DetailOPD', Array, true)
#4 C:\Users\Yusuf Bagus SH\Documents\GitLab\Proyek404\survey\app\Controllers\OPD.php(151): view('OPD/DetailOPD', Array)
#5 C:\Users\Yusuf Bagus SH\Documents\GitLab\Proyek404\survey\vendor\codeigniter4\framework\system\CodeIgniter.php(832): App\Controllers\OPD->detail('001')
#6 C:\Users\Yusuf Bagus SH\Documents\GitLab\Proyek404\survey\vendor\codeigniter4\framework\system\CodeIgniter.php(419): CodeIgniter\CodeIgniter->runController(Object(App\Controllers\OPD))
#7 C:\Users\Yusuf Bagus SH\Documents\GitLab\Proyek404\survey\vendor\codeigniter4\framework\system\CodeIgniter.php(326): CodeIgniter\CodeIgniter->handleRequest(NULL, Object(Config\Cache), false)
#8 C:\Users\Yusuf Bagus SH\Documents\GitLab\Proyek404\survey\public\index.php(37): CodeIgniter\CodeIgniter->run()
#9 C:\Users\Yusuf Bagus SH\Documents\GitLab\Proyek404\survey\vendor\codeigniter4\framework\system\Commands\Server\rewrite.php(43): require_once('C:\\Users\\Yusuf ...')
#10 {main}
CRITICAL - 2022-04-26 02:42:18 --> Undefined variable: useropd
#0 C:\Users\Yusuf Bagus SH\Documents\GitLab\Proyek404\survey\app\Views\OPD\DetailOPD.php(262): CodeIgniter\Debug\Exceptions->errorHandler(8, 'Undefined varia...', 'C:\\Users\\Yusuf ...', 262, Array)
#1 C:\Users\Yusuf Bagus SH\Documents\GitLab\Proyek404\survey\vendor\codeigniter4\framework\system\View\View.php(210): include('C:\\Users\\Yusuf ...')
#2 C:\Users\Yusuf Bagus SH\Documents\GitLab\Proyek404\survey\vendor\codeigniter4\framework\system\View\View.php(213): CodeIgniter\View\View->CodeIgniter\View\{closure}()
#3 C:\Users\Yusuf Bagus SH\Documents\GitLab\Proyek404\survey\vendor\codeigniter4\framework\system\Common.php(1089): CodeIgniter\View\View->render('OPD/DetailOPD', Array, true)
#4 C:\Users\Yusuf Bagus SH\Documents\GitLab\Proyek404\survey\app\Controllers\OPD.php(190): view('OPD/DetailOPD', Array)
#5 C:\Users\Yusuf Bagus SH\Documents\GitLab\Proyek404\survey\vendor\codeigniter4\framework\system\CodeIgniter.php(832): App\Controllers\OPD->detail('001')
#6 C:\Users\Yusuf Bagus SH\Documents\GitLab\Proyek404\survey\vendor\codeigniter4\framework\system\CodeIgniter.php(419): CodeIgniter\CodeIgniter->runController(Object(App\Controllers\OPD))
#7 C:\Users\Yusuf Bagus SH\Documents\GitLab\Proyek404\survey\vendor\codeigniter4\framework\system\CodeIgniter.php(326): CodeIgniter\CodeIgniter->handleRequest(NULL, Object(Config\Cache), false)
#8 C:\Users\Yusuf Bagus SH\Documents\GitLab\Proyek404\survey\public\index.php(37): CodeIgniter\CodeIgniter->run()
#9 C:\Users\Yusuf Bagus SH\Documents\GitLab\Proyek404\survey\vendor\codeigniter4\framework\system\Commands\Server\rewrite.php(43): require_once('C:\\Users\\Yusuf ...')
#10 {main}
CRITICAL - 2022-04-26 02:44:31 --> Undefined property: App\Controllers\OPD::$surveyModel
#0 C:\Users\Yusuf Bagus SH\Documents\GitLab\Proyek404\survey\app\Controllers\OPD.php(146): CodeIgniter\Debug\Exceptions->errorHandler(8, 'Undefined prope...', 'C:\\Users\\Yusuf ...', 146, Array)
#1 C:\Users\Yusuf Bagus SH\Documents\GitLab\Proyek404\survey\vendor\codeigniter4\framework\system\CodeIgniter.php(832): App\Controllers\OPD->detail('001')
#2 C:\Users\Yusuf Bagus SH\Documents\GitLab\Proyek404\survey\vendor\codeigniter4\framework\system\CodeIgniter.php(419): CodeIgniter\CodeIgniter->runController(Object(App\Controllers\OPD))
#3 C:\Users\Yusuf Bagus SH\Documents\GitLab\Proyek404\survey\vendor\codeigniter4\framework\system\CodeIgniter.php(326): CodeIgniter\CodeIgniter->handleRequest(NULL, Object(Config\Cache), false)
#4 C:\Users\Yusuf Bagus SH\Documents\GitLab\Proyek404\survey\public\index.php(37): CodeIgniter\CodeIgniter->run()
#5 C:\Users\Yusuf Bagus SH\Documents\GitLab\Proyek404\survey\vendor\codeigniter4\framework\system\Commands\Server\rewrite.php(43): require_once('C:\\Users\\Yusuf ...')
#6 {main}
CRITICAL - 2022-04-26 02:45:11 --> Undefined variable: useropd
#0 C:\Users\Yusuf Bagus SH\Documents\GitLab\Proyek404\survey\app\Views\OPD\DetailOPD.php(262): CodeIgniter\Debug\Exceptions->errorHandler(8, 'Undefined varia...', 'C:\\Users\\Yusuf ...', 262, Array)
#1 C:\Users\Yusuf Bagus SH\Documents\GitLab\Proyek404\survey\vendor\codeigniter4\framework\system\View\View.php(210): include('C:\\Users\\Yusuf ...')
#2 C:\Users\Yusuf Bagus SH\Documents\GitLab\Proyek404\survey\vendor\codeigniter4\framework\system\View\View.php(213): CodeIgniter\View\View->CodeIgniter\View\{closure}()
#3 C:\Users\Yusuf Bagus SH\Documents\GitLab\Proyek404\survey\vendor\codeigniter4\framework\system\Common.php(1089): CodeIgniter\View\View->render('OPD/DetailOPD', Array, true)
#4 C:\Users\Yusuf Bagus SH\Documents\GitLab\Proyek404\survey\app\Controllers\OPD.php(155): view('OPD/DetailOPD', Array)
#5 C:\Users\Yusuf Bagus SH\Documents\GitLab\Proyek404\survey\vendor\codeigniter4\framework\system\CodeIgniter.php(832): App\Controllers\OPD->detail('001')
#6 C:\Users\Yusuf Bagus SH\Documents\GitLab\Proyek404\survey\vendor\codeigniter4\framework\system\CodeIgniter.php(419): CodeIgniter\CodeIgniter->runController(Object(App\Controllers\OPD))
#7 C:\Users\Yusuf Bagus SH\Documents\GitLab\Proyek404\survey\vendor\codeigniter4\framework\system\CodeIgniter.php(326): CodeIgniter\CodeIgniter->handleRequest(NULL, Object(Config\Cache), false)
#8 C:\Users\Yusuf Bagus SH\Documents\GitLab\Proyek404\survey\public\index.php(37): CodeIgniter\CodeIgniter->run()
#9 C:\Users\Yusuf Bagus SH\Documents\GitLab\Proyek404\survey\vendor\codeigniter4\framework\system\Commands\Server\rewrite.php(43): require_once('C:\\Users\\Yusuf ...')
#10 {main}
CRITICAL - 2022-04-26 02:45:26 --> Invalid argument supplied for foreach()
#0 C:\Users\Yusuf Bagus SH\Documents\GitLab\Proyek404\survey\app\Views\OPD\DetailOPD.php(262): CodeIgniter\Debug\Exceptions->errorHandler(2, 'Invalid argumen...', 'C:\\Users\\Yusuf ...', 262, Array)
#1 C:\Users\Yusuf Bagus SH\Documents\GitLab\Proyek404\survey\vendor\codeigniter4\framework\system\View\View.php(210): include('C:\\Users\\Yusuf ...')
#2 C:\Users\Yusuf Bagus SH\Documents\GitLab\Proyek404\survey\vendor\codeigniter4\framework\system\View\View.php(213): CodeIgniter\View\View->CodeIgniter\View\{closure}()
#3 C:\Users\Yusuf Bagus SH\Documents\GitLab\Proyek404\survey\vendor\codeigniter4\framework\system\Common.php(1089): CodeIgniter\View\View->render('OPD/DetailOPD', Array, true)
#4 C:\Users\Yusuf Bagus SH\Documents\GitLab\Proyek404\survey\app\Controllers\OPD.php(155): view('OPD/DetailOPD', Array)
#5 C:\Users\Yusuf Bagus SH\Documents\GitLab\Proyek404\survey\vendor\codeigniter4\framework\system\CodeIgniter.php(832): App\Controllers\OPD->detail('001')
#6 C:\Users\Yusuf Bagus SH\Documents\GitLab\Proyek404\survey\vendor\codeigniter4\framework\system\CodeIgniter.php(419): CodeIgniter\CodeIgniter->runController(Object(App\Controllers\OPD))
#7 C:\Users\Yusuf Bagus SH\Documents\GitLab\Proyek404\survey\vendor\codeigniter4\framework\system\CodeIgniter.php(326): CodeIgniter\CodeIgniter->handleRequest(NULL, Object(Config\Cache), false)
#8 C:\Users\Yusuf Bagus SH\Documents\GitLab\Proyek404\survey\public\index.php(37): CodeIgniter\CodeIgniter->run()
#9 C:\Users\Yusuf Bagus SH\Documents\GitLab\Proyek404\survey\vendor\codeigniter4\framework\system\Commands\Server\rewrite.php(43): require_once('C:\\Users\\Yusuf ...')
#10 {main}
CRITICAL - 2022-04-26 02:46:23 --> Call to undefined method App\Models\OPDModel::getUsersByOPDKode
#0 C:\Users\Yusuf Bagus SH\Documents\GitLab\Proyek404\survey\app\Controllers\OPD.php(147): CodeIgniter\Model->__call('getUsersByOPDKo...', Array)
#1 C:\Users\Yusuf Bagus SH\Documents\GitLab\Proyek404\survey\vendor\codeigniter4\framework\system\CodeIgniter.php(832): App\Controllers\OPD->detail('001')
#2 C:\Users\Yusuf Bagus SH\Documents\GitLab\Proyek404\survey\vendor\codeigniter4\framework\system\CodeIgniter.php(419): CodeIgniter\CodeIgniter->runController(Object(App\Controllers\OPD))
#3 C:\Users\Yusuf Bagus SH\Documents\GitLab\Proyek404\survey\vendor\codeigniter4\framework\system\CodeIgniter.php(326): CodeIgniter\CodeIgniter->handleRequest(NULL, Object(Config\Cache), false)
#4 C:\Users\Yusuf Bagus SH\Documents\GitLab\Proyek404\survey\public\index.php(37): CodeIgniter\CodeIgniter->run()
#5 C:\Users\Yusuf Bagus SH\Documents\GitLab\Proyek404\survey\vendor\codeigniter4\framework\system\Commands\Server\rewrite.php(43): require_once('C:\\Users\\Yusuf ...')
#6 {main}
CRITICAL - 2022-04-26 02:46:39 --> Call to undefined method App\Models\OPDModel::getUsersByOPDKode
#0 C:\Users\Yusuf Bagus SH\Documents\GitLab\Proyek404\survey\app\Controllers\OPD.php(147): CodeIgniter\Model->__call('getUsersByOPDKo...', Array)
#1 C:\Users\Yusuf Bagus SH\Documents\GitLab\Proyek404\survey\vendor\codeigniter4\framework\system\CodeIgniter.php(832): App\Controllers\OPD->detail('001')
#2 C:\Users\Yusuf Bagus SH\Documents\GitLab\Proyek404\survey\vendor\codeigniter4\framework\system\CodeIgniter.php(419): CodeIgniter\CodeIgniter->runController(Object(App\Controllers\OPD))
#3 C:\Users\Yusuf Bagus SH\Documents\GitLab\Proyek404\survey\vendor\codeigniter4\framework\system\CodeIgniter.php(326): CodeIgniter\CodeIgniter->handleRequest(NULL, Object(Config\Cache), false)
#4 C:\Users\Yusuf Bagus SH\Documents\GitLab\Proyek404\survey\public\index.php(37): CodeIgniter\CodeIgniter->run()
#5 C:\Users\Yusuf Bagus SH\Documents\GitLab\Proyek404\survey\vendor\codeigniter4\framework\system\Commands\Server\rewrite.php(43): require_once('C:\\Users\\Yusuf ...')
#6 {main}
CRITICAL - 2022-04-26 02:47:31 --> Call to undefined method App\Models\SurveyModel::getSurveyByOPKode
#0 C:\Users\Yusuf Bagus SH\Documents\GitLab\Proyek404\survey\app\Controllers\OPD.php(148): CodeIgniter\Model->__call('getSurveyByOPKo...', Array)
#1 C:\Users\Yusuf Bagus SH\Documents\GitLab\Proyek404\survey\vendor\codeigniter4\framework\system\CodeIgniter.php(832): App\Controllers\OPD->detail('001')
#2 C:\Users\Yusuf Bagus SH\Documents\GitLab\Proyek404\survey\vendor\codeigniter4\framework\system\CodeIgniter.php(419): CodeIgniter\CodeIgniter->runController(Object(App\Controllers\OPD))
#3 C:\Users\Yusuf Bagus SH\Documents\GitLab\Proyek404\survey\vendor\codeigniter4\framework\system\CodeIgniter.php(326): CodeIgniter\CodeIgniter->handleRequest(NULL, Object(Config\Cache), false)
#4 C:\Users\Yusuf Bagus SH\Documents\GitLab\Proyek404\survey\public\index.php(37): CodeIgniter\CodeIgniter->run()
#5 C:\Users\Yusuf Bagus SH\Documents\GitLab\Proyek404\survey\vendor\codeigniter4\framework\system\Commands\Server\rewrite.php(43): require_once('C:\\Users\\Yusuf ...')
#6 {main}
CRITICAL - 2022-04-26 02:50:25 --> Too few arguments to function App\Controllers\OPD::edit(), 0 passed in C:\Users\Yusuf Bagus SH\Documents\GitLab\Proyek404\survey\vendor\codeigniter4\framework\system\CodeIgniter.php on line 832 and exactly 1 expected
#0 C:\Users\Yusuf Bagus SH\Documents\GitLab\Proyek404\survey\vendor\codeigniter4\framework\system\CodeIgniter.php(832): App\Controllers\OPD->edit()
#1 C:\Users\Yusuf Bagus SH\Documents\GitLab\Proyek404\survey\vendor\codeigniter4\framework\system\CodeIgniter.php(419): CodeIgniter\CodeIgniter->runController(Object(App\Controllers\OPD))
#2 C:\Users\Yusuf Bagus SH\Documents\GitLab\Proyek404\survey\vendor\codeigniter4\framework\system\CodeIgniter.php(326): CodeIgniter\CodeIgniter->handleRequest(NULL, Object(Config\Cache), false)
#3 C:\Users\Yusuf Bagus SH\Documents\GitLab\Proyek404\survey\public\index.php(37): CodeIgniter\CodeIgniter->run()
#4 C:\Users\Yusuf Bagus SH\Documents\GitLab\Proyek404\survey\vendor\codeigniter4\framework\system\Commands\Server\rewrite.php(43): require_once('C:\\Users\\Yusuf ...')
#5 {main}
CRITICAL - 2022-04-26 20:16:54 --> Too few arguments to function App\Controllers\Laporan::listLaporanOPD(), 0 passed in C:\Users\Yusuf Bagus SH\Documents\GitLab\Proyek404\survey\vendor\codeigniter4\framework\system\CodeIgniter.php on line 832 and exactly 2 expected
#0 C:\Users\Yusuf Bagus SH\Documents\GitLab\Proyek404\survey\vendor\codeigniter4\framework\system\CodeIgniter.php(832): App\Controllers\Laporan->listLaporanOPD()
#1 C:\Users\Yusuf Bagus SH\Documents\GitLab\Proyek404\survey\vendor\codeigniter4\framework\system\CodeIgniter.php(419): CodeIgniter\CodeIgniter->runController(Object(App\Controllers\Laporan))
#2 C:\Users\Yusuf Bagus SH\Documents\GitLab\Proyek404\survey\vendor\codeigniter4\framework\system\CodeIgniter.php(326): CodeIgniter\CodeIgniter->handleRequest(NULL, Object(Config\Cache), false)
#3 C:\Users\Yusuf Bagus SH\Documents\GitLab\Proyek404\survey\public\index.php(37): CodeIgniter\CodeIgniter->run()
#4 C:\Users\Yusuf Bagus SH\Documents\GitLab\Proyek404\survey\vendor\codeigniter4\framework\system\Commands\Server\rewrite.php(43): require_once('C:\\Users\\Yusuf ...')
#5 {main}
CRITICAL - 2022-04-26 20:16:56 --> Too few arguments to function App\Controllers\Laporan::listOPD(), 0 passed in C:\Users\Yusuf Bagus SH\Documents\GitLab\Proyek404\survey\vendor\codeigniter4\framework\system\CodeIgniter.php on line 832 and exactly 1 expected
#0 C:\Users\Yusuf Bagus SH\Documents\GitLab\Proyek404\survey\vendor\codeigniter4\framework\system\CodeIgniter.php(832): App\Controllers\Laporan->listOPD()
#1 C:\Users\Yusuf Bagus SH\Documents\GitLab\Proyek404\survey\vendor\codeigniter4\framework\system\CodeIgniter.php(419): CodeIgniter\CodeIgniter->runController(Object(App\Controllers\Laporan))
#2 C:\Users\Yusuf Bagus SH\Documents\GitLab\Proyek404\survey\vendor\codeigniter4\framework\system\CodeIgniter.php(326): CodeIgniter\CodeIgniter->handleRequest(NULL, Object(Config\Cache), false)
#3 C:\Users\Yusuf Bagus SH\Documents\GitLab\Proyek404\survey\public\index.php(37): CodeIgniter\CodeIgniter->run()
#4 C:\Users\Yusuf Bagus SH\Documents\GitLab\Proyek404\survey\vendor\codeigniter4\framework\system\Commands\Server\rewrite.php(43): require_once('C:\\Users\\Yusuf ...')
#5 {main}
CRITICAL - 2022-04-26 20:18:00 --> Undefined variable: sv
#0 C:\Users\Yusuf Bagus SH\Documents\GitLab\Proyek404\survey\app\Views\Laporan\ListLaporanOPD.php(16): CodeIgniter\Debug\Exceptions->errorHandler(8, 'Undefined varia...', 'C:\\Users\\Yusuf ...', 16, Array)
#1 C:\Users\Yusuf Bagus SH\Documents\GitLab\Proyek404\survey\vendor\codeigniter4\framework\system\View\View.php(210): include('C:\\Users\\Yusuf ...')
#2 C:\Users\Yusuf Bagus SH\Documents\GitLab\Proyek404\survey\vendor\codeigniter4\framework\system\View\View.php(213): CodeIgniter\View\View->CodeIgniter\View\{closure}()
#3 C:\Users\Yusuf Bagus SH\Documents\GitLab\Proyek404\survey\vendor\codeigniter4\framework\system\Common.php(1089): CodeIgniter\View\View->render('Laporan/ListLap...', Array, true)
#4 C:\Users\Yusuf Bagus SH\Documents\GitLab\Proyek404\survey\app\Controllers\Laporan.php(103): view('Laporan/ListLap...', Array)
#5 C:\Users\Yusuf Bagus SH\Documents\GitLab\Proyek404\survey\vendor\codeigniter4\framework\system\CodeIgniter.php(832): App\Controllers\Laporan->listLaporanOPD('001', '2022')
#6 C:\Users\Yusuf Bagus SH\Documents\GitLab\Proyek404\survey\vendor\codeigniter4\framework\system\CodeIgniter.php(419): CodeIgniter\CodeIgniter->runController(Object(App\Controllers\Laporan))
#7 C:\Users\Yusuf Bagus SH\Documents\GitLab\Proyek404\survey\vendor\codeigniter4\framework\system\CodeIgniter.php(326): CodeIgniter\CodeIgniter->handleRequest(NULL, Object(Config\Cache), false)
#8 C:\Users\Yusuf Bagus SH\Documents\GitLab\Proyek404\survey\public\index.php(37): CodeIgniter\CodeIgniter->run()
#9 C:\Users\Yusuf Bagus SH\Documents\GitLab\Proyek404\survey\vendor\codeigniter4\framework\system\Commands\Server\rewrite.php(43): require_once('C:\\Users\\Yusuf ...')
#10 {main}
CRITICAL - 2022-04-26 20:18:08 --> Undefined variable: sv
#0 C:\Users\Yusuf Bagus SH\Documents\GitLab\Proyek404\survey\app\Views\Laporan\ListLaporanOPD.php(16): CodeIgniter\Debug\Exceptions->errorHandler(8, 'Undefined varia...', 'C:\\Users\\Yusuf ...', 16, Array)
#1 C:\Users\Yusuf Bagus SH\Documents\GitLab\Proyek404\survey\vendor\codeigniter4\framework\system\View\View.php(210): include('C:\\Users\\Yusuf ...')
#2 C:\Users\Yusuf Bagus SH\Documents\GitLab\Proyek404\survey\vendor\codeigniter4\framework\system\View\View.php(213): CodeIgniter\View\View->CodeIgniter\View\{closure}()
#3 C:\Users\Yusuf Bagus SH\Documents\GitLab\Proyek404\survey\vendor\codeigniter4\framework\system\Common.php(1089): CodeIgniter\View\View->render('Laporan/ListLap...', Array, true)
#4 C:\Users\Yusuf Bagus SH\Documents\GitLab\Proyek404\survey\app\Controllers\Laporan.php(103): view('Laporan/ListLap...', Array)
#5 C:\Users\Yusuf Bagus SH\Documents\GitLab\Proyek404\survey\vendor\codeigniter4\framework\system\CodeIgniter.php(832): App\Controllers\Laporan->listLaporanOPD('001', '2022')
#6 C:\Users\Yusuf Bagus SH\Documents\GitLab\Proyek404\survey\vendor\codeigniter4\framework\system\CodeIgniter.php(419): CodeIgniter\CodeIgniter->runController(Object(App\Controllers\Laporan))
#7 C:\Users\Yusuf Bagus SH\Documents\GitLab\Proyek404\survey\vendor\codeigniter4\framework\system\CodeIgniter.php(326): CodeIgniter\CodeIgniter->handleRequest(NULL, Object(Config\Cache), false)
#8 C:\Users\Yusuf Bagus SH\Documents\GitLab\Proyek404\survey\public\index.php(37): CodeIgniter\CodeIgniter->run()
#9 C:\Users\Yusuf Bagus SH\Documents\GitLab\Proyek404\survey\vendor\codeigniter4\framework\system\Commands\Server\rewrite.php(43): require_once('C:\\Users\\Yusuf ...')
#10 {main}
CRITICAL - 2022-04-26 20:19:04 --> Undefined variable: sv
#0 C:\Users\Yusuf Bagus SH\Documents\GitLab\Proyek404\survey\app\Views\Laporan\ListLaporanOPD.php(16): CodeIgniter\Debug\Exceptions->errorHandler(8, 'Undefined varia...', 'C:\\Users\\Yusuf ...', 16, Array)
#1 C:\Users\Yusuf Bagus SH\Documents\GitLab\Proyek404\survey\vendor\codeigniter4\framework\system\View\View.php(210): include('C:\\Users\\Yusuf ...')
#2 C:\Users\Yusuf Bagus SH\Documents\GitLab\Proyek404\survey\vendor\codeigniter4\framework\system\View\View.php(213): CodeIgniter\View\View->CodeIgniter\View\{closure}()
#3 C:\Users\Yusuf Bagus SH\Documents\GitLab\Proyek404\survey\vendor\codeigniter4\framework\system\Common.php(1089): CodeIgniter\View\View->render('Laporan/ListLap...', Array, true)
#4 C:\Users\Yusuf Bagus SH\Documents\GitLab\Proyek404\survey\app\Controllers\Laporan.php(103): view('Laporan/ListLap...', Array)
#5 C:\Users\Yusuf Bagus SH\Documents\GitLab\Proyek404\survey\vendor\codeigniter4\framework\system\CodeIgniter.php(832): App\Controllers\Laporan->listLaporanOPD('001', '2022')
#6 C:\Users\Yusuf Bagus SH\Documents\GitLab\Proyek404\survey\vendor\codeigniter4\framework\system\CodeIgniter.php(419): CodeIgniter\CodeIgniter->runController(Object(App\Controllers\Laporan))
#7 C:\Users\Yusuf Bagus SH\Documents\GitLab\Proyek404\survey\vendor\codeigniter4\framework\system\CodeIgniter.php(326): CodeIgniter\CodeIgniter->handleRequest(NULL, Object(Config\Cache), false)
#8 C:\Users\Yusuf Bagus SH\Documents\GitLab\Proyek404\survey\public\index.php(37): CodeIgniter\CodeIgniter->run()
#9 C:\Users\Yusuf Bagus SH\Documents\GitLab\Proyek404\survey\vendor\codeigniter4\framework\system\Commands\Server\rewrite.php(43): require_once('C:\\Users\\Yusuf ...')
#10 {main}
CRITICAL - 2022-04-26 20:19:33 --> Too few arguments to function App\Controllers\Laporan::listLaporanOPD(), 0 passed in C:\Users\Yusuf Bagus SH\Documents\GitLab\Proyek404\survey\vendor\codeigniter4\framework\system\CodeIgniter.php on line 832 and exactly 2 expected
#0 C:\Users\Yusuf Bagus SH\Documents\GitLab\Proyek404\survey\vendor\codeigniter4\framework\system\CodeIgniter.php(832): App\Controllers\Laporan->listLaporanOPD()
#1 C:\Users\Yusuf Bagus SH\Documents\GitLab\Proyek404\survey\vendor\codeigniter4\framework\system\CodeIgniter.php(419): CodeIgniter\CodeIgniter->runController(Object(App\Controllers\Laporan))
#2 C:\Users\Yusuf Bagus SH\Documents\GitLab\Proyek404\survey\vendor\codeigniter4\framework\system\CodeIgniter.php(326): CodeIgniter\CodeIgniter->handleRequest(NULL, Object(Config\Cache), false)
#3 C:\Users\Yusuf Bagus SH\Documents\GitLab\Proyek404\survey\public\index.php(37): CodeIgniter\CodeIgniter->run()
#4 C:\Users\Yusuf Bagus SH\Documents\GitLab\Proyek404\survey\vendor\codeigniter4\framework\system\Commands\Server\rewrite.php(43): require_once('C:\\Users\\Yusuf ...')
#5 {main}
CRITICAL - 2022-04-26 20:21:41 --> Undefined variable: survey_tahun
#0 C:\Users\Yusuf Bagus SH\Documents\GitLab\Proyek404\survey\app\Views\Laporan\ListLaporanOPD.php(16): CodeIgniter\Debug\Exceptions->errorHandler(8, 'Undefined varia...', 'C:\\Users\\Yusuf ...', 16, Array)
#1 C:\Users\Yusuf Bagus SH\Documents\GitLab\Proyek404\survey\vendor\codeigniter4\framework\system\View\View.php(210): include('C:\\Users\\Yusuf ...')
#2 C:\Users\Yusuf Bagus SH\Documents\GitLab\Proyek404\survey\vendor\codeigniter4\framework\system\View\View.php(213): CodeIgniter\View\View->CodeIgniter\View\{closure}()
#3 C:\Users\Yusuf Bagus SH\Documents\GitLab\Proyek404\survey\vendor\codeigniter4\framework\system\Common.php(1089): CodeIgniter\View\View->render('Laporan/ListLap...', Array, true)
#4 C:\Users\Yusuf Bagus SH\Documents\GitLab\Proyek404\survey\app\Controllers\Laporan.php(104): view('Laporan/ListLap...', Array)
#5 C:\Users\Yusuf Bagus SH\Documents\GitLab\Proyek404\survey\vendor\codeigniter4\framework\system\CodeIgniter.php(832): App\Controllers\Laporan->listLaporanOPD('001', '2022')
#6 C:\Users\Yusuf Bagus SH\Documents\GitLab\Proyek404\survey\vendor\codeigniter4\framework\system\CodeIgniter.php(419): CodeIgniter\CodeIgniter->runController(Object(App\Controllers\Laporan))
#7 C:\Users\Yusuf Bagus SH\Documents\GitLab\Proyek404\survey\vendor\codeigniter4\framework\system\CodeIgniter.php(326): CodeIgniter\CodeIgniter->handleRequest(NULL, Object(Config\Cache), false)
#8 C:\Users\Yusuf Bagus SH\Documents\GitLab\Proyek404\survey\public\index.php(37): CodeIgniter\CodeIgniter->run()
#9 C:\Users\Yusuf Bagus SH\Documents\GitLab\Proyek404\survey\vendor\codeigniter4\framework\system\Commands\Server\rewrite.php(43): require_once('C:\\Users\\Yusuf ...')
#10 {main}
CRITICAL - 2022-04-26 20:21:55 --> Too few arguments to function App\Controllers\Laporan::listLaporanOPD(), 0 passed in C:\Users\Yusuf Bagus SH\Documents\GitLab\Proyek404\survey\vendor\codeigniter4\framework\system\CodeIgniter.php on line 832 and exactly 2 expected
#0 C:\Users\Yusuf Bagus SH\Documents\GitLab\Proyek404\survey\vendor\codeigniter4\framework\system\CodeIgniter.php(832): App\Controllers\Laporan->listLaporanOPD()
#1 C:\Users\Yusuf Bagus SH\Documents\GitLab\Proyek404\survey\vendor\codeigniter4\framework\system\CodeIgniter.php(419): CodeIgniter\CodeIgniter->runController(Object(App\Controllers\Laporan))
#2 C:\Users\Yusuf Bagus SH\Documents\GitLab\Proyek404\survey\vendor\codeigniter4\framework\system\CodeIgniter.php(326): CodeIgniter\CodeIgniter->handleRequest(NULL, Object(Config\Cache), false)
#3 C:\Users\Yusuf Bagus SH\Documents\GitLab\Proyek404\survey\public\index.php(37): CodeIgniter\CodeIgniter->run()
#4 C:\Users\Yusuf Bagus SH\Documents\GitLab\Proyek404\survey\vendor\codeigniter4\framework\system\Commands\Server\rewrite.php(43): require_once('C:\\Users\\Yusuf ...')
#5 {main}
CRITICAL - 2022-04-26 20:22:01 --> Too few arguments to function App\Controllers\Laporan::listLaporanOPD(), 0 passed in C:\Users\Yusuf Bagus SH\Documents\GitLab\Proyek404\survey\vendor\codeigniter4\framework\system\CodeIgniter.php on line 832 and exactly 2 expected
#0 C:\Users\Yusuf Bagus SH\Documents\GitLab\Proyek404\survey\vendor\codeigniter4\framework\system\CodeIgniter.php(832): App\Controllers\Laporan->listLaporanOPD()
#1 C:\Users\Yusuf Bagus SH\Documents\GitLab\Proyek404\survey\vendor\codeigniter4\framework\system\CodeIgniter.php(419): CodeIgniter\CodeIgniter->runController(Object(App\Controllers\Laporan))
#2 C:\Users\Yusuf Bagus SH\Documents\GitLab\Proyek404\survey\vendor\codeigniter4\framework\system\CodeIgniter.php(326): CodeIgniter\CodeIgniter->handleRequest(NULL, Object(Config\Cache), false)
#3 C:\Users\Yusuf Bagus SH\Documents\GitLab\Proyek404\survey\public\index.php(37): CodeIgniter\CodeIgniter->run()
#4 C:\Users\Yusuf Bagus SH\Documents\GitLab\Proyek404\survey\vendor\codeigniter4\framework\system\Commands\Server\rewrite.php(43): require_once('C:\\Users\\Yusuf ...')
#5 {main}
CRITICAL - 2022-04-26 21:27:38 --> syntax error, unexpected ']'
#0 C:\Users\Yusuf Bagus SH\Documents\GitLab\Proyek404\survey\vendor\codeigniter4\framework\system\Router\Router.php(175): CodeIgniter\Router\Router->autoRoute('laporan/listopd...')
#1 C:\Users\Yusuf Bagus SH\Documents\GitLab\Proyek404\survey\vendor\codeigniter4\framework\system\CodeIgniter.php(726): CodeIgniter\Router\Router->handle('laporan/listopd...')
#2 C:\Users\Yusuf Bagus SH\Documents\GitLab\Proyek404\survey\vendor\codeigniter4\framework\system\CodeIgniter.php(368): CodeIgniter\CodeIgniter->tryToRouteIt(Object(CodeIgniter\Router\RouteCollection))
#3 C:\Users\Yusuf Bagus SH\Documents\GitLab\Proyek404\survey\vendor\codeigniter4\framework\system\CodeIgniter.php(326): CodeIgniter\CodeIgniter->handleRequest(NULL, Object(Config\Cache), false)
#4 C:\Users\Yusuf Bagus SH\Documents\GitLab\Proyek404\survey\public\index.php(37): CodeIgniter\CodeIgniter->run()
#5 C:\Users\Yusuf Bagus SH\Documents\GitLab\Proyek404\survey\vendor\codeigniter4\framework\system\Commands\Server\rewrite.php(43): require_once('C:\\Users\\Yusuf ...')
#6 {main}
CRITICAL - 2022-04-26 21:27:41 --> syntax error, unexpected ']'
#0 C:\Users\Yusuf Bagus SH\Documents\GitLab\Proyek404\survey\vendor\codeigniter4\framework\system\Router\Router.php(175): CodeIgniter\Router\Router->autoRoute('laporan/index/')
#1 C:\Users\Yusuf Bagus SH\Documents\GitLab\Proyek404\survey\vendor\codeigniter4\framework\system\CodeIgniter.php(726): CodeIgniter\Router\Router->handle('laporan/index/')
#2 C:\Users\Yusuf Bagus SH\Documents\GitLab\Proyek404\survey\vendor\codeigniter4\framework\system\CodeIgniter.php(368): CodeIgniter\CodeIgniter->tryToRouteIt(Object(CodeIgniter\Router\RouteCollection))
#3 C:\Users\Yusuf Bagus SH\Documents\GitLab\Proyek404\survey\vendor\codeigniter4\framework\system\CodeIgniter.php(326): CodeIgniter\CodeIgniter->handleRequest(NULL, Object(Config\Cache), false)
#4 C:\Users\Yusuf Bagus SH\Documents\GitLab\Proyek404\survey\public\index.php(37): CodeIgniter\CodeIgniter->run()
#5 C:\Users\Yusuf Bagus SH\Documents\GitLab\Proyek404\survey\vendor\codeigniter4\framework\system\Commands\Server\rewrite.php(43): require_once('C:\\Users\\Yusuf ...')
#6 {main}
CRITICAL - 2022-04-26 21:27:43 --> syntax error, unexpected ']'
#0 C:\Users\Yusuf Bagus SH\Documents\GitLab\Proyek404\survey\vendor\codeigniter4\framework\system\Router\Router.php(175): CodeIgniter\Router\Router->autoRoute('laporan/index')
#1 C:\Users\Yusuf Bagus SH\Documents\GitLab\Proyek404\survey\vendor\codeigniter4\framework\system\CodeIgniter.php(726): CodeIgniter\Router\Router->handle('laporan/index')
#2 C:\Users\Yusuf Bagus SH\Documents\GitLab\Proyek404\survey\vendor\codeigniter4\framework\system\CodeIgniter.php(368): CodeIgniter\CodeIgniter->tryToRouteIt(Object(CodeIgniter\Router\RouteCollection))
#3 C:\Users\Yusuf Bagus SH\Documents\GitLab\Proyek404\survey\vendor\codeigniter4\framework\system\CodeIgniter.php(326): CodeIgniter\CodeIgniter->handleRequest(NULL, Object(Config\Cache), false)
#4 C:\Users\Yusuf Bagus SH\Documents\GitLab\Proyek404\survey\public\index.php(37): CodeIgniter\CodeIgniter->run()
#5 C:\Users\Yusuf Bagus SH\Documents\GitLab\Proyek404\survey\vendor\codeigniter4\framework\system\Commands\Server\rewrite.php(43): require_once('C:\\Users\\Yusuf ...')
#6 {main}
CRITICAL - 2022-04-26 21:27:45 --> syntax error, unexpected ']'
#0 C:\Users\Yusuf Bagus SH\Documents\GitLab\Proyek404\survey\vendor\codeigniter4\framework\system\Autoloader\Autoloader.php(241): CodeIgniter\Autoloader\Autoloader->includeFile('C:\\Users\\Yusuf ...')
#1 C:\Users\Yusuf Bagus SH\Documents\GitLab\Proyek404\survey\vendor\codeigniter4\framework\system\Autoloader\Autoloader.php(219): CodeIgniter\Autoloader\Autoloader->loadInNamespace('App\\Controllers...')
#2 [internal function]: CodeIgniter\Autoloader\Autoloader->loadClass('App\\Controllers...')
#3 [internal function]: spl_autoload_call('App\\Controllers...')
#4 C:\Users\Yusuf Bagus SH\Documents\GitLab\Proyek404\survey\vendor\codeigniter4\framework\system\CodeIgniter.php(797): class_exists('\\App\\Controller...', true)
#5 C:\Users\Yusuf Bagus SH\Documents\GitLab\Proyek404\survey\vendor\codeigniter4\framework\system\CodeIgniter.php(406): CodeIgniter\CodeIgniter->startController()
#6 C:\Users\Yusuf Bagus SH\Documents\GitLab\Proyek404\survey\vendor\codeigniter4\framework\system\CodeIgniter.php(326): CodeIgniter\CodeIgniter->handleRequest(NULL, Object(Config\Cache), false)
#7 C:\Users\Yusuf Bagus SH\Documents\GitLab\Proyek404\survey\public\index.php(37): CodeIgniter\CodeIgniter->run()
#8 C:\Users\Yusuf Bagus SH\Documents\GitLab\Proyek404\survey\vendor\codeigniter4\framework\system\Commands\Server\rewrite.php(43): require_once('C:\\Users\\Yusuf ...')
#9 {main}
CRITICAL - 2022-04-26 21:28:08 --> Too few arguments to function App\Controllers\Laporan::listLaporanOPD(), 0 passed in C:\Users\Yusuf Bagus SH\Documents\GitLab\Proyek404\survey\vendor\codeigniter4\framework\system\CodeIgniter.php on line 832 and exactly 2 expected
#0 C:\Users\Yusuf Bagus SH\Documents\GitLab\Proyek404\survey\vendor\codeigniter4\framework\system\CodeIgniter.php(832): App\Controllers\Laporan->listLaporanOPD()
#1 C:\Users\Yusuf Bagus SH\Documents\GitLab\Proyek404\survey\vendor\codeigniter4\framework\system\CodeIgniter.php(419): CodeIgniter\CodeIgniter->runController(Object(App\Controllers\Laporan))
#2 C:\Users\Yusuf Bagus SH\Documents\GitLab\Proyek404\survey\vendor\codeigniter4\framework\system\CodeIgniter.php(326): CodeIgniter\CodeIgniter->handleRequest(NULL, Object(Config\Cache), false)
#3 C:\Users\Yusuf Bagus SH\Documents\GitLab\Proyek404\survey\public\index.php(37): CodeIgniter\CodeIgniter->run()
#4 C:\Users\Yusuf Bagus SH\Documents\GitLab\Proyek404\survey\vendor\codeigniter4\framework\system\Commands\Server\rewrite.php(43): require_once('C:\\Users\\Yusuf ...')
#5 {main}
CRITICAL - 2022-04-26 21:28:26 --> Too few arguments to function App\Controllers\Laporan::listLaporanOPD(), 0 passed in C:\Users\Yusuf Bagus SH\Documents\GitLab\Proyek404\survey\vendor\codeigniter4\framework\system\CodeIgniter.php on line 832 and exactly 2 expected
#0 C:\Users\Yusuf Bagus SH\Documents\GitLab\Proyek404\survey\vendor\codeigniter4\framework\system\CodeIgniter.php(832): App\Controllers\Laporan->listLaporanOPD()
#1 C:\Users\Yusuf Bagus SH\Documents\GitLab\Proyek404\survey\vendor\codeigniter4\framework\system\CodeIgniter.php(419): CodeIgniter\CodeIgniter->runController(Object(App\Controllers\Laporan))
#2 C:\Users\Yusuf Bagus SH\Documents\GitLab\Proyek404\survey\vendor\codeigniter4\framework\system\CodeIgniter.php(326): CodeIgniter\CodeIgniter->handleRequest(NULL, Object(Config\Cache), false)
#3 C:\Users\Yusuf Bagus SH\Documents\GitLab\Proyek404\survey\public\index.php(37): CodeIgniter\CodeIgniter->run()
#4 C:\Users\Yusuf Bagus SH\Documents\GitLab\Proyek404\survey\vendor\codeigniter4\framework\system\Commands\Server\rewrite.php(43): require_once('C:\\Users\\Yusuf ...')
#5 {main}
CRITICAL - 2022-04-26 21:28:30 --> Too few arguments to function App\Controllers\Laporan::listLaporanOPD(), 0 passed in C:\Users\Yusuf Bagus SH\Documents\GitLab\Proyek404\survey\vendor\codeigniter4\framework\system\CodeIgniter.php on line 832 and exactly 2 expected
#0 C:\Users\Yusuf Bagus SH\Documents\GitLab\Proyek404\survey\vendor\codeigniter4\framework\system\CodeIgniter.php(832): App\Controllers\Laporan->listLaporanOPD()
#1 C:\Users\Yusuf Bagus SH\Documents\GitLab\Proyek404\survey\vendor\codeigniter4\framework\system\CodeIgniter.php(419): CodeIgniter\CodeIgniter->runController(Object(App\Controllers\Laporan))
#2 C:\Users\Yusuf Bagus SH\Documents\GitLab\Proyek404\survey\vendor\codeigniter4\framework\system\CodeIgniter.php(326): CodeIgniter\CodeIgniter->handleRequest(NULL, Object(Config\Cache), false)
#3 C:\Users\Yusuf Bagus SH\Documents\GitLab\Proyek404\survey\public\index.php(37): CodeIgniter\CodeIgniter->run()
#4 C:\Users\Yusuf Bagus SH\Documents\GitLab\Proyek404\survey\vendor\codeigniter4\framework\system\Commands\Server\rewrite.php(43): require_once('C:\\Users\\Yusuf ...')
#5 {main}
CRITICAL - 2022-04-26 21:30:34 --> Too few arguments to function App\Controllers\Laporan::listLaporanOPD(), 1 passed in C:\Users\Yusuf Bagus SH\Documents\GitLab\Proyek404\survey\vendor\codeigniter4\framework\system\CodeIgniter.php on line 832 and exactly 2 expected
#0 C:\Users\Yusuf Bagus SH\Documents\GitLab\Proyek404\survey\vendor\codeigniter4\framework\system\CodeIgniter.php(832): App\Controllers\Laporan->listLaporanOPD('2022')
#1 C:\Users\Yusuf Bagus SH\Documents\GitLab\Proyek404\survey\vendor\codeigniter4\framework\system\CodeIgniter.php(419): CodeIgniter\CodeIgniter->runController(Object(App\Controllers\Laporan))
#2 C:\Users\Yusuf Bagus SH\Documents\GitLab\Proyek404\survey\vendor\codeigniter4\framework\system\CodeIgniter.php(326): CodeIgniter\CodeIgniter->handleRequest(NULL, Object(Config\Cache), false)
#3 C:\Users\Yusuf Bagus SH\Documents\GitLab\Proyek404\survey\public\index.php(37): CodeIgniter\CodeIgniter->run()
#4 C:\Users\Yusuf Bagus SH\Documents\GitLab\Proyek404\survey\vendor\codeigniter4\framework\system\Commands\Server\rewrite.php(43): require_once('C:\\Users\\Yusuf ...')
#5 {main}
CRITICAL - 2022-04-26 21:30:48 --> Too few arguments to function App\Controllers\Laporan::listLaporanOPD(), 0 passed in C:\Users\Yusuf Bagus SH\Documents\GitLab\Proyek404\survey\vendor\codeigniter4\framework\system\CodeIgniter.php on line 832 and exactly 2 expected
#0 C:\Users\Yusuf Bagus SH\Documents\GitLab\Proyek404\survey\vendor\codeigniter4\framework\system\CodeIgniter.php(832): App\Controllers\Laporan->listLaporanOPD()
#1 C:\Users\Yusuf Bagus SH\Documents\GitLab\Proyek404\survey\vendor\codeigniter4\framework\system\CodeIgniter.php(419): CodeIgniter\CodeIgniter->runController(Object(App\Controllers\Laporan))
#2 C:\Users\Yusuf Bagus SH\Documents\GitLab\Proyek404\survey\vendor\codeigniter4\framework\system\CodeIgniter.php(326): CodeIgniter\CodeIgniter->handleRequest(NULL, Object(Config\Cache), false)
#3 C:\Users\Yusuf Bagus SH\Documents\GitLab\Proyek404\survey\public\index.php(37): CodeIgniter\CodeIgniter->run()
#4 C:\Users\Yusuf Bagus SH\Documents\GitLab\Proyek404\survey\vendor\codeigniter4\framework\system\Commands\Server\rewrite.php(43): require_once('C:\\Users\\Yusuf ...')
#5 {main}
CRITICAL - 2022-04-26 21:30:55 --> Too few arguments to function App\Controllers\Laporan::listLaporanOPD(), 0 passed in C:\Users\Yusuf Bagus SH\Documents\GitLab\Proyek404\survey\vendor\codeigniter4\framework\system\CodeIgniter.php on line 832 and exactly 2 expected
#0 C:\Users\Yusuf Bagus SH\Documents\GitLab\Proyek404\survey\vendor\codeigniter4\framework\system\CodeIgniter.php(832): App\Controllers\Laporan->listLaporanOPD()
#1 C:\Users\Yusuf Bagus SH\Documents\GitLab\Proyek404\survey\vendor\codeigniter4\framework\system\CodeIgniter.php(419): CodeIgniter\CodeIgniter->runController(Object(App\Controllers\Laporan))
#2 C:\Users\Yusuf Bagus SH\Documents\GitLab\Proyek404\survey\vendor\codeigniter4\framework\system\CodeIgniter.php(326): CodeIgniter\CodeIgniter->handleRequest(NULL, Object(Config\Cache), false)
#3 C:\Users\Yusuf Bagus SH\Documents\GitLab\Proyek404\survey\public\index.php(37): CodeIgniter\CodeIgniter->run()
#4 C:\Users\Yusuf Bagus SH\Documents\GitLab\Proyek404\survey\vendor\codeigniter4\framework\system\Commands\Server\rewrite.php(43): require_once('C:\\Users\\Yusuf ...')
#5 {main}
CRITICAL - 2022-04-26 21:37:38 --> syntax error, unexpected 'if' (T_IF)
#0 C:\Users\Yusuf Bagus SH\Documents\GitLab\Proyek404\survey\vendor\codeigniter4\framework\system\CodeIgniter.php(368): CodeIgniter\CodeIgniter->tryToRouteIt(NULL)
#1 C:\Users\Yusuf Bagus SH\Documents\GitLab\Proyek404\survey\vendor\codeigniter4\framework\system\CodeIgniter.php(326): CodeIgniter\CodeIgniter->handleRequest(NULL, Object(Config\Cache), false)
#2 C:\Users\Yusuf Bagus SH\Documents\GitLab\Proyek404\survey\public\index.php(37): CodeIgniter\CodeIgniter->run()
#3 C:\Users\Yusuf Bagus SH\Documents\GitLab\Proyek404\survey\vendor\codeigniter4\framework\system\Commands\Server\rewrite.php(43): require_once('C:\\Users\\Yusuf ...')
#4 {main}
CRITICAL - 2022-04-26 21:38:23 --> Too few arguments to function App\Controllers\Laporan::listLaporanOPD(), 0 passed in C:\Users\Yusuf Bagus SH\Documents\GitLab\Proyek404\survey\vendor\codeigniter4\framework\system\CodeIgniter.php on line 832 and exactly 2 expected
#0 C:\Users\Yusuf Bagus SH\Documents\GitLab\Proyek404\survey\vendor\codeigniter4\framework\system\CodeIgniter.php(832): App\Controllers\Laporan->listLaporanOPD()
#1 C:\Users\Yusuf Bagus SH\Documents\GitLab\Proyek404\survey\vendor\codeigniter4\framework\system\CodeIgniter.php(419): CodeIgniter\CodeIgniter->runController(Object(App\Controllers\Laporan))
#2 C:\Users\Yusuf Bagus SH\Documents\GitLab\Proyek404\survey\vendor\codeigniter4\framework\system\CodeIgniter.php(326): CodeIgniter\CodeIgniter->handleRequest(NULL, Object(Config\Cache), false)
#3 C:\Users\Yusuf Bagus SH\Documents\GitLab\Proyek404\survey\public\index.php(37): CodeIgniter\CodeIgniter->run()
#4 C:\Users\Yusuf Bagus SH\Documents\GitLab\Proyek404\survey\vendor\codeigniter4\framework\system\Commands\Server\rewrite.php(43): require_once('C:\\Users\\Yusuf ...')
#5 {main}
CRITICAL - 2022-04-26 21:38:49 --> Too few arguments to function App\Controllers\Laporan::listLaporanOPD(), 0 passed in C:\Users\Yusuf Bagus SH\Documents\GitLab\Proyek404\survey\vendor\codeigniter4\framework\system\CodeIgniter.php on line 832 and exactly 2 expected
#0 C:\Users\Yusuf Bagus SH\Documents\GitLab\Proyek404\survey\vendor\codeigniter4\framework\system\CodeIgniter.php(832): App\Controllers\Laporan->listLaporanOPD()
#1 C:\Users\Yusuf Bagus SH\Documents\GitLab\Proyek404\survey\vendor\codeigniter4\framework\system\CodeIgniter.php(419): CodeIgniter\CodeIgniter->runController(Object(App\Controllers\Laporan))
#2 C:\Users\Yusuf Bagus SH\Documents\GitLab\Proyek404\survey\vendor\codeigniter4\framework\system\CodeIgniter.php(326): CodeIgniter\CodeIgniter->handleRequest(NULL, Object(Config\Cache), false)
#3 C:\Users\Yusuf Bagus SH\Documents\GitLab\Proyek404\survey\public\index.php(37): CodeIgniter\CodeIgniter->run()
#4 C:\Users\Yusuf Bagus SH\Documents\GitLab\Proyek404\survey\vendor\codeigniter4\framework\system\Commands\Server\rewrite.php(43): require_once('C:\\Users\\Yusuf ...')
#5 {main}
CRITICAL - 2022-04-26 22:21:17 --> Too few arguments to function App\Controllers\Opsi::add(), 0 passed in C:\Users\Yusuf Bagus SH\Documents\GitLab\Proyek404\survey\vendor\codeigniter4\framework\system\CodeIgniter.php on line 832 and exactly 2 expected
#0 C:\Users\Yusuf Bagus SH\Documents\GitLab\Proyek404\survey\vendor\codeigniter4\framework\system\CodeIgniter.php(832): App\Controllers\Opsi->add()
#1 C:\Users\Yusuf Bagus SH\Documents\GitLab\Proyek404\survey\vendor\codeigniter4\framework\system\CodeIgniter.php(419): CodeIgniter\CodeIgniter->runController(Object(App\Controllers\Opsi))
#2 C:\Users\Yusuf Bagus SH\Documents\GitLab\Proyek404\survey\vendor\codeigniter4\framework\system\CodeIgniter.php(326): CodeIgniter\CodeIgniter->handleRequest(NULL, Object(Config\Cache), false)
#3 C:\Users\Yusuf Bagus SH\Documents\GitLab\Proyek404\survey\public\index.php(37): CodeIgniter\CodeIgniter->run()
#4 C:\Users\Yusuf Bagus SH\Documents\GitLab\Proyek404\survey\vendor\codeigniter4\framework\system\Commands\Server\rewrite.php(43): require_once('C:\\Users\\Yusuf ...')
#5 {main}
CRITICAL - 2022-04-26 22:21:22 --> Too few arguments to function App\Controllers\Opsi::edit(), 0 passed in C:\Users\Yusuf Bagus SH\Documents\GitLab\Proyek404\survey\vendor\codeigniter4\framework\system\CodeIgniter.php on line 832 and exactly 1 expected
#0 C:\Users\Yusuf Bagus SH\Documents\GitLab\Proyek404\survey\vendor\codeigniter4\framework\system\CodeIgniter.php(832): App\Controllers\Opsi->edit()
#1 C:\Users\Yusuf Bagus SH\Documents\GitLab\Proyek404\survey\vendor\codeigniter4\framework\system\CodeIgniter.php(419): CodeIgniter\CodeIgniter->runController(Object(App\Controllers\Opsi))
#2 C:\Users\Yusuf Bagus SH\Documents\GitLab\Proyek404\survey\vendor\codeigniter4\framework\system\CodeIgniter.php(326): CodeIgniter\CodeIgniter->handleRequest(NULL, Object(Config\Cache), false)
#3 C:\Users\Yusuf Bagus SH\Documents\GitLab\Proyek404\survey\public\index.php(37): CodeIgniter\CodeIgniter->run()
#4 C:\Users\Yusuf Bagus SH\Documents\GitLab\Proyek404\survey\vendor\codeigniter4\framework\system\Commands\Server\rewrite.php(43): require_once('C:\\Users\\Yusuf ...')
#5 {main}
CRITICAL - 2022-04-26 22:22:50 --> Undefined index: users_role
#0 C:\Users\Yusuf Bagus SH\Documents\GitLab\Proyek404\survey\app\Views\Users\EditProfilUsers.php(70): CodeIgniter\Debug\Exceptions->errorHandler(8, 'Undefined index...', 'C:\\Users\\Yusuf ...', 70, Array)
#1 C:\Users\Yusuf Bagus SH\Documents\GitLab\Proyek404\survey\vendor\codeigniter4\framework\system\View\View.php(210): include('C:\\Users\\Yusuf ...')
#2 C:\Users\Yusuf Bagus SH\Documents\GitLab\Proyek404\survey\vendor\codeigniter4\framework\system\View\View.php(213): CodeIgniter\View\View->CodeIgniter\View\{closure}()
#3 C:\Users\Yusuf Bagus SH\Documents\GitLab\Proyek404\survey\vendor\codeigniter4\framework\system\Common.php(1089): CodeIgniter\View\View->render('/Users/EditProf...', Array, true)
#4 C:\Users\Yusuf Bagus SH\Documents\GitLab\Proyek404\survey\app\Controllers\Users.php(39): view('/Users/EditProf...', Array)
#5 C:\Users\Yusuf Bagus SH\Documents\GitLab\Proyek404\survey\vendor\codeigniter4\framework\system\CodeIgniter.php(832): App\Controllers\Users->edit()
#6 C:\Users\Yusuf Bagus SH\Documents\GitLab\Proyek404\survey\vendor\codeigniter4\framework\system\CodeIgniter.php(419): CodeIgniter\CodeIgniter->runController(Object(App\Controllers\Users))
#7 C:\Users\Yusuf Bagus SH\Documents\GitLab\Proyek404\survey\vendor\codeigniter4\framework\system\CodeIgniter.php(326): CodeIgniter\CodeIgniter->handleRequest(NULL, Object(Config\Cache), false)
#8 C:\Users\Yusuf Bagus SH\Documents\GitLab\Proyek404\survey\public\index.php(37): CodeIgniter\CodeIgniter->run()
#9 C:\Users\Yusuf Bagus SH\Documents\GitLab\Proyek404\survey\vendor\codeigniter4\framework\system\Commands\Server\rewrite.php(43): require_once('C:\\Users\\Yusuf ...')
#10 {main}
