CRITICAL - 2022-06-25 08:16:19 --> Too few arguments to function App\Controllers\Laporan::laporan(), 0 passed in C:\Users\Yusuf Bagus SH\Documents\GitLab\Proyek404\survey\vendor\codeigniter4\framework\system\CodeIgniter.php on line 837 and at least 1 expected
#0 C:\Users\Yusuf Bagus SH\Documents\GitLab\Proyek404\survey\vendor\codeigniter4\framework\system\CodeIgniter.php(837): App\Controllers\Laporan->laporan()
#1 C:\Users\Yusuf Bagus SH\Documents\GitLab\Proyek404\survey\vendor\codeigniter4\framework\system\CodeIgniter.php(424): CodeIgniter\CodeIgniter->runController()
#2 C:\Users\Yusuf Bagus SH\Documents\GitLab\Proyek404\survey\vendor\codeigniter4\framework\system\CodeIgniter.php(331): CodeIgniter\CodeIgniter->handleRequest()
#3 C:\Users\Yusuf Bagus SH\Documents\GitLab\Proyek404\survey\public\index.php(37): CodeIgniter\CodeIgniter->run()
#4 C:\Users\Yusuf Bagus SH\Documents\GitLab\Proyek404\survey\vendor\codeigniter4\framework\system\Commands\Server\rewrite.php(43): require_once('...')
#5 {main}
CRITICAL - 2022-06-25 08:16:44 --> Too few arguments to function App\Controllers\Laporan::laporan(), 0 passed in C:\Users\Yusuf Bagus SH\Documents\GitLab\Proyek404\survey\vendor\codeigniter4\framework\system\CodeIgniter.php on line 837 and at least 1 expected
#0 C:\Users\Yusuf Bagus SH\Documents\GitLab\Proyek404\survey\vendor\codeigniter4\framework\system\CodeIgniter.php(837): App\Controllers\Laporan->laporan()
#1 C:\Users\Yusuf Bagus SH\Documents\GitLab\Proyek404\survey\vendor\codeigniter4\framework\system\CodeIgniter.php(424): CodeIgniter\CodeIgniter->runController()
#2 C:\Users\Yusuf Bagus SH\Documents\GitLab\Proyek404\survey\vendor\codeigniter4\framework\system\CodeIgniter.php(331): CodeIgniter\CodeIgniter->handleRequest()
#3 C:\Users\Yusuf Bagus SH\Documents\GitLab\Proyek404\survey\public\index.php(37): CodeIgniter\CodeIgniter->run()
#4 C:\Users\Yusuf Bagus SH\Documents\GitLab\Proyek404\survey\vendor\codeigniter4\framework\system\Commands\Server\rewrite.php(43): require_once('...')
#5 {main}
CRITICAL - 2022-06-25 08:21:39 --> Too few arguments to function App\Controllers\Laporan::laporan(), 0 passed in C:\Users\Yusuf Bagus SH\Documents\GitLab\Proyek404\survey\vendor\codeigniter4\framework\system\CodeIgniter.php on line 837 and at least 1 expected
#0 C:\Users\Yusuf Bagus SH\Documents\GitLab\Proyek404\survey\vendor\codeigniter4\framework\system\CodeIgniter.php(837): App\Controllers\Laporan->laporan()
#1 C:\Users\Yusuf Bagus SH\Documents\GitLab\Proyek404\survey\vendor\codeigniter4\framework\system\CodeIgniter.php(424): CodeIgniter\CodeIgniter->runController()
#2 C:\Users\Yusuf Bagus SH\Documents\GitLab\Proyek404\survey\vendor\codeigniter4\framework\system\CodeIgniter.php(331): CodeIgniter\CodeIgniter->handleRequest()
#3 C:\Users\Yusuf Bagus SH\Documents\GitLab\Proyek404\survey\public\index.php(37): CodeIgniter\CodeIgniter->run()
#4 C:\Users\Yusuf Bagus SH\Documents\GitLab\Proyek404\survey\vendor\codeigniter4\framework\system\Commands\Server\rewrite.php(43): require_once('...')
#5 {main}
CRITICAL - 2022-06-25 09:26:05 --> array_shift(): Argument #1 ($array) must be of type array, null given
#0 C:\Users\Yusuf Bagus SH\Documents\GitLab\Proyek404\survey\app\Controllers\Laporan.php(73): array_shift()
#1 C:\Users\Yusuf Bagus SH\Documents\GitLab\Proyek404\survey\vendor\codeigniter4\framework\system\CodeIgniter.php(837): App\Controllers\Laporan->laporan()
#2 C:\Users\Yusuf Bagus SH\Documents\GitLab\Proyek404\survey\vendor\codeigniter4\framework\system\CodeIgniter.php(424): CodeIgniter\CodeIgniter->runController()
#3 C:\Users\Yusuf Bagus SH\Documents\GitLab\Proyek404\survey\vendor\codeigniter4\framework\system\CodeIgniter.php(331): CodeIgniter\CodeIgniter->handleRequest()
#4 C:\Users\Yusuf Bagus SH\Documents\GitLab\Proyek404\survey\public\index.php(37): CodeIgniter\CodeIgniter->run()
#5 C:\Users\Yusuf Bagus SH\Documents\GitLab\Proyek404\survey\vendor\codeigniter4\framework\system\Commands\Server\rewrite.php(43): require_once('...')
#6 {main}
CRITICAL - 2022-06-25 09:26:48 --> Call to undefined method App\Models\PertanyaanOpsiModel::getBanyakOpsiPertanyaan
#0 C:\Users\Yusuf Bagus SH\Documents\GitLab\Proyek404\survey\app\Controllers\Laporan.php(76): CodeIgniter\Model->__call()
#1 C:\Users\Yusuf Bagus SH\Documents\GitLab\Proyek404\survey\vendor\codeigniter4\framework\system\CodeIgniter.php(837): App\Controllers\Laporan->laporan()
#2 C:\Users\Yusuf Bagus SH\Documents\GitLab\Proyek404\survey\vendor\codeigniter4\framework\system\CodeIgniter.php(424): CodeIgniter\CodeIgniter->runController()
#3 C:\Users\Yusuf Bagus SH\Documents\GitLab\Proyek404\survey\vendor\codeigniter4\framework\system\CodeIgniter.php(331): CodeIgniter\CodeIgniter->handleRequest()
#4 C:\Users\Yusuf Bagus SH\Documents\GitLab\Proyek404\survey\public\index.php(37): CodeIgniter\CodeIgniter->run()
#5 C:\Users\Yusuf Bagus SH\Documents\GitLab\Proyek404\survey\vendor\codeigniter4\framework\system\Commands\Server\rewrite.php(43): require_once('...')
#6 {main}
CRITICAL - 2022-06-25 09:29:19 --> Undefined array key "opsi"
#0 C:\Users\Yusuf Bagus SH\Documents\GitLab\Proyek404\survey\app\Views\Laporan\Laporan.php(205): CodeIgniter\Debug\Exceptions->errorHandler()
#1 C:\Users\Yusuf Bagus SH\Documents\GitLab\Proyek404\survey\vendor\codeigniter4\framework\system\View\View.php(210): include('...')
#2 C:\Users\Yusuf Bagus SH\Documents\GitLab\Proyek404\survey\vendor\codeigniter4\framework\system\View\View.php(213): CodeIgniter\View\View->CodeIgniter\View\{closure}()
#3 C:\Users\Yusuf Bagus SH\Documents\GitLab\Proyek404\survey\vendor\codeigniter4\framework\system\Common.php(1089): CodeIgniter\View\View->render()
#4 C:\Users\Yusuf Bagus SH\Documents\GitLab\Proyek404\survey\app\Controllers\Laporan.php(90): view()
#5 C:\Users\Yusuf Bagus SH\Documents\GitLab\Proyek404\survey\vendor\codeigniter4\framework\system\CodeIgniter.php(837): App\Controllers\Laporan->laporan()
#6 C:\Users\Yusuf Bagus SH\Documents\GitLab\Proyek404\survey\vendor\codeigniter4\framework\system\CodeIgniter.php(424): CodeIgniter\CodeIgniter->runController()
#7 C:\Users\Yusuf Bagus SH\Documents\GitLab\Proyek404\survey\vendor\codeigniter4\framework\system\CodeIgniter.php(331): CodeIgniter\CodeIgniter->handleRequest()
#8 C:\Users\Yusuf Bagus SH\Documents\GitLab\Proyek404\survey\public\index.php(37): CodeIgniter\CodeIgniter->run()
#9 C:\Users\Yusuf Bagus SH\Documents\GitLab\Proyek404\survey\vendor\codeigniter4\framework\system\Commands\Server\rewrite.php(43): require_once('...')
#10 {main}
CRITICAL - 2022-06-25 09:30:32 --> Too few arguments to function App\Controllers\Laporan::laporan(), 0 passed in C:\Users\Yusuf Bagus SH\Documents\GitLab\Proyek404\survey\vendor\codeigniter4\framework\system\CodeIgniter.php on line 837 and at least 1 expected
#0 C:\Users\Yusuf Bagus SH\Documents\GitLab\Proyek404\survey\vendor\codeigniter4\framework\system\CodeIgniter.php(837): App\Controllers\Laporan->laporan()
#1 C:\Users\Yusuf Bagus SH\Documents\GitLab\Proyek404\survey\vendor\codeigniter4\framework\system\CodeIgniter.php(424): CodeIgniter\CodeIgniter->runController()
#2 C:\Users\Yusuf Bagus SH\Documents\GitLab\Proyek404\survey\vendor\codeigniter4\framework\system\CodeIgniter.php(331): CodeIgniter\CodeIgniter->handleRequest()
#3 C:\Users\Yusuf Bagus SH\Documents\GitLab\Proyek404\survey\public\index.php(37): CodeIgniter\CodeIgniter->run()
#4 C:\Users\Yusuf Bagus SH\Documents\GitLab\Proyek404\survey\vendor\codeigniter4\framework\system\Commands\Server\rewrite.php(43): require_once('...')
#5 {main}
CRITICAL - 2022-06-25 09:30:43 --> Too few arguments to function App\Controllers\Laporan::laporan(), 0 passed in C:\Users\Yusuf Bagus SH\Documents\GitLab\Proyek404\survey\vendor\codeigniter4\framework\system\CodeIgniter.php on line 837 and at least 1 expected
#0 C:\Users\Yusuf Bagus SH\Documents\GitLab\Proyek404\survey\vendor\codeigniter4\framework\system\CodeIgniter.php(837): App\Controllers\Laporan->laporan()
#1 C:\Users\Yusuf Bagus SH\Documents\GitLab\Proyek404\survey\vendor\codeigniter4\framework\system\CodeIgniter.php(424): CodeIgniter\CodeIgniter->runController()
#2 C:\Users\Yusuf Bagus SH\Documents\GitLab\Proyek404\survey\vendor\codeigniter4\framework\system\CodeIgniter.php(331): CodeIgniter\CodeIgniter->handleRequest()
#3 C:\Users\Yusuf Bagus SH\Documents\GitLab\Proyek404\survey\public\index.php(37): CodeIgniter\CodeIgniter->run()
#4 C:\Users\Yusuf Bagus SH\Documents\GitLab\Proyek404\survey\vendor\codeigniter4\framework\system\Commands\Server\rewrite.php(43): require_once('...')
#5 {main}
CRITICAL - 2022-06-25 09:32:27 --> Too few arguments to function App\Controllers\Laporan::laporan(), 0 passed in C:\Users\Yusuf Bagus SH\Documents\GitLab\Proyek404\survey\vendor\codeigniter4\framework\system\CodeIgniter.php on line 837 and at least 1 expected
#0 C:\Users\Yusuf Bagus SH\Documents\GitLab\Proyek404\survey\vendor\codeigniter4\framework\system\CodeIgniter.php(837): App\Controllers\Laporan->laporan()
#1 C:\Users\Yusuf Bagus SH\Documents\GitLab\Proyek404\survey\vendor\codeigniter4\framework\system\CodeIgniter.php(424): CodeIgniter\CodeIgniter->runController()
#2 C:\Users\Yusuf Bagus SH\Documents\GitLab\Proyek404\survey\vendor\codeigniter4\framework\system\CodeIgniter.php(331): CodeIgniter\CodeIgniter->handleRequest()
#3 C:\Users\Yusuf Bagus SH\Documents\GitLab\Proyek404\survey\public\index.php(37): CodeIgniter\CodeIgniter->run()
#4 C:\Users\Yusuf Bagus SH\Documents\GitLab\Proyek404\survey\vendor\codeigniter4\framework\system\Commands\Server\rewrite.php(43): require_once('...')
#5 {main}
CRITICAL - 2022-06-25 09:32:39 --> Too few arguments to function App\Controllers\Laporan::laporan(), 0 passed in C:\Users\Yusuf Bagus SH\Documents\GitLab\Proyek404\survey\vendor\codeigniter4\framework\system\CodeIgniter.php on line 837 and at least 1 expected
#0 C:\Users\Yusuf Bagus SH\Documents\GitLab\Proyek404\survey\vendor\codeigniter4\framework\system\CodeIgniter.php(837): App\Controllers\Laporan->laporan()
#1 C:\Users\Yusuf Bagus SH\Documents\GitLab\Proyek404\survey\vendor\codeigniter4\framework\system\CodeIgniter.php(424): CodeIgniter\CodeIgniter->runController()
#2 C:\Users\Yusuf Bagus SH\Documents\GitLab\Proyek404\survey\vendor\codeigniter4\framework\system\CodeIgniter.php(331): CodeIgniter\CodeIgniter->handleRequest()
#3 C:\Users\Yusuf Bagus SH\Documents\GitLab\Proyek404\survey\public\index.php(37): CodeIgniter\CodeIgniter->run()
#4 C:\Users\Yusuf Bagus SH\Documents\GitLab\Proyek404\survey\vendor\codeigniter4\framework\system\Commands\Server\rewrite.php(43): require_once('...')
#5 {main}
CRITICAL - 2022-06-25 09:42:16 --> Undefined array key "listOpsiTotal"
#0 C:\Users\Yusuf Bagus SH\Documents\GitLab\Proyek404\survey\app\Views\Laporan\Laporan.php(205): CodeIgniter\Debug\Exceptions->errorHandler()
#1 C:\Users\Yusuf Bagus SH\Documents\GitLab\Proyek404\survey\vendor\codeigniter4\framework\system\View\View.php(210): include('...')
#2 C:\Users\Yusuf Bagus SH\Documents\GitLab\Proyek404\survey\vendor\codeigniter4\framework\system\View\View.php(213): CodeIgniter\View\View->CodeIgniter\View\{closure}()
#3 C:\Users\Yusuf Bagus SH\Documents\GitLab\Proyek404\survey\vendor\codeigniter4\framework\system\Common.php(1089): CodeIgniter\View\View->render()
#4 C:\Users\Yusuf Bagus SH\Documents\GitLab\Proyek404\survey\app\Controllers\Laporan.php(90): view()
#5 C:\Users\Yusuf Bagus SH\Documents\GitLab\Proyek404\survey\vendor\codeigniter4\framework\system\CodeIgniter.php(837): App\Controllers\Laporan->laporan()
#6 C:\Users\Yusuf Bagus SH\Documents\GitLab\Proyek404\survey\vendor\codeigniter4\framework\system\CodeIgniter.php(424): CodeIgniter\CodeIgniter->runController()
#7 C:\Users\Yusuf Bagus SH\Documents\GitLab\Proyek404\survey\vendor\codeigniter4\framework\system\CodeIgniter.php(331): CodeIgniter\CodeIgniter->handleRequest()
#8 C:\Users\Yusuf Bagus SH\Documents\GitLab\Proyek404\survey\public\index.php(37): CodeIgniter\CodeIgniter->run()
#9 C:\Users\Yusuf Bagus SH\Documents\GitLab\Proyek404\survey\vendor\codeigniter4\framework\system\Commands\Server\rewrite.php(43): require_once('...')
#10 {main}
CRITICAL - 2022-06-25 09:42:36 --> Too few arguments to function App\Controllers\Laporan::laporan(), 0 passed in C:\Users\Yusuf Bagus SH\Documents\GitLab\Proyek404\survey\vendor\codeigniter4\framework\system\CodeIgniter.php on line 837 and at least 1 expected
#0 C:\Users\Yusuf Bagus SH\Documents\GitLab\Proyek404\survey\vendor\codeigniter4\framework\system\CodeIgniter.php(837): App\Controllers\Laporan->laporan()
#1 C:\Users\Yusuf Bagus SH\Documents\GitLab\Proyek404\survey\vendor\codeigniter4\framework\system\CodeIgniter.php(424): CodeIgniter\CodeIgniter->runController()
#2 C:\Users\Yusuf Bagus SH\Documents\GitLab\Proyek404\survey\vendor\codeigniter4\framework\system\CodeIgniter.php(331): CodeIgniter\CodeIgniter->handleRequest()
#3 C:\Users\Yusuf Bagus SH\Documents\GitLab\Proyek404\survey\public\index.php(37): CodeIgniter\CodeIgniter->run()
#4 C:\Users\Yusuf Bagus SH\Documents\GitLab\Proyek404\survey\vendor\codeigniter4\framework\system\Commands\Server\rewrite.php(43): require_once('...')
#5 {main}
CRITICAL - 2022-06-25 09:46:15 --> Too few arguments to function App\Controllers\Laporan::laporan(), 0 passed in C:\Users\Yusuf Bagus SH\Documents\GitLab\Proyek404\survey\vendor\codeigniter4\framework\system\CodeIgniter.php on line 837 and at least 1 expected
#0 C:\Users\Yusuf Bagus SH\Documents\GitLab\Proyek404\survey\vendor\codeigniter4\framework\system\CodeIgniter.php(837): App\Controllers\Laporan->laporan()
#1 C:\Users\Yusuf Bagus SH\Documents\GitLab\Proyek404\survey\vendor\codeigniter4\framework\system\CodeIgniter.php(424): CodeIgniter\CodeIgniter->runController()
#2 C:\Users\Yusuf Bagus SH\Documents\GitLab\Proyek404\survey\vendor\codeigniter4\framework\system\CodeIgniter.php(331): CodeIgniter\CodeIgniter->handleRequest()
#3 C:\Users\Yusuf Bagus SH\Documents\GitLab\Proyek404\survey\public\index.php(37): CodeIgniter\CodeIgniter->run()
#4 C:\Users\Yusuf Bagus SH\Documents\GitLab\Proyek404\survey\vendor\codeigniter4\framework\system\Commands\Server\rewrite.php(43): require_once('...')
#5 {main}
CRITICAL - 2022-06-25 09:51:00 --> Call to undefined method App\Models\PertanyaanOpsiModel::getBanyakOpsiPertanyaan
#0 C:\Users\Yusuf Bagus SH\Documents\GitLab\Proyek404\survey\app\Controllers\Export.php(325): CodeIgniter\Model->__call()
#1 C:\Users\Yusuf Bagus SH\Documents\GitLab\Proyek404\survey\vendor\codeigniter4\framework\system\CodeIgniter.php(837): App\Controllers\Export->printLaporan()
#2 C:\Users\Yusuf Bagus SH\Documents\GitLab\Proyek404\survey\vendor\codeigniter4\framework\system\CodeIgniter.php(424): CodeIgniter\CodeIgniter->runController()
#3 C:\Users\Yusuf Bagus SH\Documents\GitLab\Proyek404\survey\vendor\codeigniter4\framework\system\CodeIgniter.php(331): CodeIgniter\CodeIgniter->handleRequest()
#4 C:\Users\Yusuf Bagus SH\Documents\GitLab\Proyek404\survey\public\index.php(37): CodeIgniter\CodeIgniter->run()
#5 C:\Users\Yusuf Bagus SH\Documents\GitLab\Proyek404\survey\vendor\codeigniter4\framework\system\Commands\Server\rewrite.php(43): require_once('...')
#6 {main}
CRITICAL - 2022-06-25 10:01:13 --> Too few arguments to function App\Controllers\Laporan::laporan(), 0 passed in C:\Users\Yusuf Bagus SH\Documents\GitLab\Proyek404\survey\vendor\codeigniter4\framework\system\CodeIgniter.php on line 837 and at least 1 expected
#0 C:\Users\Yusuf Bagus SH\Documents\GitLab\Proyek404\survey\vendor\codeigniter4\framework\system\CodeIgniter.php(837): App\Controllers\Laporan->laporan()
#1 C:\Users\Yusuf Bagus SH\Documents\GitLab\Proyek404\survey\vendor\codeigniter4\framework\system\CodeIgniter.php(424): CodeIgniter\CodeIgniter->runController()
#2 C:\Users\Yusuf Bagus SH\Documents\GitLab\Proyek404\survey\vendor\codeigniter4\framework\system\CodeIgniter.php(331): CodeIgniter\CodeIgniter->handleRequest()
#3 C:\Users\Yusuf Bagus SH\Documents\GitLab\Proyek404\survey\public\index.php(37): CodeIgniter\CodeIgniter->run()
#4 C:\Users\Yusuf Bagus SH\Documents\GitLab\Proyek404\survey\vendor\codeigniter4\framework\system\Commands\Server\rewrite.php(43): require_once('...')
#5 {main}
CRITICAL - 2022-06-25 10:09:09 --> Too few arguments to function App\Controllers\Laporan::laporan(), 0 passed in C:\Users\Yusuf Bagus SH\Documents\GitLab\Proyek404\survey\vendor\codeigniter4\framework\system\CodeIgniter.php on line 837 and at least 1 expected
#0 C:\Users\Yusuf Bagus SH\Documents\GitLab\Proyek404\survey\vendor\codeigniter4\framework\system\CodeIgniter.php(837): App\Controllers\Laporan->laporan()
#1 C:\Users\Yusuf Bagus SH\Documents\GitLab\Proyek404\survey\vendor\codeigniter4\framework\system\CodeIgniter.php(424): CodeIgniter\CodeIgniter->runController()
#2 C:\Users\Yusuf Bagus SH\Documents\GitLab\Proyek404\survey\vendor\codeigniter4\framework\system\CodeIgniter.php(331): CodeIgniter\CodeIgniter->handleRequest()
#3 C:\Users\Yusuf Bagus SH\Documents\GitLab\Proyek404\survey\public\index.php(37): CodeIgniter\CodeIgniter->run()
#4 C:\Users\Yusuf Bagus SH\Documents\GitLab\Proyek404\survey\vendor\codeigniter4\framework\system\Commands\Server\rewrite.php(43): require_once('...')
#5 {main}
CRITICAL - 2022-06-25 11:26:49 --> Undefined variable $j
#0 C:\Users\Yusuf Bagus SH\Documents\GitLab\Proyek404\survey\app\Views\Grafik\GrafikPdf.php(82): CodeIgniter\Debug\Exceptions->errorHandler()
#1 C:\Users\Yusuf Bagus SH\Documents\GitLab\Proyek404\survey\vendor\codeigniter4\framework\system\View\View.php(210): include('...')
#2 C:\Users\Yusuf Bagus SH\Documents\GitLab\Proyek404\survey\vendor\codeigniter4\framework\system\View\View.php(213): CodeIgniter\View\View->CodeIgniter\View\{closure}()
#3 C:\Users\Yusuf Bagus SH\Documents\GitLab\Proyek404\survey\vendor\codeigniter4\framework\system\Common.php(1089): CodeIgniter\View\View->render()
#4 C:\Users\Yusuf Bagus SH\Documents\GitLab\Proyek404\survey\app\Controllers\Export.php(312): view()
#5 C:\Users\Yusuf Bagus SH\Documents\GitLab\Proyek404\survey\vendor\codeigniter4\framework\system\CodeIgniter.php(837): App\Controllers\Export->grafikPdf()
#6 C:\Users\Yusuf Bagus SH\Documents\GitLab\Proyek404\survey\vendor\codeigniter4\framework\system\CodeIgniter.php(424): CodeIgniter\CodeIgniter->runController()
#7 C:\Users\Yusuf Bagus SH\Documents\GitLab\Proyek404\survey\vendor\codeigniter4\framework\system\CodeIgniter.php(331): CodeIgniter\CodeIgniter->handleRequest()
#8 C:\Users\Yusuf Bagus SH\Documents\GitLab\Proyek404\survey\public\index.php(37): CodeIgniter\CodeIgniter->run()
#9 C:\Users\Yusuf Bagus SH\Documents\GitLab\Proyek404\survey\vendor\codeigniter4\framework\system\Commands\Server\rewrite.php(43): require_once('...')
#10 {main}
CRITICAL - 2022-06-25 12:12:49 --> Too few arguments to function App\Controllers\Laporan::laporan(), 0 passed in C:\Users\Yusuf Bagus SH\Documents\GitLab\Proyek404\survey\vendor\codeigniter4\framework\system\CodeIgniter.php on line 837 and at least 1 expected
#0 C:\Users\Yusuf Bagus SH\Documents\GitLab\Proyek404\survey\vendor\codeigniter4\framework\system\CodeIgniter.php(837): App\Controllers\Laporan->laporan()
#1 C:\Users\Yusuf Bagus SH\Documents\GitLab\Proyek404\survey\vendor\codeigniter4\framework\system\CodeIgniter.php(424): CodeIgniter\CodeIgniter->runController()
#2 C:\Users\Yusuf Bagus SH\Documents\GitLab\Proyek404\survey\vendor\codeigniter4\framework\system\CodeIgniter.php(331): CodeIgniter\CodeIgniter->handleRequest()
#3 C:\Users\Yusuf Bagus SH\Documents\GitLab\Proyek404\survey\public\index.php(37): CodeIgniter\CodeIgniter->run()
#4 C:\Users\Yusuf Bagus SH\Documents\GitLab\Proyek404\survey\vendor\codeigniter4\framework\system\Commands\Server\rewrite.php(43): require_once('...')
#5 {main}
CRITICAL - 2022-06-25 12:14:41 --> Too few arguments to function App\Controllers\Laporan::laporan(), 0 passed in C:\Users\Yusuf Bagus SH\Documents\GitLab\Proyek404\survey\vendor\codeigniter4\framework\system\CodeIgniter.php on line 837 and at least 1 expected
#0 C:\Users\Yusuf Bagus SH\Documents\GitLab\Proyek404\survey\vendor\codeigniter4\framework\system\CodeIgniter.php(837): App\Controllers\Laporan->laporan()
#1 C:\Users\Yusuf Bagus SH\Documents\GitLab\Proyek404\survey\vendor\codeigniter4\framework\system\CodeIgniter.php(424): CodeIgniter\CodeIgniter->runController()
#2 C:\Users\Yusuf Bagus SH\Documents\GitLab\Proyek404\survey\vendor\codeigniter4\framework\system\CodeIgniter.php(331): CodeIgniter\CodeIgniter->handleRequest()
#3 C:\Users\Yusuf Bagus SH\Documents\GitLab\Proyek404\survey\public\index.php(37): CodeIgniter\CodeIgniter->run()
#4 C:\Users\Yusuf Bagus SH\Documents\GitLab\Proyek404\survey\vendor\codeigniter4\framework\system\Commands\Server\rewrite.php(43): require_once('...')
#5 {main}
CRITICAL - 2022-06-25 12:17:04 --> Too few arguments to function App\Controllers\Laporan::laporan(), 0 passed in C:\Users\Yusuf Bagus SH\Documents\GitLab\Proyek404\survey\vendor\codeigniter4\framework\system\CodeIgniter.php on line 837 and at least 1 expected
#0 C:\Users\Yusuf Bagus SH\Documents\GitLab\Proyek404\survey\vendor\codeigniter4\framework\system\CodeIgniter.php(837): App\Controllers\Laporan->laporan()
#1 C:\Users\Yusuf Bagus SH\Documents\GitLab\Proyek404\survey\vendor\codeigniter4\framework\system\CodeIgniter.php(424): CodeIgniter\CodeIgniter->runController()
#2 C:\Users\Yusuf Bagus SH\Documents\GitLab\Proyek404\survey\vendor\codeigniter4\framework\system\CodeIgniter.php(331): CodeIgniter\CodeIgniter->handleRequest()
#3 C:\Users\Yusuf Bagus SH\Documents\GitLab\Proyek404\survey\public\index.php(37): CodeIgniter\CodeIgniter->run()
#4 C:\Users\Yusuf Bagus SH\Documents\GitLab\Proyek404\survey\vendor\codeigniter4\framework\system\Commands\Server\rewrite.php(43): require_once('...')
#5 {main}
CRITICAL - 2022-06-25 12:17:47 --> Too few arguments to function App\Controllers\Laporan::laporan(), 0 passed in C:\Users\Yusuf Bagus SH\Documents\GitLab\Proyek404\survey\vendor\codeigniter4\framework\system\CodeIgniter.php on line 837 and at least 1 expected
#0 C:\Users\Yusuf Bagus SH\Documents\GitLab\Proyek404\survey\vendor\codeigniter4\framework\system\CodeIgniter.php(837): App\Controllers\Laporan->laporan()
#1 C:\Users\Yusuf Bagus SH\Documents\GitLab\Proyek404\survey\vendor\codeigniter4\framework\system\CodeIgniter.php(424): CodeIgniter\CodeIgniter->runController()
#2 C:\Users\Yusuf Bagus SH\Documents\GitLab\Proyek404\survey\vendor\codeigniter4\framework\system\CodeIgniter.php(331): CodeIgniter\CodeIgniter->handleRequest()
#3 C:\Users\Yusuf Bagus SH\Documents\GitLab\Proyek404\survey\public\index.php(37): CodeIgniter\CodeIgniter->run()
#4 C:\Users\Yusuf Bagus SH\Documents\GitLab\Proyek404\survey\vendor\codeigniter4\framework\system\Commands\Server\rewrite.php(43): require_once('...')
#5 {main}
CRITICAL - 2022-06-25 12:20:29 --> Too few arguments to function App\Controllers\Laporan::laporan(), 0 passed in C:\Users\Yusuf Bagus SH\Documents\GitLab\Proyek404\survey\vendor\codeigniter4\framework\system\CodeIgniter.php on line 837 and at least 1 expected
#0 C:\Users\Yusuf Bagus SH\Documents\GitLab\Proyek404\survey\vendor\codeigniter4\framework\system\CodeIgniter.php(837): App\Controllers\Laporan->laporan()
#1 C:\Users\Yusuf Bagus SH\Documents\GitLab\Proyek404\survey\vendor\codeigniter4\framework\system\CodeIgniter.php(424): CodeIgniter\CodeIgniter->runController()
#2 C:\Users\Yusuf Bagus SH\Documents\GitLab\Proyek404\survey\vendor\codeigniter4\framework\system\CodeIgniter.php(331): CodeIgniter\CodeIgniter->handleRequest()
#3 C:\Users\Yusuf Bagus SH\Documents\GitLab\Proyek404\survey\public\index.php(37): CodeIgniter\CodeIgniter->run()
#4 C:\Users\Yusuf Bagus SH\Documents\GitLab\Proyek404\survey\vendor\codeigniter4\framework\system\Commands\Server\rewrite.php(43): require_once('...')
#5 {main}
CRITICAL - 2022-06-25 12:37:56 --> Too few arguments to function App\Controllers\Laporan::laporan(), 0 passed in C:\Users\Yusuf Bagus SH\Documents\GitLab\Proyek404\survey\vendor\codeigniter4\framework\system\CodeIgniter.php on line 837 and at least 1 expected
#0 C:\Users\Yusuf Bagus SH\Documents\GitLab\Proyek404\survey\vendor\codeigniter4\framework\system\CodeIgniter.php(837): App\Controllers\Laporan->laporan()
#1 C:\Users\Yusuf Bagus SH\Documents\GitLab\Proyek404\survey\vendor\codeigniter4\framework\system\CodeIgniter.php(424): CodeIgniter\CodeIgniter->runController()
#2 C:\Users\Yusuf Bagus SH\Documents\GitLab\Proyek404\survey\vendor\codeigniter4\framework\system\CodeIgniter.php(331): CodeIgniter\CodeIgniter->handleRequest()
#3 C:\Users\Yusuf Bagus SH\Documents\GitLab\Proyek404\survey\public\index.php(37): CodeIgniter\CodeIgniter->run()
#4 C:\Users\Yusuf Bagus SH\Documents\GitLab\Proyek404\survey\vendor\codeigniter4\framework\system\Commands\Server\rewrite.php(43): require_once('...')
#5 {main}
CRITICAL - 2022-06-25 12:38:06 --> Too few arguments to function App\Controllers\Laporan::laporan(), 0 passed in C:\Users\Yusuf Bagus SH\Documents\GitLab\Proyek404\survey\vendor\codeigniter4\framework\system\CodeIgniter.php on line 837 and at least 1 expected
#0 C:\Users\Yusuf Bagus SH\Documents\GitLab\Proyek404\survey\vendor\codeigniter4\framework\system\CodeIgniter.php(837): App\Controllers\Laporan->laporan()
#1 C:\Users\Yusuf Bagus SH\Documents\GitLab\Proyek404\survey\vendor\codeigniter4\framework\system\CodeIgniter.php(424): CodeIgniter\CodeIgniter->runController()
#2 C:\Users\Yusuf Bagus SH\Documents\GitLab\Proyek404\survey\vendor\codeigniter4\framework\system\CodeIgniter.php(331): CodeIgniter\CodeIgniter->handleRequest()
#3 C:\Users\Yusuf Bagus SH\Documents\GitLab\Proyek404\survey\public\index.php(37): CodeIgniter\CodeIgniter->run()
#4 C:\Users\Yusuf Bagus SH\Documents\GitLab\Proyek404\survey\vendor\codeigniter4\framework\system\Commands\Server\rewrite.php(43): require_once('...')
#5 {main}
CRITICAL - 2022-06-25 12:40:07 --> Too few arguments to function App\Controllers\Laporan::laporan(), 0 passed in C:\Users\Yusuf Bagus SH\Documents\GitLab\Proyek404\survey\vendor\codeigniter4\framework\system\CodeIgniter.php on line 837 and at least 1 expected
#0 C:\Users\Yusuf Bagus SH\Documents\GitLab\Proyek404\survey\vendor\codeigniter4\framework\system\CodeIgniter.php(837): App\Controllers\Laporan->laporan()
#1 C:\Users\Yusuf Bagus SH\Documents\GitLab\Proyek404\survey\vendor\codeigniter4\framework\system\CodeIgniter.php(424): CodeIgniter\CodeIgniter->runController()
#2 C:\Users\Yusuf Bagus SH\Documents\GitLab\Proyek404\survey\vendor\codeigniter4\framework\system\CodeIgniter.php(331): CodeIgniter\CodeIgniter->handleRequest()
#3 C:\Users\Yusuf Bagus SH\Documents\GitLab\Proyek404\survey\public\index.php(37): CodeIgniter\CodeIgniter->run()
#4 C:\Users\Yusuf Bagus SH\Documents\GitLab\Proyek404\survey\vendor\codeigniter4\framework\system\Commands\Server\rewrite.php(43): require_once('...')
#5 {main}
CRITICAL - 2022-06-25 12:41:16 --> Too few arguments to function App\Controllers\Laporan::laporan(), 0 passed in C:\Users\Yusuf Bagus SH\Documents\GitLab\Proyek404\survey\vendor\codeigniter4\framework\system\CodeIgniter.php on line 837 and at least 1 expected
#0 C:\Users\Yusuf Bagus SH\Documents\GitLab\Proyek404\survey\vendor\codeigniter4\framework\system\CodeIgniter.php(837): App\Controllers\Laporan->laporan()
#1 C:\Users\Yusuf Bagus SH\Documents\GitLab\Proyek404\survey\vendor\codeigniter4\framework\system\CodeIgniter.php(424): CodeIgniter\CodeIgniter->runController()
#2 C:\Users\Yusuf Bagus SH\Documents\GitLab\Proyek404\survey\vendor\codeigniter4\framework\system\CodeIgniter.php(331): CodeIgniter\CodeIgniter->handleRequest()
#3 C:\Users\Yusuf Bagus SH\Documents\GitLab\Proyek404\survey\public\index.php(37): CodeIgniter\CodeIgniter->run()
#4 C:\Users\Yusuf Bagus SH\Documents\GitLab\Proyek404\survey\vendor\codeigniter4\framework\system\Commands\Server\rewrite.php(43): require_once('...')
#5 {main}
CRITICAL - 2022-06-25 12:41:59 --> Too few arguments to function App\Controllers\Laporan::laporan(), 0 passed in C:\Users\Yusuf Bagus SH\Documents\GitLab\Proyek404\survey\vendor\codeigniter4\framework\system\CodeIgniter.php on line 837 and at least 1 expected
#0 C:\Users\Yusuf Bagus SH\Documents\GitLab\Proyek404\survey\vendor\codeigniter4\framework\system\CodeIgniter.php(837): App\Controllers\Laporan->laporan()
#1 C:\Users\Yusuf Bagus SH\Documents\GitLab\Proyek404\survey\vendor\codeigniter4\framework\system\CodeIgniter.php(424): CodeIgniter\CodeIgniter->runController()
#2 C:\Users\Yusuf Bagus SH\Documents\GitLab\Proyek404\survey\vendor\codeigniter4\framework\system\CodeIgniter.php(331): CodeIgniter\CodeIgniter->handleRequest()
#3 C:\Users\Yusuf Bagus SH\Documents\GitLab\Proyek404\survey\public\index.php(37): CodeIgniter\CodeIgniter->run()
#4 C:\Users\Yusuf Bagus SH\Documents\GitLab\Proyek404\survey\vendor\codeigniter4\framework\system\Commands\Server\rewrite.php(43): require_once('...')
#5 {main}
CRITICAL - 2022-06-25 13:28:47 --> Too few arguments to function App\Controllers\Laporan::laporan(), 0 passed in C:\Users\Yusuf Bagus SH\Documents\GitLab\Proyek404\survey\vendor\codeigniter4\framework\system\CodeIgniter.php on line 837 and at least 1 expected
#0 C:\Users\Yusuf Bagus SH\Documents\GitLab\Proyek404\survey\vendor\codeigniter4\framework\system\CodeIgniter.php(837): App\Controllers\Laporan->laporan()
#1 C:\Users\Yusuf Bagus SH\Documents\GitLab\Proyek404\survey\vendor\codeigniter4\framework\system\CodeIgniter.php(424): CodeIgniter\CodeIgniter->runController()
#2 C:\Users\Yusuf Bagus SH\Documents\GitLab\Proyek404\survey\vendor\codeigniter4\framework\system\CodeIgniter.php(331): CodeIgniter\CodeIgniter->handleRequest()
#3 C:\Users\Yusuf Bagus SH\Documents\GitLab\Proyek404\survey\public\index.php(37): CodeIgniter\CodeIgniter->run()
#4 C:\Users\Yusuf Bagus SH\Documents\GitLab\Proyek404\survey\vendor\codeigniter4\framework\system\Commands\Server\rewrite.php(43): require_once('...')
#5 {main}
CRITICAL - 2022-06-25 13:33:00 --> Cannot modify header information - headers already sent
#0 [internal function]: CodeIgniter\Debug\Exceptions->errorHandler()
#1 C:\Users\Yusuf Bagus SH\Documents\GitLab\Proyek404\survey\vendor\codeigniter4\framework\system\HTTP\ResponseTrait.php(743): setcookie()
#2 C:\Users\Yusuf Bagus SH\Documents\GitLab\Proyek404\survey\vendor\codeigniter4\framework\system\HTTP\ResponseTrait.php(719): CodeIgniter\HTTP\Response->doSetCookie()
#3 C:\Users\Yusuf Bagus SH\Documents\GitLab\Proyek404\survey\vendor\codeigniter4\framework\system\HTTP\ResponseTrait.php(699): CodeIgniter\HTTP\Response->dispatchCookies()
#4 C:\Users\Yusuf Bagus SH\Documents\GitLab\Proyek404\survey\vendor\codeigniter4\framework\system\HTTP\ResponseTrait.php(443): CodeIgniter\HTTP\Response->sendCookies()
#5 C:\Users\Yusuf Bagus SH\Documents\GitLab\Proyek404\survey\vendor\codeigniter4\framework\system\CodeIgniter.php(1003): CodeIgniter\HTTP\Response->send()
#6 C:\Users\Yusuf Bagus SH\Documents\GitLab\Proyek404\survey\vendor\codeigniter4\framework\system\CodeIgniter.php(463): CodeIgniter\CodeIgniter->sendResponse()
#7 C:\Users\Yusuf Bagus SH\Documents\GitLab\Proyek404\survey\vendor\codeigniter4\framework\system\CodeIgniter.php(331): CodeIgniter\CodeIgniter->handleRequest()
#8 C:\Users\Yusuf Bagus SH\Documents\GitLab\Proyek404\survey\public\index.php(37): CodeIgniter\CodeIgniter->run()
#9 C:\Users\Yusuf Bagus SH\Documents\GitLab\Proyek404\survey\vendor\codeigniter4\framework\system\Commands\Server\rewrite.php(43): require_once('...')
#10 {main}
CRITICAL - 2022-06-25 13:33:00 --> Uncaught ErrorException: Cannot modify header information - headers already sent in C:\Users\Yusuf Bagus SH\Documents\GitLab\Proyek404\survey\vendor\codeigniter4\framework\system\Debug\Exceptions.php:112
Stack trace:
#0 [internal function]: CodeIgniter\Debug\Exceptions->errorHandler()
#1 C:\Users\Yusuf Bagus SH\Documents\GitLab\Proyek404\survey\vendor\codeigniter4\framework\system\Debug\Exceptions.php(112): header()
#2 [internal function]: CodeIgniter\Debug\Exceptions->exceptionHandler()
#3 {main}
  thrown
#0 [internal function]: CodeIgniter\Debug\Exceptions->shutdownHandler()
#1 {main}
CRITICAL - 2022-06-25 13:33:04 --> Cannot modify header information - headers already sent
#0 [internal function]: CodeIgniter\Debug\Exceptions->errorHandler()
#1 C:\Users\Yusuf Bagus SH\Documents\GitLab\Proyek404\survey\vendor\codeigniter4\framework\system\HTTP\ResponseTrait.php(743): setcookie()
#2 C:\Users\Yusuf Bagus SH\Documents\GitLab\Proyek404\survey\vendor\codeigniter4\framework\system\HTTP\ResponseTrait.php(719): CodeIgniter\HTTP\Response->doSetCookie()
#3 C:\Users\Yusuf Bagus SH\Documents\GitLab\Proyek404\survey\vendor\codeigniter4\framework\system\HTTP\ResponseTrait.php(699): CodeIgniter\HTTP\Response->dispatchCookies()
#4 C:\Users\Yusuf Bagus SH\Documents\GitLab\Proyek404\survey\vendor\codeigniter4\framework\system\HTTP\ResponseTrait.php(443): CodeIgniter\HTTP\Response->sendCookies()
#5 C:\Users\Yusuf Bagus SH\Documents\GitLab\Proyek404\survey\vendor\codeigniter4\framework\system\CodeIgniter.php(1003): CodeIgniter\HTTP\Response->send()
#6 C:\Users\Yusuf Bagus SH\Documents\GitLab\Proyek404\survey\vendor\codeigniter4\framework\system\CodeIgniter.php(463): CodeIgniter\CodeIgniter->sendResponse()
#7 C:\Users\Yusuf Bagus SH\Documents\GitLab\Proyek404\survey\vendor\codeigniter4\framework\system\CodeIgniter.php(331): CodeIgniter\CodeIgniter->handleRequest()
#8 C:\Users\Yusuf Bagus SH\Documents\GitLab\Proyek404\survey\public\index.php(37): CodeIgniter\CodeIgniter->run()
#9 C:\Users\Yusuf Bagus SH\Documents\GitLab\Proyek404\survey\vendor\codeigniter4\framework\system\Commands\Server\rewrite.php(43): require_once('...')
#10 {main}
CRITICAL - 2022-06-25 13:33:04 --> Uncaught ErrorException: Cannot modify header information - headers already sent in C:\Users\Yusuf Bagus SH\Documents\GitLab\Proyek404\survey\vendor\codeigniter4\framework\system\Debug\Exceptions.php:112
Stack trace:
#0 [internal function]: CodeIgniter\Debug\Exceptions->errorHandler()
#1 C:\Users\Yusuf Bagus SH\Documents\GitLab\Proyek404\survey\vendor\codeigniter4\framework\system\Debug\Exceptions.php(112): header()
#2 [internal function]: CodeIgniter\Debug\Exceptions->exceptionHandler()
#3 {main}
  thrown
#0 [internal function]: CodeIgniter\Debug\Exceptions->shutdownHandler()
#1 {main}
CRITICAL - 2022-06-25 13:33:07 --> Cannot modify header information - headers already sent
#0 [internal function]: CodeIgniter\Debug\Exceptions->errorHandler()
#1 C:\Users\Yusuf Bagus SH\Documents\GitLab\Proyek404\survey\vendor\codeigniter4\framework\system\HTTP\ResponseTrait.php(743): setcookie()
#2 C:\Users\Yusuf Bagus SH\Documents\GitLab\Proyek404\survey\vendor\codeigniter4\framework\system\HTTP\ResponseTrait.php(719): CodeIgniter\HTTP\Response->doSetCookie()
#3 C:\Users\Yusuf Bagus SH\Documents\GitLab\Proyek404\survey\vendor\codeigniter4\framework\system\HTTP\ResponseTrait.php(699): CodeIgniter\HTTP\Response->dispatchCookies()
#4 C:\Users\Yusuf Bagus SH\Documents\GitLab\Proyek404\survey\vendor\codeigniter4\framework\system\HTTP\ResponseTrait.php(443): CodeIgniter\HTTP\Response->sendCookies()
#5 C:\Users\Yusuf Bagus SH\Documents\GitLab\Proyek404\survey\vendor\codeigniter4\framework\system\CodeIgniter.php(1003): CodeIgniter\HTTP\Response->send()
#6 C:\Users\Yusuf Bagus SH\Documents\GitLab\Proyek404\survey\vendor\codeigniter4\framework\system\CodeIgniter.php(463): CodeIgniter\CodeIgniter->sendResponse()
#7 C:\Users\Yusuf Bagus SH\Documents\GitLab\Proyek404\survey\vendor\codeigniter4\framework\system\CodeIgniter.php(331): CodeIgniter\CodeIgniter->handleRequest()
#8 C:\Users\Yusuf Bagus SH\Documents\GitLab\Proyek404\survey\public\index.php(37): CodeIgniter\CodeIgniter->run()
#9 C:\Users\Yusuf Bagus SH\Documents\GitLab\Proyek404\survey\vendor\codeigniter4\framework\system\Commands\Server\rewrite.php(43): require_once('...')
#10 {main}
CRITICAL - 2022-06-25 13:33:07 --> Uncaught ErrorException: Cannot modify header information - headers already sent in C:\Users\Yusuf Bagus SH\Documents\GitLab\Proyek404\survey\vendor\codeigniter4\framework\system\Debug\Exceptions.php:112
Stack trace:
#0 [internal function]: CodeIgniter\Debug\Exceptions->errorHandler()
#1 C:\Users\Yusuf Bagus SH\Documents\GitLab\Proyek404\survey\vendor\codeigniter4\framework\system\Debug\Exceptions.php(112): header()
#2 [internal function]: CodeIgniter\Debug\Exceptions->exceptionHandler()
#3 {main}
  thrown
#0 [internal function]: CodeIgniter\Debug\Exceptions->shutdownHandler()
#1 {main}
CRITICAL - 2022-06-25 13:33:17 --> Cannot modify header information - headers already sent
#0 [internal function]: CodeIgniter\Debug\Exceptions->errorHandler()
#1 C:\Users\Yusuf Bagus SH\Documents\GitLab\Proyek404\survey\vendor\codeigniter4\framework\system\HTTP\ResponseTrait.php(743): setcookie()
#2 C:\Users\Yusuf Bagus SH\Documents\GitLab\Proyek404\survey\vendor\codeigniter4\framework\system\HTTP\ResponseTrait.php(719): CodeIgniter\HTTP\Response->doSetCookie()
#3 C:\Users\Yusuf Bagus SH\Documents\GitLab\Proyek404\survey\vendor\codeigniter4\framework\system\HTTP\ResponseTrait.php(699): CodeIgniter\HTTP\Response->dispatchCookies()
#4 C:\Users\Yusuf Bagus SH\Documents\GitLab\Proyek404\survey\vendor\codeigniter4\framework\system\HTTP\ResponseTrait.php(443): CodeIgniter\HTTP\Response->sendCookies()
#5 C:\Users\Yusuf Bagus SH\Documents\GitLab\Proyek404\survey\vendor\codeigniter4\framework\system\CodeIgniter.php(1003): CodeIgniter\HTTP\Response->send()
#6 C:\Users\Yusuf Bagus SH\Documents\GitLab\Proyek404\survey\vendor\codeigniter4\framework\system\CodeIgniter.php(463): CodeIgniter\CodeIgniter->sendResponse()
#7 C:\Users\Yusuf Bagus SH\Documents\GitLab\Proyek404\survey\vendor\codeigniter4\framework\system\CodeIgniter.php(331): CodeIgniter\CodeIgniter->handleRequest()
#8 C:\Users\Yusuf Bagus SH\Documents\GitLab\Proyek404\survey\public\index.php(37): CodeIgniter\CodeIgniter->run()
#9 C:\Users\Yusuf Bagus SH\Documents\GitLab\Proyek404\survey\vendor\codeigniter4\framework\system\Commands\Server\rewrite.php(43): require_once('...')
#10 {main}
CRITICAL - 2022-06-25 13:33:17 --> Uncaught ErrorException: Cannot modify header information - headers already sent in C:\Users\Yusuf Bagus SH\Documents\GitLab\Proyek404\survey\vendor\codeigniter4\framework\system\Debug\Exceptions.php:112
Stack trace:
#0 [internal function]: CodeIgniter\Debug\Exceptions->errorHandler()
#1 C:\Users\Yusuf Bagus SH\Documents\GitLab\Proyek404\survey\vendor\codeigniter4\framework\system\Debug\Exceptions.php(112): header()
#2 [internal function]: CodeIgniter\Debug\Exceptions->exceptionHandler()
#3 {main}
  thrown
#0 [internal function]: CodeIgniter\Debug\Exceptions->shutdownHandler()
#1 {main}
CRITICAL - 2022-06-25 13:33:20 --> Cannot modify header information - headers already sent
#0 [internal function]: CodeIgniter\Debug\Exceptions->errorHandler()
#1 C:\Users\Yusuf Bagus SH\Documents\GitLab\Proyek404\survey\vendor\codeigniter4\framework\system\HTTP\ResponseTrait.php(743): setcookie()
#2 C:\Users\Yusuf Bagus SH\Documents\GitLab\Proyek404\survey\vendor\codeigniter4\framework\system\HTTP\ResponseTrait.php(719): CodeIgniter\HTTP\Response->doSetCookie()
#3 C:\Users\Yusuf Bagus SH\Documents\GitLab\Proyek404\survey\vendor\codeigniter4\framework\system\HTTP\ResponseTrait.php(699): CodeIgniter\HTTP\Response->dispatchCookies()
#4 C:\Users\Yusuf Bagus SH\Documents\GitLab\Proyek404\survey\vendor\codeigniter4\framework\system\HTTP\ResponseTrait.php(443): CodeIgniter\HTTP\Response->sendCookies()
#5 C:\Users\Yusuf Bagus SH\Documents\GitLab\Proyek404\survey\vendor\codeigniter4\framework\system\CodeIgniter.php(1003): CodeIgniter\HTTP\Response->send()
#6 C:\Users\Yusuf Bagus SH\Documents\GitLab\Proyek404\survey\vendor\codeigniter4\framework\system\CodeIgniter.php(463): CodeIgniter\CodeIgniter->sendResponse()
#7 C:\Users\Yusuf Bagus SH\Documents\GitLab\Proyek404\survey\vendor\codeigniter4\framework\system\CodeIgniter.php(331): CodeIgniter\CodeIgniter->handleRequest()
#8 C:\Users\Yusuf Bagus SH\Documents\GitLab\Proyek404\survey\public\index.php(37): CodeIgniter\CodeIgniter->run()
#9 C:\Users\Yusuf Bagus SH\Documents\GitLab\Proyek404\survey\vendor\codeigniter4\framework\system\Commands\Server\rewrite.php(43): require_once('...')
#10 {main}
CRITICAL - 2022-06-25 13:33:20 --> Uncaught ErrorException: Cannot modify header information - headers already sent in C:\Users\Yusuf Bagus SH\Documents\GitLab\Proyek404\survey\vendor\codeigniter4\framework\system\Debug\Exceptions.php:112
Stack trace:
#0 [internal function]: CodeIgniter\Debug\Exceptions->errorHandler()
#1 C:\Users\Yusuf Bagus SH\Documents\GitLab\Proyek404\survey\vendor\codeigniter4\framework\system\Debug\Exceptions.php(112): header()
#2 [internal function]: CodeIgniter\Debug\Exceptions->exceptionHandler()
#3 {main}
  thrown
#0 [internal function]: CodeIgniter\Debug\Exceptions->shutdownHandler()
#1 {main}
CRITICAL - 2022-06-25 13:33:22 --> Cannot modify header information - headers already sent
#0 [internal function]: CodeIgniter\Debug\Exceptions->errorHandler()
#1 C:\Users\Yusuf Bagus SH\Documents\GitLab\Proyek404\survey\vendor\codeigniter4\framework\system\HTTP\ResponseTrait.php(743): setcookie()
#2 C:\Users\Yusuf Bagus SH\Documents\GitLab\Proyek404\survey\vendor\codeigniter4\framework\system\HTTP\ResponseTrait.php(719): CodeIgniter\HTTP\Response->doSetCookie()
#3 C:\Users\Yusuf Bagus SH\Documents\GitLab\Proyek404\survey\vendor\codeigniter4\framework\system\HTTP\ResponseTrait.php(699): CodeIgniter\HTTP\Response->dispatchCookies()
#4 C:\Users\Yusuf Bagus SH\Documents\GitLab\Proyek404\survey\vendor\codeigniter4\framework\system\HTTP\ResponseTrait.php(443): CodeIgniter\HTTP\Response->sendCookies()
#5 C:\Users\Yusuf Bagus SH\Documents\GitLab\Proyek404\survey\vendor\codeigniter4\framework\system\CodeIgniter.php(1003): CodeIgniter\HTTP\Response->send()
#6 C:\Users\Yusuf Bagus SH\Documents\GitLab\Proyek404\survey\vendor\codeigniter4\framework\system\CodeIgniter.php(463): CodeIgniter\CodeIgniter->sendResponse()
#7 C:\Users\Yusuf Bagus SH\Documents\GitLab\Proyek404\survey\vendor\codeigniter4\framework\system\CodeIgniter.php(331): CodeIgniter\CodeIgniter->handleRequest()
#8 C:\Users\Yusuf Bagus SH\Documents\GitLab\Proyek404\survey\public\index.php(37): CodeIgniter\CodeIgniter->run()
#9 C:\Users\Yusuf Bagus SH\Documents\GitLab\Proyek404\survey\vendor\codeigniter4\framework\system\Commands\Server\rewrite.php(43): require_once('...')
#10 {main}
CRITICAL - 2022-06-25 13:33:22 --> Uncaught ErrorException: Cannot modify header information - headers already sent in C:\Users\Yusuf Bagus SH\Documents\GitLab\Proyek404\survey\vendor\codeigniter4\framework\system\Debug\Exceptions.php:112
Stack trace:
#0 [internal function]: CodeIgniter\Debug\Exceptions->errorHandler()
#1 C:\Users\Yusuf Bagus SH\Documents\GitLab\Proyek404\survey\vendor\codeigniter4\framework\system\Debug\Exceptions.php(112): header()
#2 [internal function]: CodeIgniter\Debug\Exceptions->exceptionHandler()
#3 {main}
  thrown
#0 [internal function]: CodeIgniter\Debug\Exceptions->shutdownHandler()
#1 {main}
CRITICAL - 2022-06-25 13:33:28 --> Too few arguments to function App\Controllers\Laporan::laporan(), 0 passed in C:\Users\Yusuf Bagus SH\Documents\GitLab\Proyek404\survey\vendor\codeigniter4\framework\system\CodeIgniter.php on line 837 and at least 1 expected
#0 C:\Users\Yusuf Bagus SH\Documents\GitLab\Proyek404\survey\vendor\codeigniter4\framework\system\CodeIgniter.php(837): App\Controllers\Laporan->laporan()
#1 C:\Users\Yusuf Bagus SH\Documents\GitLab\Proyek404\survey\vendor\codeigniter4\framework\system\CodeIgniter.php(424): CodeIgniter\CodeIgniter->runController()
#2 C:\Users\Yusuf Bagus SH\Documents\GitLab\Proyek404\survey\vendor\codeigniter4\framework\system\CodeIgniter.php(331): CodeIgniter\CodeIgniter->handleRequest()
#3 C:\Users\Yusuf Bagus SH\Documents\GitLab\Proyek404\survey\public\index.php(37): CodeIgniter\CodeIgniter->run()
#4 C:\Users\Yusuf Bagus SH\Documents\GitLab\Proyek404\survey\vendor\codeigniter4\framework\system\Commands\Server\rewrite.php(43): require_once('...')
#5 {main}
CRITICAL - 2022-06-25 13:35:06 --> Too few arguments to function App\Controllers\Laporan::laporan(), 0 passed in C:\Users\Yusuf Bagus SH\Documents\GitLab\Proyek404\survey\vendor\codeigniter4\framework\system\CodeIgniter.php on line 837 and at least 1 expected
#0 C:\Users\Yusuf Bagus SH\Documents\GitLab\Proyek404\survey\vendor\codeigniter4\framework\system\CodeIgniter.php(837): App\Controllers\Laporan->laporan()
#1 C:\Users\Yusuf Bagus SH\Documents\GitLab\Proyek404\survey\vendor\codeigniter4\framework\system\CodeIgniter.php(424): CodeIgniter\CodeIgniter->runController()
#2 C:\Users\Yusuf Bagus SH\Documents\GitLab\Proyek404\survey\vendor\codeigniter4\framework\system\CodeIgniter.php(331): CodeIgniter\CodeIgniter->handleRequest()
#3 C:\Users\Yusuf Bagus SH\Documents\GitLab\Proyek404\survey\public\index.php(37): CodeIgniter\CodeIgniter->run()
#4 C:\Users\Yusuf Bagus SH\Documents\GitLab\Proyek404\survey\vendor\codeigniter4\framework\system\Commands\Server\rewrite.php(43): require_once('...')
#5 {main}
CRITICAL - 2022-06-25 13:40:48 --> Too few arguments to function App\Controllers\Laporan::laporan(), 0 passed in C:\Users\Yusuf Bagus SH\Documents\GitLab\Proyek404\survey\vendor\codeigniter4\framework\system\CodeIgniter.php on line 837 and at least 1 expected
#0 C:\Users\Yusuf Bagus SH\Documents\GitLab\Proyek404\survey\vendor\codeigniter4\framework\system\CodeIgniter.php(837): App\Controllers\Laporan->laporan()
#1 C:\Users\Yusuf Bagus SH\Documents\GitLab\Proyek404\survey\vendor\codeigniter4\framework\system\CodeIgniter.php(424): CodeIgniter\CodeIgniter->runController()
#2 C:\Users\Yusuf Bagus SH\Documents\GitLab\Proyek404\survey\vendor\codeigniter4\framework\system\CodeIgniter.php(331): CodeIgniter\CodeIgniter->handleRequest()
#3 C:\Users\Yusuf Bagus SH\Documents\GitLab\Proyek404\survey\public\index.php(37): CodeIgniter\CodeIgniter->run()
#4 C:\Users\Yusuf Bagus SH\Documents\GitLab\Proyek404\survey\vendor\codeigniter4\framework\system\Commands\Server\rewrite.php(43): require_once('...')
#5 {main}
CRITICAL - 2022-06-25 15:59:25 --> Too few arguments to function App\Controllers\Laporan::laporan(), 0 passed in C:\Users\Yusuf Bagus SH\Documents\GitLab\Proyek404\survey\vendor\codeigniter4\framework\system\CodeIgniter.php on line 837 and at least 1 expected
#0 C:\Users\Yusuf Bagus SH\Documents\GitLab\Proyek404\survey\vendor\codeigniter4\framework\system\CodeIgniter.php(837): App\Controllers\Laporan->laporan()
#1 C:\Users\Yusuf Bagus SH\Documents\GitLab\Proyek404\survey\vendor\codeigniter4\framework\system\CodeIgniter.php(424): CodeIgniter\CodeIgniter->runController()
#2 C:\Users\Yusuf Bagus SH\Documents\GitLab\Proyek404\survey\vendor\codeigniter4\framework\system\CodeIgniter.php(331): CodeIgniter\CodeIgniter->handleRequest()
#3 C:\Users\Yusuf Bagus SH\Documents\GitLab\Proyek404\survey\public\index.php(37): CodeIgniter\CodeIgniter->run()
#4 C:\Users\Yusuf Bagus SH\Documents\GitLab\Proyek404\survey\vendor\codeigniter4\framework\system\Commands\Server\rewrite.php(43): require_once('...')
#5 {main}
CRITICAL - 2022-06-25 16:00:51 --> Too few arguments to function App\Controllers\Laporan::laporan(), 0 passed in C:\Users\Yusuf Bagus SH\Documents\GitLab\Proyek404\survey\vendor\codeigniter4\framework\system\CodeIgniter.php on line 837 and at least 1 expected
#0 C:\Users\Yusuf Bagus SH\Documents\GitLab\Proyek404\survey\vendor\codeigniter4\framework\system\CodeIgniter.php(837): App\Controllers\Laporan->laporan()
#1 C:\Users\Yusuf Bagus SH\Documents\GitLab\Proyek404\survey\vendor\codeigniter4\framework\system\CodeIgniter.php(424): CodeIgniter\CodeIgniter->runController()
#2 C:\Users\Yusuf Bagus SH\Documents\GitLab\Proyek404\survey\vendor\codeigniter4\framework\system\CodeIgniter.php(331): CodeIgniter\CodeIgniter->handleRequest()
#3 C:\Users\Yusuf Bagus SH\Documents\GitLab\Proyek404\survey\public\index.php(37): CodeIgniter\CodeIgniter->run()
#4 C:\Users\Yusuf Bagus SH\Documents\GitLab\Proyek404\survey\vendor\codeigniter4\framework\system\Commands\Server\rewrite.php(43): require_once('...')
#5 {main}
CRITICAL - 2022-06-25 16:02:08 --> Too few arguments to function App\Controllers\Laporan::laporan(), 0 passed in C:\Users\Yusuf Bagus SH\Documents\GitLab\Proyek404\survey\vendor\codeigniter4\framework\system\CodeIgniter.php on line 837 and at least 1 expected
#0 C:\Users\Yusuf Bagus SH\Documents\GitLab\Proyek404\survey\vendor\codeigniter4\framework\system\CodeIgniter.php(837): App\Controllers\Laporan->laporan()
#1 C:\Users\Yusuf Bagus SH\Documents\GitLab\Proyek404\survey\vendor\codeigniter4\framework\system\CodeIgniter.php(424): CodeIgniter\CodeIgniter->runController()
#2 C:\Users\Yusuf Bagus SH\Documents\GitLab\Proyek404\survey\vendor\codeigniter4\framework\system\CodeIgniter.php(331): CodeIgniter\CodeIgniter->handleRequest()
#3 C:\Users\Yusuf Bagus SH\Documents\GitLab\Proyek404\survey\public\index.php(37): CodeIgniter\CodeIgniter->run()
#4 C:\Users\Yusuf Bagus SH\Documents\GitLab\Proyek404\survey\vendor\codeigniter4\framework\system\Commands\Server\rewrite.php(43): require_once('...')
#5 {main}
CRITICAL - 2022-06-25 16:43:57 --> Too few arguments to function App\Controllers\Laporan::laporan(), 0 passed in C:\Users\Yusuf Bagus SH\Documents\GitLab\Proyek404\survey\vendor\codeigniter4\framework\system\CodeIgniter.php on line 837 and at least 1 expected
#0 C:\Users\Yusuf Bagus SH\Documents\GitLab\Proyek404\survey\vendor\codeigniter4\framework\system\CodeIgniter.php(837): App\Controllers\Laporan->laporan()
#1 C:\Users\Yusuf Bagus SH\Documents\GitLab\Proyek404\survey\vendor\codeigniter4\framework\system\CodeIgniter.php(424): CodeIgniter\CodeIgniter->runController()
#2 C:\Users\Yusuf Bagus SH\Documents\GitLab\Proyek404\survey\vendor\codeigniter4\framework\system\CodeIgniter.php(331): CodeIgniter\CodeIgniter->handleRequest()
#3 C:\Users\Yusuf Bagus SH\Documents\GitLab\Proyek404\survey\public\index.php(37): CodeIgniter\CodeIgniter->run()
#4 C:\Users\Yusuf Bagus SH\Documents\GitLab\Proyek404\survey\vendor\codeigniter4\framework\system\Commands\Server\rewrite.php(43): require_once('...')
#5 {main}
CRITICAL - 2022-06-25 16:49:02 --> Too few arguments to function App\Controllers\Laporan::laporan(), 0 passed in C:\Users\Yusuf Bagus SH\Documents\GitLab\Proyek404\survey\vendor\codeigniter4\framework\system\CodeIgniter.php on line 837 and at least 1 expected
#0 C:\Users\Yusuf Bagus SH\Documents\GitLab\Proyek404\survey\vendor\codeigniter4\framework\system\CodeIgniter.php(837): App\Controllers\Laporan->laporan()
#1 C:\Users\Yusuf Bagus SH\Documents\GitLab\Proyek404\survey\vendor\codeigniter4\framework\system\CodeIgniter.php(424): CodeIgniter\CodeIgniter->runController()
#2 C:\Users\Yusuf Bagus SH\Documents\GitLab\Proyek404\survey\vendor\codeigniter4\framework\system\CodeIgniter.php(331): CodeIgniter\CodeIgniter->handleRequest()
#3 C:\Users\Yusuf Bagus SH\Documents\GitLab\Proyek404\survey\public\index.php(37): CodeIgniter\CodeIgniter->run()
#4 C:\Users\Yusuf Bagus SH\Documents\GitLab\Proyek404\survey\vendor\codeigniter4\framework\system\Commands\Server\rewrite.php(43): require_once('...')
#5 {main}
CRITICAL - 2022-06-25 16:52:16 --> Too few arguments to function App\Controllers\Laporan::laporan(), 0 passed in C:\Users\Yusuf Bagus SH\Documents\GitLab\Proyek404\survey\vendor\codeigniter4\framework\system\CodeIgniter.php on line 837 and at least 1 expected
#0 C:\Users\Yusuf Bagus SH\Documents\GitLab\Proyek404\survey\vendor\codeigniter4\framework\system\CodeIgniter.php(837): App\Controllers\Laporan->laporan()
#1 C:\Users\Yusuf Bagus SH\Documents\GitLab\Proyek404\survey\vendor\codeigniter4\framework\system\CodeIgniter.php(424): CodeIgniter\CodeIgniter->runController()
#2 C:\Users\Yusuf Bagus SH\Documents\GitLab\Proyek404\survey\vendor\codeigniter4\framework\system\CodeIgniter.php(331): CodeIgniter\CodeIgniter->handleRequest()
#3 C:\Users\Yusuf Bagus SH\Documents\GitLab\Proyek404\survey\public\index.php(37): CodeIgniter\CodeIgniter->run()
#4 C:\Users\Yusuf Bagus SH\Documents\GitLab\Proyek404\survey\vendor\codeigniter4\framework\system\Commands\Server\rewrite.php(43): require_once('...')
#5 {main}
CRITICAL - 2022-06-25 16:53:51 --> Too few arguments to function App\Controllers\Laporan::laporan(), 0 passed in C:\Users\Yusuf Bagus SH\Documents\GitLab\Proyek404\survey\vendor\codeigniter4\framework\system\CodeIgniter.php on line 837 and at least 1 expected
#0 C:\Users\Yusuf Bagus SH\Documents\GitLab\Proyek404\survey\vendor\codeigniter4\framework\system\CodeIgniter.php(837): App\Controllers\Laporan->laporan()
#1 C:\Users\Yusuf Bagus SH\Documents\GitLab\Proyek404\survey\vendor\codeigniter4\framework\system\CodeIgniter.php(424): CodeIgniter\CodeIgniter->runController()
#2 C:\Users\Yusuf Bagus SH\Documents\GitLab\Proyek404\survey\vendor\codeigniter4\framework\system\CodeIgniter.php(331): CodeIgniter\CodeIgniter->handleRequest()
#3 C:\Users\Yusuf Bagus SH\Documents\GitLab\Proyek404\survey\public\index.php(37): CodeIgniter\CodeIgniter->run()
#4 C:\Users\Yusuf Bagus SH\Documents\GitLab\Proyek404\survey\vendor\codeigniter4\framework\system\Commands\Server\rewrite.php(43): require_once('...')
#5 {main}
CRITICAL - 2022-06-25 16:56:44 --> Too few arguments to function App\Controllers\Laporan::laporan(), 0 passed in C:\Users\Yusuf Bagus SH\Documents\GitLab\Proyek404\survey\vendor\codeigniter4\framework\system\CodeIgniter.php on line 837 and at least 1 expected
#0 C:\Users\Yusuf Bagus SH\Documents\GitLab\Proyek404\survey\vendor\codeigniter4\framework\system\CodeIgniter.php(837): App\Controllers\Laporan->laporan()
#1 C:\Users\Yusuf Bagus SH\Documents\GitLab\Proyek404\survey\vendor\codeigniter4\framework\system\CodeIgniter.php(424): CodeIgniter\CodeIgniter->runController()
#2 C:\Users\Yusuf Bagus SH\Documents\GitLab\Proyek404\survey\vendor\codeigniter4\framework\system\CodeIgniter.php(331): CodeIgniter\CodeIgniter->handleRequest()
#3 C:\Users\Yusuf Bagus SH\Documents\GitLab\Proyek404\survey\public\index.php(37): CodeIgniter\CodeIgniter->run()
#4 C:\Users\Yusuf Bagus SH\Documents\GitLab\Proyek404\survey\vendor\codeigniter4\framework\system\Commands\Server\rewrite.php(43): require_once('...')
#5 {main}
CRITICAL - 2022-06-25 16:58:10 --> Too few arguments to function App\Controllers\Laporan::laporan(), 0 passed in C:\Users\Yusuf Bagus SH\Documents\GitLab\Proyek404\survey\vendor\codeigniter4\framework\system\CodeIgniter.php on line 837 and at least 1 expected
#0 C:\Users\Yusuf Bagus SH\Documents\GitLab\Proyek404\survey\vendor\codeigniter4\framework\system\CodeIgniter.php(837): App\Controllers\Laporan->laporan()
#1 C:\Users\Yusuf Bagus SH\Documents\GitLab\Proyek404\survey\vendor\codeigniter4\framework\system\CodeIgniter.php(424): CodeIgniter\CodeIgniter->runController()
#2 C:\Users\Yusuf Bagus SH\Documents\GitLab\Proyek404\survey\vendor\codeigniter4\framework\system\CodeIgniter.php(331): CodeIgniter\CodeIgniter->handleRequest()
#3 C:\Users\Yusuf Bagus SH\Documents\GitLab\Proyek404\survey\public\index.php(37): CodeIgniter\CodeIgniter->run()
#4 C:\Users\Yusuf Bagus SH\Documents\GitLab\Proyek404\survey\vendor\codeigniter4\framework\system\Commands\Server\rewrite.php(43): require_once('...')
#5 {main}
CRITICAL - 2022-06-25 16:58:49 --> Too few arguments to function App\Controllers\Laporan::laporan(), 0 passed in C:\Users\Yusuf Bagus SH\Documents\GitLab\Proyek404\survey\vendor\codeigniter4\framework\system\CodeIgniter.php on line 837 and at least 1 expected
#0 C:\Users\Yusuf Bagus SH\Documents\GitLab\Proyek404\survey\vendor\codeigniter4\framework\system\CodeIgniter.php(837): App\Controllers\Laporan->laporan()
#1 C:\Users\Yusuf Bagus SH\Documents\GitLab\Proyek404\survey\vendor\codeigniter4\framework\system\CodeIgniter.php(424): CodeIgniter\CodeIgniter->runController()
#2 C:\Users\Yusuf Bagus SH\Documents\GitLab\Proyek404\survey\vendor\codeigniter4\framework\system\CodeIgniter.php(331): CodeIgniter\CodeIgniter->handleRequest()
#3 C:\Users\Yusuf Bagus SH\Documents\GitLab\Proyek404\survey\public\index.php(37): CodeIgniter\CodeIgniter->run()
#4 C:\Users\Yusuf Bagus SH\Documents\GitLab\Proyek404\survey\vendor\codeigniter4\framework\system\Commands\Server\rewrite.php(43): require_once('...')
#5 {main}
CRITICAL - 2022-06-25 17:10:32 --> Too few arguments to function App\Controllers\Laporan::laporan(), 0 passed in C:\Users\Yusuf Bagus SH\Documents\GitLab\Proyek404\survey\vendor\codeigniter4\framework\system\CodeIgniter.php on line 837 and at least 1 expected
#0 C:\Users\Yusuf Bagus SH\Documents\GitLab\Proyek404\survey\vendor\codeigniter4\framework\system\CodeIgniter.php(837): App\Controllers\Laporan->laporan()
#1 C:\Users\Yusuf Bagus SH\Documents\GitLab\Proyek404\survey\vendor\codeigniter4\framework\system\CodeIgniter.php(424): CodeIgniter\CodeIgniter->runController()
#2 C:\Users\Yusuf Bagus SH\Documents\GitLab\Proyek404\survey\vendor\codeigniter4\framework\system\CodeIgniter.php(331): CodeIgniter\CodeIgniter->handleRequest()
#3 C:\Users\Yusuf Bagus SH\Documents\GitLab\Proyek404\survey\public\index.php(37): CodeIgniter\CodeIgniter->run()
#4 C:\Users\Yusuf Bagus SH\Documents\GitLab\Proyek404\survey\vendor\codeigniter4\framework\system\Commands\Server\rewrite.php(43): require_once('...')
#5 {main}
